[2025-05-06T05:09:55.003+0000] {local_task_job_runner.py:123} INFO - ::group::Pre task execution logs
[2025-05-06T05:09:55.033+0000] {taskinstance.py:2612} INFO - Dependencies all met for dep_context=non-requeueable deps ti=<TaskInstance: BuildELT_dbt.dbt_run manual__2025-05-06T05:09:52.563444+00:00 [queued]>
[2025-05-06T05:09:55.045+0000] {taskinstance.py:2612} INFO - Dependencies all met for dep_context=requeueable deps ti=<TaskInstance: BuildELT_dbt.dbt_run manual__2025-05-06T05:09:52.563444+00:00 [queued]>
[2025-05-06T05:09:55.047+0000] {taskinstance.py:2865} INFO - Starting attempt 1 of 1
[2025-05-06T05:09:55.072+0000] {taskinstance.py:2888} INFO - Executing <Task(BashOperator): dbt_run> on 2025-05-06 05:09:52.563444+00:00
[2025-05-06T05:09:55.079+0000] {standard_task_runner.py:72} INFO - Started process 5380 to run task
[2025-05-06T05:09:55.083+0000] {standard_task_runner.py:104} INFO - Running: ['***', 'tasks', 'run', 'BuildELT_dbt', 'dbt_run', 'manual__2025-05-06T05:09:52.563444+00:00', '--job-id', '39', '--raw', '--subdir', 'DAGS_FOLDER/build_elt_with_dbt.py', '--cfg-path', '/tmp/tmpqayzrp22']
[2025-05-06T05:09:55.087+0000] {standard_task_runner.py:105} INFO - Job 39: Subtask dbt_run
[2025-05-06T05:09:55.135+0000] {task_command.py:467} INFO - Running <TaskInstance: BuildELT_dbt.dbt_run manual__2025-05-06T05:09:52.563444+00:00 [running]> on host 4bf74f6ca137
[2025-05-06T05:09:55.285+0000] {taskinstance.py:3131} INFO - Exporting env vars: AIRFLOW_CTX_DAG_OWNER='***' AIRFLOW_CTX_DAG_ID='BuildELT_dbt' AIRFLOW_CTX_TASK_ID='dbt_run' AIRFLOW_CTX_EXECUTION_DATE='2025-05-06T05:09:52.563444+00:00' AIRFLOW_CTX_TRY_NUMBER='1' AIRFLOW_CTX_DAG_RUN_ID='manual__2025-05-06T05:09:52.563444+00:00'
[2025-05-06T05:09:55.290+0000] {taskinstance.py:731} INFO - ::endgroup::
[2025-05-06T05:09:55.387+0000] {subprocess.py:63} INFO - Tmp dir root location: /tmp
[2025-05-06T05:09:55.411+0000] {subprocess.py:75} INFO - Running command: ['/usr/bin/bash', '-c', '/home/***/.local/bin/dbt run --profiles-dir /opt/***/tesla_project --project-dir /opt/***/tesla_project']
[2025-05-06T05:09:55.447+0000] {subprocess.py:86} INFO - Output:
[2025-05-06T05:09:59.147+0000] {subprocess.py:93} INFO - [0m05:09:59  Running with dbt=1.8.7
[2025-05-06T05:10:01.944+0000] {subprocess.py:93} INFO - [0m05:10:01  Registered adapter: snowflake=1.8.1
[2025-05-06T05:10:02.993+0000] {subprocess.py:93} INFO - [0m05:10:02  [[33mWARNING[0m]: Configuration paths exist in your dbt_project.yml file which do not apply to any resources.
[2025-05-06T05:10:02.994+0000] {subprocess.py:93} INFO - There are 1 unused configuration paths:
[2025-05-06T05:10:02.995+0000] {subprocess.py:93} INFO - - models.tesla_project.example
[2025-05-06T05:10:03.198+0000] {subprocess.py:93} INFO - [0m05:10:03  Found 3 models, 1 snapshot, 1 source, 459 macros
[2025-05-06T05:10:03.202+0000] {subprocess.py:93} INFO - [0m05:10:03
[2025-05-06T05:10:08.396+0000] {subprocess.py:93} INFO - [0m05:10:08  Concurrency: 1 threads (target='dev')
[2025-05-06T05:10:08.399+0000] {subprocess.py:93} INFO - [0m05:10:08
[2025-05-06T05:10:08.429+0000] {subprocess.py:93} INFO - [0m05:10:08  1 of 3 START sql table model analytics.input ................................... [RUN]
[2025-05-06T05:10:11.368+0000] {subprocess.py:93} INFO - [0m05:10:11  1 of 3 OK created sql table model analytics.input .............................. [[32mSUCCESS 1[0m in 2.93s]
[2025-05-06T05:10:11.382+0000] {subprocess.py:93} INFO - [0m05:10:11  2 of 3 START sql table model analytics.sentiment_features_final ................ [RUN]
[2025-05-06T05:10:14.474+0000] {subprocess.py:93} INFO - [0m05:10:14  2 of 3 OK created sql table model analytics.sentiment_features_final ........... [[32mSUCCESS 1[0m in 3.08s]
[2025-05-06T05:10:14.489+0000] {subprocess.py:93} INFO - [0m05:10:14  3 of 3 START sql table model analytics.output .................................. [RUN]
[2025-05-06T05:10:19.152+0000] {subprocess.py:93} INFO - [0m05:10:19  3 of 3 OK created sql table model analytics.output ............................. [[32mSUCCESS 1[0m in 4.66s]
[2025-05-06T05:10:19.166+0000] {subprocess.py:93} INFO - [0m05:10:19
[2025-05-06T05:10:19.167+0000] {subprocess.py:93} INFO - [0m05:10:19  Finished running 3 table models in 0 hours 0 minutes and 15.96 seconds (15.96s).
[2025-05-06T05:10:19.250+0000] {subprocess.py:93} INFO - [0m05:10:19
[2025-05-06T05:10:19.252+0000] {subprocess.py:93} INFO - [0m05:10:19  [32mCompleted successfully[0m
[2025-05-06T05:10:19.253+0000] {subprocess.py:93} INFO - [0m05:10:19
[2025-05-06T05:10:19.254+0000] {subprocess.py:93} INFO - [0m05:10:19  Done. PASS=3 WARN=0 ERROR=0 SKIP=0 TOTAL=3
[2025-05-06T05:10:20.363+0000] {subprocess.py:97} INFO - Command exited with return code 0
[2025-05-06T05:10:20.459+0000] {taskinstance.py:340} INFO - ::group::Post task execution logs
[2025-05-06T05:10:20.462+0000] {taskinstance.py:352} INFO - Marking task as SUCCESS. dag_id=BuildELT_dbt, task_id=dbt_run, run_id=manual__2025-05-06T05:09:52.563444+00:00, execution_date=20250506T050952, start_date=20250506T050955, end_date=20250506T051020
[2025-05-06T05:10:20.514+0000] {local_task_job_runner.py:266} INFO - Task exited with return code 0
[2025-05-06T05:10:20.614+0000] {taskinstance.py:3900} INFO - 1 downstream tasks scheduled from follow-on schedule check
[2025-05-06T05:10:20.617+0000] {local_task_job_runner.py:245} INFO - ::endgroup::
