[2025-05-06T03:58:24.134+0000] {local_task_job_runner.py:123} INFO - ::group::Pre task execution logs
[2025-05-06T03:58:24.152+0000] {taskinstance.py:2612} INFO - Dependencies all met for dep_context=non-requeueable deps ti=<TaskInstance: BuildELT_dbt.dbt_snapshot manual__2025-05-06T03:57:53.262913+00:00 [queued]>
[2025-05-06T03:58:24.161+0000] {taskinstance.py:2612} INFO - Dependencies all met for dep_context=requeueable deps ti=<TaskInstance: BuildELT_dbt.dbt_snapshot manual__2025-05-06T03:57:53.262913+00:00 [queued]>
[2025-05-06T03:58:24.163+0000] {taskinstance.py:2865} INFO - Starting attempt 1 of 1
[2025-05-06T03:58:24.186+0000] {taskinstance.py:2888} INFO - Executing <Task(BashOperator): dbt_snapshot> on 2025-05-06 03:57:53.262913+00:00
[2025-05-06T03:58:24.196+0000] {standard_task_runner.py:72} INFO - Started process 3107 to run task
[2025-05-06T03:58:24.200+0000] {standard_task_runner.py:104} INFO - Running: ['***', 'tasks', 'run', 'BuildELT_dbt', 'dbt_snapshot', 'manual__2025-05-06T03:57:53.262913+00:00', '--job-id', '37', '--raw', '--subdir', 'DAGS_FOLDER/build_elt_with_dbt.py', '--cfg-path', '/tmp/tmplipvqp4z']
[2025-05-06T03:58:24.204+0000] {standard_task_runner.py:105} INFO - Job 37: Subtask dbt_snapshot
[2025-05-06T03:58:24.258+0000] {task_command.py:467} INFO - Running <TaskInstance: BuildELT_dbt.dbt_snapshot manual__2025-05-06T03:57:53.262913+00:00 [running]> on host 4bf74f6ca137
[2025-05-06T03:58:24.342+0000] {taskinstance.py:3131} INFO - Exporting env vars: AIRFLOW_CTX_DAG_OWNER='***' AIRFLOW_CTX_DAG_ID='BuildELT_dbt' AIRFLOW_CTX_TASK_ID='dbt_snapshot' AIRFLOW_CTX_EXECUTION_DATE='2025-05-06T03:57:53.262913+00:00' AIRFLOW_CTX_TRY_NUMBER='1' AIRFLOW_CTX_DAG_RUN_ID='manual__2025-05-06T03:57:53.262913+00:00'
[2025-05-06T03:58:24.344+0000] {taskinstance.py:731} INFO - ::endgroup::
[2025-05-06T03:58:24.360+0000] {subprocess.py:63} INFO - Tmp dir root location: /tmp
[2025-05-06T03:58:24.363+0000] {subprocess.py:75} INFO - Running command: ['/usr/bin/bash', '-c', '/home/***/.local/bin/dbt snapshot --profiles-dir /opt/***/tesla_project --project-dir /opt/***/tesla_project']
[2025-05-06T03:58:24.376+0000] {subprocess.py:86} INFO - Output:
[2025-05-06T03:58:26.699+0000] {subprocess.py:93} INFO - [0m03:58:26  Running with dbt=1.8.7
[2025-05-06T03:58:27.837+0000] {subprocess.py:93} INFO - [0m03:58:27  Registered adapter: snowflake=1.8.1
[2025-05-06T03:58:28.268+0000] {subprocess.py:93} INFO - [0m03:58:28  [[33mWARNING[0m]: Configuration paths exist in your dbt_project.yml file which do not apply to any resources.
[2025-05-06T03:58:28.269+0000] {subprocess.py:93} INFO - There are 1 unused configuration paths:
[2025-05-06T03:58:28.270+0000] {subprocess.py:93} INFO - - models.tesla_project.example
[2025-05-06T03:58:28.505+0000] {subprocess.py:93} INFO - [0m03:58:28  Found 3 models, 1 snapshot, 1 source, 459 macros
[2025-05-06T03:58:28.508+0000] {subprocess.py:93} INFO - [0m03:58:28
[2025-05-06T03:58:35.922+0000] {subprocess.py:93} INFO - [0m03:58:35  Concurrency: 1 threads (target='dev')
[2025-05-06T03:58:35.924+0000] {subprocess.py:93} INFO - [0m03:58:35
[2025-05-06T03:58:35.952+0000] {subprocess.py:93} INFO - [0m03:58:35  1 of 1 START snapshot snapshots.final_raw_snapshot ............................. [RUN]
[2025-05-06T03:58:39.551+0000] {subprocess.py:93} INFO - [0m03:58:39  1 of 1 OK snapshotted snapshots.final_raw_snapshot ............................. [[32mSUCCESS 1[0m in 3.59s]
[2025-05-06T03:58:39.567+0000] {subprocess.py:93} INFO - [0m03:58:39
[2025-05-06T03:58:39.569+0000] {subprocess.py:93} INFO - [0m03:58:39  Finished running 1 snapshot in 0 hours 0 minutes and 11.06 seconds (11.06s).
[2025-05-06T03:58:39.720+0000] {subprocess.py:93} INFO - [0m03:58:39
[2025-05-06T03:58:39.722+0000] {subprocess.py:93} INFO - [0m03:58:39  [32mCompleted successfully[0m
[2025-05-06T03:58:39.723+0000] {subprocess.py:93} INFO - [0m03:58:39
[2025-05-06T03:58:39.724+0000] {subprocess.py:93} INFO - [0m03:58:39  Done. PASS=1 WARN=0 ERROR=0 SKIP=0 TOTAL=1
[2025-05-06T03:58:40.575+0000] {subprocess.py:97} INFO - Command exited with return code 0
[2025-05-06T03:58:40.597+0000] {taskinstance.py:340} INFO - ::group::Post task execution logs
[2025-05-06T03:58:40.598+0000] {taskinstance.py:352} INFO - Marking task as SUCCESS. dag_id=BuildELT_dbt, task_id=dbt_snapshot, run_id=manual__2025-05-06T03:57:53.262913+00:00, execution_date=20250506T035753, start_date=20250506T035824, end_date=20250506T035840
[2025-05-06T03:58:40.624+0000] {local_task_job_runner.py:266} INFO - Task exited with return code 0
[2025-05-06T03:58:40.642+0000] {taskinstance.py:3900} INFO - 0 downstream tasks scheduled from follow-on schedule check
[2025-05-06T03:58:40.644+0000] {local_task_job_runner.py:245} INFO - ::endgroup::
