[2025-05-07T02:06:51.878+0000] {local_task_job_runner.py:123} INFO - ::group::Pre task execution logs
[2025-05-07T02:06:51.897+0000] {taskinstance.py:2612} INFO - Dependencies all met for dep_context=non-requeueable deps ti=<TaskInstance: BuildELT_dbt.dbt_snapshot manual__2025-05-07T02:06:13.955079+00:00 [queued]>
[2025-05-07T02:06:51.910+0000] {taskinstance.py:2612} INFO - Dependencies all met for dep_context=requeueable deps ti=<TaskInstance: BuildELT_dbt.dbt_snapshot manual__2025-05-07T02:06:13.955079+00:00 [queued]>
[2025-05-07T02:06:51.911+0000] {taskinstance.py:2865} INFO - Starting attempt 1 of 1
[2025-05-07T02:06:51.930+0000] {taskinstance.py:2888} INFO - Executing <Task(BashOperator): dbt_snapshot> on 2025-05-07 02:06:13.955079+00:00
[2025-05-07T02:06:51.941+0000] {standard_task_runner.py:72} INFO - Started process 3791 to run task
[2025-05-07T02:06:51.946+0000] {standard_task_runner.py:104} INFO - Running: ['***', 'tasks', 'run', 'BuildELT_dbt', 'dbt_snapshot', 'manual__2025-05-07T02:06:13.955079+00:00', '--job-id', '52', '--raw', '--subdir', 'DAGS_FOLDER/build_elt_with_dbt.py', '--cfg-path', '/tmp/tmpwns991hj']
[2025-05-07T02:06:51.950+0000] {standard_task_runner.py:105} INFO - Job 52: Subtask dbt_snapshot
[2025-05-07T02:06:51.998+0000] {task_command.py:467} INFO - Running <TaskInstance: BuildELT_dbt.dbt_snapshot manual__2025-05-07T02:06:13.955079+00:00 [running]> on host 55fd2231a72d
[2025-05-07T02:06:52.098+0000] {taskinstance.py:3131} INFO - Exporting env vars: AIRFLOW_CTX_DAG_OWNER='***' AIRFLOW_CTX_DAG_ID='BuildELT_dbt' AIRFLOW_CTX_TASK_ID='dbt_snapshot' AIRFLOW_CTX_EXECUTION_DATE='2025-05-07T02:06:13.955079+00:00' AIRFLOW_CTX_TRY_NUMBER='1' AIRFLOW_CTX_DAG_RUN_ID='manual__2025-05-07T02:06:13.955079+00:00'
[2025-05-07T02:06:52.099+0000] {taskinstance.py:731} INFO - ::endgroup::
[2025-05-07T02:06:52.113+0000] {subprocess.py:63} INFO - Tmp dir root location: /tmp
[2025-05-07T02:06:52.116+0000] {subprocess.py:75} INFO - Running command: ['/usr/bin/bash', '-c', '/home/***/.local/bin/dbt snapshot --profiles-dir /opt/***/tesla_project --project-dir /opt/***/tesla_project']
[2025-05-07T02:06:52.128+0000] {subprocess.py:86} INFO - Output:
[2025-05-07T02:06:54.613+0000] {subprocess.py:93} INFO - [0m02:06:54  Running with dbt=1.8.7
[2025-05-07T02:06:55.947+0000] {subprocess.py:93} INFO - [0m02:06:55  Registered adapter: snowflake=1.8.1
[2025-05-07T02:06:56.443+0000] {subprocess.py:93} INFO - [0m02:06:56  [[33mWARNING[0m]: Configuration paths exist in your dbt_project.yml file which do not apply to any resources.
[2025-05-07T02:06:56.444+0000] {subprocess.py:93} INFO - There are 1 unused configuration paths:
[2025-05-07T02:06:56.445+0000] {subprocess.py:93} INFO - - models.tesla_project.example
[2025-05-07T02:06:56.721+0000] {subprocess.py:93} INFO - [0m02:06:56  Found 3 models, 1 snapshot, 1 seed, 1 source, 459 macros
[2025-05-07T02:06:56.726+0000] {subprocess.py:93} INFO - [0m02:06:56
[2025-05-07T02:07:00.850+0000] {subprocess.py:93} INFO - [0m02:07:00  Concurrency: 1 threads (target='dev')
[2025-05-07T02:07:00.852+0000] {subprocess.py:93} INFO - [0m02:07:00
[2025-05-07T02:07:00.873+0000] {subprocess.py:93} INFO - [0m02:07:00  1 of 1 START snapshot snapshots.final_raw_snapshot ............................. [RUN]
[2025-05-07T02:07:09.211+0000] {subprocess.py:93} INFO - [0m02:07:09  1 of 1 OK snapshotted snapshots.final_raw_snapshot ............................. [[32mSUCCESS 0[0m in 8.33s]
[2025-05-07T02:07:09.227+0000] {subprocess.py:93} INFO - [0m02:07:09
[2025-05-07T02:07:09.229+0000] {subprocess.py:93} INFO - [0m02:07:09  Finished running 1 snapshot in 0 hours 0 minutes and 12.50 seconds (12.50s).
[2025-05-07T02:07:09.488+0000] {subprocess.py:93} INFO - [0m02:07:09
[2025-05-07T02:07:09.490+0000] {subprocess.py:93} INFO - [0m02:07:09  [32mCompleted successfully[0m
[2025-05-07T02:07:09.492+0000] {subprocess.py:93} INFO - [0m02:07:09
[2025-05-07T02:07:09.495+0000] {subprocess.py:93} INFO - [0m02:07:09  Done. PASS=1 WARN=0 ERROR=0 SKIP=0 TOTAL=1
[2025-05-07T02:07:10.901+0000] {subprocess.py:97} INFO - Command exited with return code 0
[2025-05-07T02:07:10.928+0000] {taskinstance.py:340} INFO - ::group::Post task execution logs
[2025-05-07T02:07:10.930+0000] {taskinstance.py:352} INFO - Marking task as SUCCESS. dag_id=BuildELT_dbt, task_id=dbt_snapshot, run_id=manual__2025-05-07T02:06:13.955079+00:00, execution_date=20250507T020613, start_date=20250507T020651, end_date=20250507T020710
[2025-05-07T02:07:10.971+0000] {local_task_job_runner.py:266} INFO - Task exited with return code 0
[2025-05-07T02:07:10.988+0000] {taskinstance.py:3900} INFO - 0 downstream tasks scheduled from follow-on schedule check
[2025-05-07T02:07:10.992+0000] {local_task_job_runner.py:245} INFO - ::endgroup::
