[2025-05-07T00:44:04.155+0000] {local_task_job_runner.py:123} INFO - ::group::Pre task execution logs
[2025-05-07T00:44:04.171+0000] {taskinstance.py:2612} INFO - Dependencies all met for dep_context=non-requeueable deps ti=<TaskInstance: BuildELT_dbt.dbt_snapshot manual__2025-05-07T00:43:33.279098+00:00 [queued]>
[2025-05-07T00:44:04.180+0000] {taskinstance.py:2612} INFO - Dependencies all met for dep_context=requeueable deps ti=<TaskInstance: BuildELT_dbt.dbt_snapshot manual__2025-05-07T00:43:33.279098+00:00 [queued]>
[2025-05-07T00:44:04.182+0000] {taskinstance.py:2865} INFO - Starting attempt 1 of 1
[2025-05-07T00:44:04.197+0000] {taskinstance.py:2888} INFO - Executing <Task(BashOperator): dbt_snapshot> on 2025-05-07 00:43:33.279098+00:00
[2025-05-07T00:44:04.204+0000] {standard_task_runner.py:72} INFO - Started process 1123 to run task
[2025-05-07T00:44:04.207+0000] {standard_task_runner.py:104} INFO - Running: ['***', 'tasks', 'run', 'BuildELT_dbt', 'dbt_snapshot', 'manual__2025-05-07T00:43:33.279098+00:00', '--job-id', '48', '--raw', '--subdir', 'DAGS_FOLDER/build_elt_with_dbt.py', '--cfg-path', '/tmp/tmpj7ivd8vw']
[2025-05-07T00:44:04.211+0000] {standard_task_runner.py:105} INFO - Job 48: Subtask dbt_snapshot
[2025-05-07T00:44:04.256+0000] {task_command.py:467} INFO - Running <TaskInstance: BuildELT_dbt.dbt_snapshot manual__2025-05-07T00:43:33.279098+00:00 [running]> on host 55fd2231a72d
[2025-05-07T00:44:04.338+0000] {taskinstance.py:3131} INFO - Exporting env vars: AIRFLOW_CTX_DAG_OWNER='***' AIRFLOW_CTX_DAG_ID='BuildELT_dbt' AIRFLOW_CTX_TASK_ID='dbt_snapshot' AIRFLOW_CTX_EXECUTION_DATE='2025-05-07T00:43:33.279098+00:00' AIRFLOW_CTX_TRY_NUMBER='1' AIRFLOW_CTX_DAG_RUN_ID='manual__2025-05-07T00:43:33.279098+00:00'
[2025-05-07T00:44:04.340+0000] {taskinstance.py:731} INFO - ::endgroup::
[2025-05-07T00:44:04.354+0000] {subprocess.py:63} INFO - Tmp dir root location: /tmp
[2025-05-07T00:44:04.356+0000] {subprocess.py:75} INFO - Running command: ['/usr/bin/bash', '-c', '/home/***/.local/bin/dbt snapshot --profiles-dir /opt/***/tesla_project --project-dir /opt/***/tesla_project']
[2025-05-07T00:44:04.367+0000] {subprocess.py:86} INFO - Output:
[2025-05-07T00:44:06.594+0000] {subprocess.py:93} INFO - [0m00:44:06  Running with dbt=1.8.7
[2025-05-07T00:44:07.669+0000] {subprocess.py:93} INFO - [0m00:44:07  Registered adapter: snowflake=1.8.1
[2025-05-07T00:44:08.106+0000] {subprocess.py:93} INFO - [0m00:44:08  [[33mWARNING[0m]: Configuration paths exist in your dbt_project.yml file which do not apply to any resources.
[2025-05-07T00:44:08.107+0000] {subprocess.py:93} INFO - There are 1 unused configuration paths:
[2025-05-07T00:44:08.109+0000] {subprocess.py:93} INFO - - models.tesla_project.example
[2025-05-07T00:44:08.353+0000] {subprocess.py:93} INFO - [0m00:44:08  Found 3 models, 1 snapshot, 1 seed, 1 source, 459 macros
[2025-05-07T00:44:08.357+0000] {subprocess.py:93} INFO - [0m00:44:08
[2025-05-07T00:44:10.597+0000] {subprocess.py:93} INFO - [0m00:44:10  Concurrency: 1 threads (target='dev')
[2025-05-07T00:44:10.598+0000] {subprocess.py:93} INFO - [0m00:44:10
[2025-05-07T00:44:10.611+0000] {subprocess.py:93} INFO - [0m00:44:10  1 of 1 START snapshot snapshots.final_raw_snapshot ............................. [RUN]
[2025-05-07T00:44:18.331+0000] {subprocess.py:93} INFO - [0m00:44:18  1 of 1 OK snapshotted snapshots.final_raw_snapshot ............................. [[32mSUCCESS 0[0m in 7.71s]
[2025-05-07T00:44:18.347+0000] {subprocess.py:93} INFO - [0m00:44:18
[2025-05-07T00:44:18.350+0000] {subprocess.py:93} INFO - [0m00:44:18  Finished running 1 snapshot in 0 hours 0 minutes and 9.99 seconds (9.99s).
[2025-05-07T00:44:18.513+0000] {subprocess.py:93} INFO - [0m00:44:18
[2025-05-07T00:44:18.514+0000] {subprocess.py:93} INFO - [0m00:44:18  [32mCompleted successfully[0m
[2025-05-07T00:44:18.515+0000] {subprocess.py:93} INFO - [0m00:44:18
[2025-05-07T00:44:18.516+0000] {subprocess.py:93} INFO - [0m00:44:18  Done. PASS=1 WARN=0 ERROR=0 SKIP=0 TOTAL=1
[2025-05-07T00:44:19.181+0000] {subprocess.py:97} INFO - Command exited with return code 0
[2025-05-07T00:44:19.206+0000] {taskinstance.py:340} INFO - ::group::Post task execution logs
[2025-05-07T00:44:19.208+0000] {taskinstance.py:352} INFO - Marking task as SUCCESS. dag_id=BuildELT_dbt, task_id=dbt_snapshot, run_id=manual__2025-05-07T00:43:33.279098+00:00, execution_date=20250507T004333, start_date=20250507T004404, end_date=20250507T004419
[2025-05-07T00:44:19.230+0000] {local_task_job_runner.py:266} INFO - Task exited with return code 0
[2025-05-07T00:44:19.244+0000] {taskinstance.py:3900} INFO - 0 downstream tasks scheduled from follow-on schedule check
[2025-05-07T00:44:19.249+0000] {local_task_job_runner.py:245} INFO - ::endgroup::
