[2025-05-03T19:42:38.946+0000] {local_task_job_runner.py:123} INFO - ::group::Pre task execution logs
[2025-05-03T19:42:39.006+0000] {taskinstance.py:2612} INFO - Dependencies all met for dep_context=non-requeueable deps ti=<TaskInstance: tesla_stock_sentiment_final_etl.load_stock_data_to_snowflake scheduled__2025-04-29T02:30:00+00:00 [queued]>
[2025-05-03T19:42:39.156+0000] {taskinstance.py:2612} INFO - Dependencies all met for dep_context=requeueable deps ti=<TaskInstance: tesla_stock_sentiment_final_etl.load_stock_data_to_snowflake scheduled__2025-04-29T02:30:00+00:00 [queued]>
[2025-05-03T19:42:39.157+0000] {taskinstance.py:2865} INFO - Starting attempt 2 of 1
[2025-05-03T19:42:39.205+0000] {taskinstance.py:2888} INFO - Executing <Task(_PythonDecoratedOperator): load_stock_data_to_snowflake> on 2025-04-29 02:30:00+00:00
[2025-05-03T19:42:39.233+0000] {logging_mixin.py:190} WARNING - /home/***/.local/lib/python3.12/site-packages/***/task/task_runner/standard_task_runner.py:70 DeprecationWarning: This process (pid=523) is multi-threaded, use of fork() may lead to deadlocks in the child.
[2025-05-03T19:42:39.262+0000] {standard_task_runner.py:72} INFO - Started process 554 to run task
[2025-05-03T19:42:39.258+0000] {standard_task_runner.py:104} INFO - Running: ['***', 'tasks', 'run', 'tesla_stock_sentiment_final_etl', 'load_stock_data_to_snowflake', 'scheduled__2025-04-29T02:30:00+00:00', '--job-id', '84', '--raw', '--subdir', 'DAGS_FOLDER/tesla_stock_etl.py', '--cfg-path', '/tmp/tmpimxa68s_']
[2025-05-03T19:42:39.328+0000] {standard_task_runner.py:105} INFO - Job 84: Subtask load_stock_data_to_snowflake
[2025-05-03T19:42:39.665+0000] {task_command.py:467} INFO - Running <TaskInstance: tesla_stock_sentiment_final_etl.load_stock_data_to_snowflake scheduled__2025-04-29T02:30:00+00:00 [running]> on host 1ad2eb179316
[2025-05-03T19:42:40.134+0000] {taskinstance.py:3131} INFO - Exporting env vars: AIRFLOW_CTX_DAG_OWNER='***' AIRFLOW_CTX_DAG_ID='tesla_stock_sentiment_final_etl' AIRFLOW_CTX_TASK_ID='load_stock_data_to_snowflake' AIRFLOW_CTX_EXECUTION_DATE='2025-04-29T02:30:00+00:00' AIRFLOW_CTX_TRY_NUMBER='2' AIRFLOW_CTX_DAG_RUN_ID='scheduled__2025-04-29T02:30:00+00:00'
[2025-05-03T19:42:40.142+0000] {taskinstance.py:731} INFO - ::endgroup::
[2025-05-03T19:42:40.359+0000] {base.py:84} INFO - Retrieving connection 'snowflake_conn'
[2025-05-03T19:42:40.419+0000] {connection.py:413} INFO - Snowflake Connector for Python Version: 3.12.1, Python Version: 3.12.5, Platform: Linux-5.15.167.4-microsoft-standard-WSL2-x86_64-with-glibc2.36
[2025-05-03T19:42:40.440+0000] {connection.py:1196} INFO - Connecting to GLOBAL Snowflake domain
[2025-05-03T19:42:40.454+0000] {connection.py:1277} INFO - This connection is in OCSP Fail Open Mode. TLS Certificates would be checked for validity and revocation status. Any other Certificate Revocation related exceptions or OCSP Responder failures would be disregarded in favor of connectivity.
[2025-05-03T19:42:44.188+0000] {cursor.py:1156} INFO - Number of results in first chunk: 1
[2025-05-03T19:42:44.385+0000] {cursor.py:1156} INFO - Number of results in first chunk: 1
[2025-05-03T20:01:15.305+0000] {cursor.py:1156} INFO - Number of results in first chunk: 1
[2025-05-03T20:01:15.398+0000] {logging_mixin.py:190} INFO - ✅ Stock data (via Ticker.history) loaded into dev.raw.tesla_stock_data.
[2025-05-03T20:01:15.442+0000] {python.py:240} INFO - Done. Returned value was: None
[2025-05-03T20:01:15.758+0000] {taskinstance.py:340} INFO - ::group::Post task execution logs
[2025-05-03T20:01:15.764+0000] {taskinstance.py:352} INFO - Marking task as SUCCESS. dag_id=tesla_stock_sentiment_final_etl, task_id=load_stock_data_to_snowflake, run_id=scheduled__2025-04-29T02:30:00+00:00, execution_date=20250429T023000, start_date=20250503T194239, end_date=20250503T200115
[2025-05-03T20:01:15.956+0000] {local_task_job_runner.py:266} INFO - Task exited with return code 0
[2025-05-03T20:01:16.179+0000] {taskinstance.py:3900} INFO - 0 downstream tasks scheduled from follow-on schedule check
[2025-05-03T20:01:16.181+0000] {local_task_job_runner.py:245} INFO - ::endgroup::
