[2025-05-06T05:10:28.947+0000] {local_task_job_runner.py:123} INFO - ::group::Pre task execution logs
[2025-05-06T05:10:28.972+0000] {taskinstance.py:2612} INFO - Dependencies all met for dep_context=non-requeueable deps ti=<TaskInstance: BuildELT_dbt.dbt_snapshot manual__2025-05-06T05:09:52.563444+00:00 [queued]>
[2025-05-06T05:10:28.985+0000] {taskinstance.py:2612} INFO - Dependencies all met for dep_context=requeueable deps ti=<TaskInstance: BuildELT_dbt.dbt_snapshot manual__2025-05-06T05:09:52.563444+00:00 [queued]>
[2025-05-06T05:10:28.988+0000] {taskinstance.py:2865} INFO - Starting attempt 1 of 1
[2025-05-06T05:10:29.008+0000] {taskinstance.py:2888} INFO - Executing <Task(BashOperator): dbt_snapshot> on 2025-05-06 05:09:52.563444+00:00
[2025-05-06T05:10:29.019+0000] {standard_task_runner.py:72} INFO - Started process 5438 to run task
[2025-05-06T05:10:29.023+0000] {standard_task_runner.py:104} INFO - Running: ['***', 'tasks', 'run', 'BuildELT_dbt', 'dbt_snapshot', 'manual__2025-05-06T05:09:52.563444+00:00', '--job-id', '41', '--raw', '--subdir', 'DAGS_FOLDER/build_elt_with_dbt.py', '--cfg-path', '/tmp/tmpry1bwztz']
[2025-05-06T05:10:29.027+0000] {standard_task_runner.py:105} INFO - Job 41: Subtask dbt_snapshot
[2025-05-06T05:10:29.081+0000] {task_command.py:467} INFO - Running <TaskInstance: BuildELT_dbt.dbt_snapshot manual__2025-05-06T05:09:52.563444+00:00 [running]> on host 4bf74f6ca137
[2025-05-06T05:10:29.160+0000] {taskinstance.py:3131} INFO - Exporting env vars: AIRFLOW_CTX_DAG_OWNER='***' AIRFLOW_CTX_DAG_ID='BuildELT_dbt' AIRFLOW_CTX_TASK_ID='dbt_snapshot' AIRFLOW_CTX_EXECUTION_DATE='2025-05-06T05:09:52.563444+00:00' AIRFLOW_CTX_TRY_NUMBER='1' AIRFLOW_CTX_DAG_RUN_ID='manual__2025-05-06T05:09:52.563444+00:00'
[2025-05-06T05:10:29.162+0000] {taskinstance.py:731} INFO - ::endgroup::
[2025-05-06T05:10:29.175+0000] {subprocess.py:63} INFO - Tmp dir root location: /tmp
[2025-05-06T05:10:29.179+0000] {subprocess.py:75} INFO - Running command: ['/usr/bin/bash', '-c', '/home/***/.local/bin/dbt snapshot --profiles-dir /opt/***/tesla_project --project-dir /opt/***/tesla_project']
[2025-05-06T05:10:29.194+0000] {subprocess.py:86} INFO - Output:
[2025-05-06T05:10:31.717+0000] {subprocess.py:93} INFO - [0m05:10:31  Running with dbt=1.8.7
[2025-05-06T05:10:32.972+0000] {subprocess.py:93} INFO - [0m05:10:32  Registered adapter: snowflake=1.8.1
[2025-05-06T05:10:33.461+0000] {subprocess.py:93} INFO - [0m05:10:33  [[33mWARNING[0m]: Configuration paths exist in your dbt_project.yml file which do not apply to any resources.
[2025-05-06T05:10:33.464+0000] {subprocess.py:93} INFO - There are 1 unused configuration paths:
[2025-05-06T05:10:33.465+0000] {subprocess.py:93} INFO - - models.tesla_project.example
[2025-05-06T05:10:33.721+0000] {subprocess.py:93} INFO - [0m05:10:33  Found 3 models, 1 snapshot, 1 source, 459 macros
[2025-05-06T05:10:33.725+0000] {subprocess.py:93} INFO - [0m05:10:33
[2025-05-06T05:10:37.961+0000] {subprocess.py:93} INFO - [0m05:10:37  Concurrency: 1 threads (target='dev')
[2025-05-06T05:10:37.964+0000] {subprocess.py:93} INFO - [0m05:10:37
[2025-05-06T05:10:37.986+0000] {subprocess.py:93} INFO - [0m05:10:37  1 of 1 START snapshot snapshots.final_raw_snapshot ............................. [RUN]
[2025-05-06T05:10:46.930+0000] {subprocess.py:93} INFO - [0m05:10:46  1 of 1 OK snapshotted snapshots.final_raw_snapshot ............................. [[32mSUCCESS 0[0m in 8.94s]
[2025-05-06T05:10:46.936+0000] {subprocess.py:93} INFO - [0m05:10:46
[2025-05-06T05:10:46.938+0000] {subprocess.py:93} INFO - [0m05:10:46  Finished running 1 snapshot in 0 hours 0 minutes and 13.21 seconds (13.21s).
[2025-05-06T05:10:47.122+0000] {subprocess.py:93} INFO - [0m05:10:47
[2025-05-06T05:10:47.124+0000] {subprocess.py:93} INFO - [0m05:10:47  [32mCompleted successfully[0m
[2025-05-06T05:10:47.126+0000] {subprocess.py:93} INFO - [0m05:10:47
[2025-05-06T05:10:47.127+0000] {subprocess.py:93} INFO - [0m05:10:47  Done. PASS=1 WARN=0 ERROR=0 SKIP=0 TOTAL=1
[2025-05-06T05:10:48.627+0000] {subprocess.py:97} INFO - Command exited with return code 0
[2025-05-06T05:10:48.658+0000] {taskinstance.py:340} INFO - ::group::Post task execution logs
[2025-05-06T05:10:48.659+0000] {taskinstance.py:352} INFO - Marking task as SUCCESS. dag_id=BuildELT_dbt, task_id=dbt_snapshot, run_id=manual__2025-05-06T05:09:52.563444+00:00, execution_date=20250506T050952, start_date=20250506T051028, end_date=20250506T051048
[2025-05-06T05:10:48.697+0000] {local_task_job_runner.py:266} INFO - Task exited with return code 0
[2025-05-06T05:10:48.715+0000] {taskinstance.py:3900} INFO - 0 downstream tasks scheduled from follow-on schedule check
[2025-05-06T05:10:48.720+0000] {local_task_job_runner.py:245} INFO - ::endgroup::
