[2025-05-04T22:16:20.313+0000] {local_task_job_runner.py:123} INFO - ::group::Pre task execution logs
[2025-05-04T22:16:20.329+0000] {taskinstance.py:2612} INFO - Dependencies all met for dep_context=non-requeueable deps ti=<TaskInstance: tesla_stock_sentiment_final_etl.load_tweet_data manual__2025-05-04T22:16:16.983564+00:00 [queued]>
[2025-05-04T22:16:20.338+0000] {taskinstance.py:2612} INFO - Dependencies all met for dep_context=requeueable deps ti=<TaskInstance: tesla_stock_sentiment_final_etl.load_tweet_data manual__2025-05-04T22:16:16.983564+00:00 [queued]>
[2025-05-04T22:16:20.340+0000] {taskinstance.py:2865} INFO - Starting attempt 1 of 1
[2025-05-04T22:16:20.354+0000] {taskinstance.py:2888} INFO - Executing <Task(_PythonDecoratedOperator): load_tweet_data> on 2025-05-04 22:16:16.983564+00:00
[2025-05-04T22:16:20.361+0000] {standard_task_runner.py:72} INFO - Started process 5730 to run task
[2025-05-04T22:16:20.365+0000] {standard_task_runner.py:104} INFO - Running: ['***', 'tasks', 'run', 'tesla_stock_sentiment_final_etl', 'load_tweet_data', 'manual__2025-05-04T22:16:16.983564+00:00', '--job-id', '27', '--raw', '--subdir', 'DAGS_FOLDER/tesla_stock_etl.py', '--cfg-path', '/tmp/tmpn9kl6wiy']
[2025-05-04T22:16:20.368+0000] {standard_task_runner.py:105} INFO - Job 27: Subtask load_tweet_data
[2025-05-04T22:16:20.581+0000] {task_command.py:467} INFO - Running <TaskInstance: tesla_stock_sentiment_final_etl.load_tweet_data manual__2025-05-04T22:16:16.983564+00:00 [running]> on host b3f6b00d0a7d
[2025-05-04T22:16:20.655+0000] {taskinstance.py:3131} INFO - Exporting env vars: AIRFLOW_CTX_DAG_OWNER='***' AIRFLOW_CTX_DAG_ID='tesla_stock_sentiment_final_etl' AIRFLOW_CTX_TASK_ID='load_tweet_data' AIRFLOW_CTX_EXECUTION_DATE='2025-05-04T22:16:16.983564+00:00' AIRFLOW_CTX_TRY_NUMBER='1' AIRFLOW_CTX_DAG_RUN_ID='manual__2025-05-04T22:16:16.983564+00:00'
[2025-05-04T22:16:20.657+0000] {taskinstance.py:731} INFO - ::endgroup::
[2025-05-04T22:16:21.164+0000] {logging_mixin.py:190} INFO - df read
[2025-05-04T22:16:21.439+0000] {cursor.py:1156} INFO - Number of results in first chunk: 1
[2025-05-04T22:16:21.762+0000] {cursor.py:1156} INFO - Number of results in first chunk: 1
[2025-05-04T22:16:22.127+0000] {logging_mixin.py:190} INFO - [None, '2023-05-13 05:48:56', None, None]
[2025-05-04T22:16:22.539+0000] {logging_mixin.py:190} INFO - [None, '2023-05-12 05:52:26', None, None]
[2025-05-04T22:16:23.087+0000] {logging_mixin.py:190} INFO - [None, '2023-04-03 22:42:50', None, None]
[2025-05-04T22:16:23.466+0000] {logging_mixin.py:190} INFO - [None, '2023-04-03 21:26:57', None, None]
[2025-05-04T22:16:24.097+0000] {logging_mixin.py:190} INFO - [None, '2023-04-03 21:04:32', None, None]
[2025-05-04T22:16:24.531+0000] {logging_mixin.py:190} INFO - [None, '2023-03-23 21:52:23', None, None]
[2025-05-04T22:16:25.080+0000] {logging_mixin.py:190} INFO - [0.5849, '2023-03-07 17:34:27', None, None]
[2025-05-04T22:16:26.331+0000] {logging_mixin.py:190} INFO - [None, '2023-03-07 17:20:21', None, None]
[2025-05-04T22:16:27.116+0000] {logging_mixin.py:190} INFO - [None, '2023-03-06 03:08:42', None, None]
[2025-05-04T22:16:27.486+0000] {logging_mixin.py:190} INFO - [None, '2023-02-12 23:58:13', None, None]
[2025-05-04T22:16:28.689+0000] {logging_mixin.py:190} INFO - [-0.2732, '2023-02-04 21:44:34', None, None]
[2025-05-04T22:16:29.406+0000] {logging_mixin.py:190} INFO - [None, '2023-06-22 02:20:09', None, None]
[2025-05-04T22:16:30.637+0000] {logging_mixin.py:190} INFO - [-0.128, '2023-06-15 02:00:17', None, None]
[2025-05-04T22:16:31.083+0000] {logging_mixin.py:190} INFO - [None, '2023-06-13 19:35:55', None, None]
[2025-05-04T22:16:31.445+0000] {logging_mixin.py:190} INFO - [None, '2023-06-12 02:46:20', None, None]
[2025-05-04T22:16:32.509+0000] {logging_mixin.py:190} INFO - [0.5859, '2023-06-10 18:37:24', None, None]
[2025-05-04T22:16:32.883+0000] {logging_mixin.py:190} INFO - [None, '2023-06-07 16:37:13', None, None]
[2025-05-04T22:16:33.277+0000] {logging_mixin.py:190} INFO - [None, '2023-06-04 13:37:27', None, None]
[2025-05-04T22:16:34.632+0000] {logging_mixin.py:190} INFO - [None, '2023-06-02 21:16:26', None, None]
[2025-05-04T22:16:35.058+0000] {logging_mixin.py:190} INFO - [None, '2023-06-02 13:24:27', None, None]
[2025-05-04T22:16:35.393+0000] {logging_mixin.py:190} INFO - [None, '2023-05-24 03:44:07', None, None]
[2025-05-04T22:16:35.921+0000] {logging_mixin.py:190} INFO - [None, '2023-05-19 05:53:46', None, None]
[2025-05-04T22:16:36.294+0000] {logging_mixin.py:190} INFO - [None, '2023-05-19 04:34:39', None, None]
[2025-05-04T22:16:36.776+0000] {logging_mixin.py:190} INFO - [0.296, '2023-05-06 03:41:48', None, None]
[2025-05-04T22:16:37.153+0000] {logging_mixin.py:190} INFO - [None, '2023-04-26 05:31:35', None, None]
[2025-05-04T22:16:37.543+0000] {logging_mixin.py:190} INFO - [0.5859, '2023-04-19 20:34:56', None, None]
[2025-05-04T22:16:38.040+0000] {logging_mixin.py:190} INFO - [0.4939, '2023-04-18 22:42:22', None, None]
[2025-05-04T22:16:38.439+0000] {logging_mixin.py:190} INFO - [None, '2023-04-09 07:20:10', None, None]
[2025-05-04T22:16:38.848+0000] {logging_mixin.py:190} INFO - [None, '2023-03-27 18:07:01', None, None]
[2025-05-04T22:16:39.259+0000] {logging_mixin.py:190} INFO - [None, '2023-03-18 02:36:46', None, None]
[2025-05-04T22:16:39.642+0000] {logging_mixin.py:190} INFO - [None, '2023-03-17 08:48:07', None, None]
[2025-05-04T22:16:40.142+0000] {logging_mixin.py:190} INFO - [-0.5106, '2023-02-24 05:46:49', None, None]
[2025-05-04T22:16:40.547+0000] {logging_mixin.py:190} INFO - [None, '2023-02-19 10:02:23', None, None]
[2025-05-04T22:16:40.972+0000] {logging_mixin.py:190} INFO - [0.3612, '2023-02-06 16:06:43', None, None]
[2025-05-04T22:16:41.324+0000] {logging_mixin.py:190} INFO - [0.4939, '2023-02-03 06:37:36', None, None]
[2025-05-04T22:16:41.702+0000] {logging_mixin.py:190} INFO - [None, '2023-01-26 00:23:20', None, None]
[2025-05-04T22:16:42.124+0000] {logging_mixin.py:190} INFO - [0.5859, '2023-01-21 00:22:40', None, None]
[2025-05-04T22:16:43.345+0000] {logging_mixin.py:190} INFO - [0.296, '2023-01-12 14:41:15', None, None]
[2025-05-04T22:16:43.683+0000] {logging_mixin.py:190} INFO - [None, '2023-01-01 20:04:57', None, None]
[2025-05-04T22:16:44.054+0000] {logging_mixin.py:190} INFO - [0.4939, '2023-05-10 03:42:02', 2552, 93]
[2025-05-04T22:16:44.439+0000] {logging_mixin.py:190} INFO - [-0.34, '2023-05-09 16:53:53', 2189, 98]
[2025-05-04T22:16:44.816+0000] {logging_mixin.py:190} INFO - [0.4939, '2023-05-10 03:04:13', 14218, 486]
[2025-05-04T22:16:45.323+0000] {logging_mixin.py:190} INFO - [None, '2023-05-10 01:57:38', 40159, 1707]
[2025-05-04T22:16:45.739+0000] {logging_mixin.py:190} INFO - [None, '2023-05-10 02:04:35', 230863, 17122]
[2025-05-04T22:16:46.103+0000] {logging_mixin.py:190} INFO - [None, '2023-05-09 16:50:16', 39533, 3255]
[2025-05-04T22:16:46.481+0000] {logging_mixin.py:190} INFO - [0.5859, '2023-05-09 15:56:43', 1267, 102]
[2025-05-04T22:16:46.884+0000] {logging_mixin.py:190} INFO - [None, '2023-05-09 16:34:56', 7999, 468]
[2025-05-04T22:16:47.325+0000] {logging_mixin.py:190} INFO - [None, '2023-05-09 16:05:49', 2047, 100]
[2025-05-04T22:16:47.725+0000] {logging_mixin.py:190} INFO - [-0.296, '2023-05-09 16:12:06', 49528, 9811]
[2025-05-04T22:16:48.105+0000] {logging_mixin.py:190} INFO - [0.4404, '2023-05-09 14:33:38', 375, 22]
[2025-05-04T22:16:48.427+0000] {logging_mixin.py:190} INFO - [0.5859, '2023-05-09 15:31:09', 2346, 140]
[2025-05-04T22:16:48.782+0000] {logging_mixin.py:190} INFO - [0.4019, '2023-05-09 06:07:03', 899, 52]
[2025-05-04T22:16:49.186+0000] {logging_mixin.py:190} INFO - [0.4215, '2023-05-09 06:02:30', 2827, 110]
[2025-05-04T22:16:49.569+0000] {logging_mixin.py:190} INFO - [None, '2023-05-09 05:32:07', 1556, 85]
[2025-05-04T22:16:50.043+0000] {logging_mixin.py:190} INFO - [None, '2023-05-09 04:27:13', 1895, 122]
[2025-05-04T22:16:50.453+0000] {logging_mixin.py:190} INFO - [0.7506, '2023-05-09 00:36:33', 2096, 90]
[2025-05-04T22:16:50.774+0000] {logging_mixin.py:190} INFO - [None, '2023-05-08 23:08:39', 5030, 244]
[2025-05-04T22:16:51.117+0000] {logging_mixin.py:190} INFO - [0.4404, '2023-05-08 23:13:19', 6731, 202]
[2025-05-04T22:16:51.421+0000] {logging_mixin.py:190} INFO - [-0.3182, '2023-05-08 23:29:56', 24514, 1817]
[2025-05-04T22:16:51.767+0000] {logging_mixin.py:190} INFO - [0.5859, '2023-05-08 21:52:35', 14943, 797]
[2025-05-04T22:16:52.357+0000] {logging_mixin.py:190} INFO - [None, '2023-05-08 21:18:40', 1863, 81]
[2025-05-04T22:16:52.741+0000] {logging_mixin.py:190} INFO - [None, '2023-05-08 18:07:53', 12404, 758]
[2025-05-04T22:16:53.248+0000] {logging_mixin.py:190} INFO - [None, '2023-05-08 17:41:41', 2131, 94]
[2025-05-04T22:16:53.685+0000] {logging_mixin.py:190} INFO - [0.4019, '2023-05-08 16:25:05', 3684, 139]
[2025-05-04T22:16:54.091+0000] {logging_mixin.py:190} INFO - [0.5859, '2023-05-08 16:24:18', 2477, 150]
[2025-05-04T22:16:54.509+0000] {logging_mixin.py:190} INFO - [None, '2023-05-08 15:38:43', 4245, 273]
[2025-05-04T22:16:54.961+0000] {logging_mixin.py:190} INFO - [0.5859, '2023-05-08 15:38:21', 4699, 401]
[2025-05-04T22:16:55.366+0000] {logging_mixin.py:190} INFO - [None, '2023-05-08 16:24:04', 1599, 75]
[2025-05-04T22:16:55.831+0000] {logging_mixin.py:190} INFO - [0.3818, '2023-05-08 15:35:10', 2394, 104]
[2025-05-04T22:16:56.185+0000] {logging_mixin.py:190} INFO - [0.4939, '2023-05-08 15:32:56', 2649, 107]
[2025-05-04T22:16:56.568+0000] {logging_mixin.py:190} INFO - [0.4939, '2023-05-08 10:43:48', 2707, 106]
[2025-05-04T22:16:56.940+0000] {logging_mixin.py:190} INFO - [0.5859, '2023-05-08 10:55:53', 2201, 118]
[2025-05-04T22:16:57.298+0000] {logging_mixin.py:190} INFO - [0.6486000000000001, '2023-05-07 19:47:16', 2870, 109]
[2025-05-04T22:16:57.692+0000] {logging_mixin.py:190} INFO - [0.296, '2023-05-07 21:00:18', 8370, 170]
[2025-05-04T22:16:58.086+0000] {logging_mixin.py:190} INFO - [0.5859, '2023-05-08 00:19:11', 15690, 1847]
[2025-05-04T22:16:58.465+0000] {logging_mixin.py:190} INFO - [0.5859, '2023-05-07 17:09:49', 9160, 180]
[2025-05-04T22:16:59.162+0000] {logging_mixin.py:190} INFO - [0.5859, '2023-05-07 18:20:45', 3233, 121]
[2025-05-04T22:16:59.541+0000] {logging_mixin.py:190} INFO - [None, '2023-05-07 18:04:53', 33788, 1147]
[2025-05-04T22:16:59.884+0000] {logging_mixin.py:190} INFO - [0.7506, '2023-05-07 10:50:37', 3314, 119]
[2025-05-04T22:17:00.278+0000] {logging_mixin.py:190} INFO - [0.4404, '2023-05-07 16:25:31', 2914, 118]
[2025-05-04T22:17:00.593+0000] {logging_mixin.py:190} INFO - [None, '2023-05-07 10:34:22', 2021, 147]
[2025-05-04T22:17:00.954+0000] {logging_mixin.py:190} INFO - [None, '2023-05-07 09:20:42', 5239, 258]
[2025-05-04T22:17:01.313+0000] {logging_mixin.py:190} INFO - [None, '2023-05-07 08:36:13', 212876, 28892]
[2025-05-04T22:17:01.705+0000] {logging_mixin.py:190} INFO - [None, '2023-05-07 07:42:06', 4615, 314]
[2025-05-04T22:17:02.235+0000] {logging_mixin.py:190} INFO - [0.4939, '2023-05-07 07:28:54', 1510, 78]
[2025-05-04T22:17:02.634+0000] {logging_mixin.py:190} INFO - [None, '2023-05-07 09:22:27', 244545, 38322]
[2025-05-04T22:17:03.376+0000] {logging_mixin.py:190} INFO - [0.4215, '2023-05-07 07:28:28', 5171, 137]
[2025-05-04T22:17:03.771+0000] {logging_mixin.py:190} INFO - [0.4939, '2023-05-07 06:57:14', 958, 53]
[2025-05-04T22:17:04.136+0000] {logging_mixin.py:190} INFO - [0.4939, '2023-05-07 03:17:31', 2008, 78]
[2025-05-04T22:17:04.518+0000] {logging_mixin.py:190} INFO - [None, '2023-05-06 20:37:17', 8271, 212]
[2025-05-04T22:17:04.969+0000] {logging_mixin.py:190} INFO - [0.5859, '2023-05-06 14:46:40', 2040, 94]
[2025-05-04T22:17:05.318+0000] {logging_mixin.py:190} INFO - [None, '2023-05-07 01:53:05', 509205, 40795]
[2025-05-04T22:17:05.689+0000] {logging_mixin.py:190} INFO - [0.5859, '2023-05-06 06:19:33', 15411, 1062]
[2025-05-04T22:17:06.141+0000] {logging_mixin.py:190} INFO - [None, '2023-05-06 13:54:49', 6304, 413]
[2025-05-04T22:17:06.545+0000] {logging_mixin.py:190} INFO - [0.4939, '2023-05-06 04:02:56', 6208, 240]
[2025-05-04T22:17:06.961+0000] {logging_mixin.py:190} INFO - [0.4215, '2023-05-06 03:56:46', 1757, 101]
[2025-05-04T22:17:07.701+0000] {logging_mixin.py:190} INFO - [-0.4767, '2023-05-06 14:24:19', 7173, 312]
[2025-05-04T22:17:08.058+0000] {logging_mixin.py:190} INFO - [0.4215, '2023-05-05 06:40:14', 1928, 90]
[2025-05-04T22:17:08.426+0000] {logging_mixin.py:190} INFO - [None, '2023-05-06 01:53:57', 552426, 35025]
[2025-05-04T22:17:08.846+0000] {logging_mixin.py:190} INFO - [0.8555, '2023-05-05 19:04:54', 4415, 256]
[2025-05-04T22:17:09.201+0000] {logging_mixin.py:190} INFO - [0.2023, '2023-05-05 06:29:44', 6749, 684]
[2025-05-04T22:17:09.570+0000] {logging_mixin.py:190} INFO - [None, '2023-05-05 04:16:08', 3976, 345]
[2025-05-04T22:17:09.949+0000] {logging_mixin.py:190} INFO - [0.4939, '2023-05-05 03:25:08', 7829, 292]
[2025-05-04T22:17:10.384+0000] {logging_mixin.py:190} INFO - [None, '2023-05-05 00:05:37', 7734, 631]
[2025-05-04T22:17:10.795+0000] {logging_mixin.py:190} INFO - [None, '2023-05-04 21:55:50', 3001, 205]
[2025-05-04T22:17:11.200+0000] {logging_mixin.py:190} INFO - [0.7506, '2023-05-05 00:07:32', 19635, 819]
[2025-05-04T22:17:11.745+0000] {logging_mixin.py:190} INFO - [0.5859, '2023-05-04 05:23:39', 2573, 131]
[2025-05-04T22:17:12.067+0000] {logging_mixin.py:190} INFO - [0.5859, '2023-05-04 03:54:47', 9042, 650]
[2025-05-04T22:17:12.474+0000] {logging_mixin.py:190} INFO - [-0.34, '2023-05-04 01:32:17', 42376, 2825]
[2025-05-04T22:17:12.859+0000] {logging_mixin.py:190} INFO - [None, '2023-05-04 03:53:10', 4035, 234]
[2025-05-04T22:17:13.245+0000] {logging_mixin.py:190} INFO - [None, '2023-05-04 02:11:30', 162733, 14121]
[2025-05-04T22:17:13.781+0000] {logging_mixin.py:190} INFO - [0.5859, '2023-05-05 04:47:42', 2879, 132]
[2025-05-04T22:17:14.191+0000] {logging_mixin.py:190} INFO - [None, '2023-05-03 16:01:28', 6345, 938]
[2025-05-04T22:17:14.615+0000] {logging_mixin.py:190} INFO - [None, '2023-05-03 04:08:24', 8395, 266]
[2025-05-04T22:17:15.082+0000] {logging_mixin.py:190} INFO - [None, '2023-05-03 03:51:52', 173472, 22537]
[2025-05-04T22:17:15.518+0000] {logging_mixin.py:190} INFO - [None, '2023-05-02 19:21:19', 20394, 1449]
[2025-05-04T22:17:15.963+0000] {logging_mixin.py:190} INFO - [None, '2023-05-02 19:09:44', 3074, 159]
[2025-05-04T22:17:16.543+0000] {logging_mixin.py:190} INFO - [0.4404, '2023-05-02 06:30:24', 8076, 152]
[2025-05-04T22:17:16.906+0000] {logging_mixin.py:190} INFO - [None, '2023-05-02 06:11:19', 1933, 100]
[2025-05-04T22:17:17.264+0000] {logging_mixin.py:190} INFO - [0.4404, '2023-05-01 17:12:51', 7982, 228]
[2025-05-04T22:17:17.804+0000] {logging_mixin.py:190} INFO - [0.7506, '2023-05-01 02:38:35', 10224, 334]
[2025-05-04T22:17:18.172+0000] {logging_mixin.py:190} INFO - [0.4939, '2023-04-30 20:17:22', 26095, 1042]
[2025-05-04T22:17:18.562+0000] {logging_mixin.py:190} INFO - [None, '2023-05-03 04:16:47', 1569, 97]
[2025-05-04T22:17:18.948+0000] {logging_mixin.py:190} INFO - [None, '2023-04-30 16:19:01', 385076, 28641]
[2025-05-04T22:17:19.298+0000] {logging_mixin.py:190} INFO - [None, '2023-04-30 07:47:05', 121817, 9500]
[2025-05-04T22:17:19.745+0000] {logging_mixin.py:190} INFO - [None, '2023-04-30 05:54:37', 786, 40]
[2025-05-04T22:17:20.130+0000] {logging_mixin.py:190} INFO - [0.5859, '2023-04-30 06:08:29', 3503, 215]
[2025-05-04T22:17:20.835+0000] {logging_mixin.py:190} INFO - [None, '2023-04-30 03:38:22', 8122, 934]
[2025-05-04T22:17:21.215+0000] {logging_mixin.py:190} INFO - [None, '2023-04-29 21:25:35', 1532, 110]
[2025-05-04T22:17:21.573+0000] {logging_mixin.py:190} INFO - [-0.34, '2023-04-29 15:56:56', 1303, 50]
[2025-05-04T22:17:22.030+0000] {logging_mixin.py:190} INFO - [0.4019, '2023-04-29 16:32:23', 1704, 100]
[2025-05-04T22:17:22.390+0000] {logging_mixin.py:190} INFO - [None, '2023-04-29 15:12:40', 2760, 138]
[2025-05-04T22:17:23.752+0000] {logging_mixin.py:190} INFO - [0.4019, '2023-04-29 14:39:44', 2660, 137]
[2025-05-04T22:17:24.140+0000] {logging_mixin.py:190} INFO - [None, '2023-04-29 10:00:39', 1990, 115]
[2025-05-04T22:17:25.258+0000] {logging_mixin.py:190} INFO - [-0.34, '2023-04-29 09:47:21', 2819, 95]
[2025-05-04T22:17:25.660+0000] {logging_mixin.py:190} INFO - [None, '2023-04-29 09:02:32', 25241, 615]
[2025-05-04T22:17:26.565+0000] {logging_mixin.py:190} INFO - [None, '2023-04-29 08:55:10', 4670, 327]
[2025-05-04T22:17:26.977+0000] {logging_mixin.py:190} INFO - [None, '2023-04-29 08:49:27', 1598, 88]
[2025-05-04T22:17:27.606+0000] {logging_mixin.py:190} INFO - [-0.34, '2023-04-29 08:39:44', 3153, 122]
[2025-05-04T22:17:28.008+0000] {logging_mixin.py:190} INFO - [None, '2023-04-29 05:24:18', 12080, 830]
[2025-05-04T22:17:28.496+0000] {logging_mixin.py:190} INFO - [0.2263, '2023-04-29 00:42:04', 2403, 100]
[2025-05-04T22:17:28.875+0000] {logging_mixin.py:190} INFO - [None, '2023-04-29 04:01:21', 9702, 403]
[2025-05-04T22:17:29.248+0000] {logging_mixin.py:190} INFO - [0.5859, '2023-04-28 19:04:39', 42305, 2269]
[2025-05-04T22:17:29.583+0000] {logging_mixin.py:190} INFO - [None, '2023-04-27 06:49:06', 4592, 376]
[2025-05-04T22:17:30.056+0000] {logging_mixin.py:190} INFO - [None, '2023-04-27 06:48:38', 64835, 4731]
[2025-05-04T22:17:31.367+0000] {logging_mixin.py:190} INFO - [-0.2023, '2023-04-27 05:16:34', 3162, 139]
[2025-05-04T22:17:31.776+0000] {logging_mixin.py:190} INFO - [-0.34, '2023-04-27 03:48:12', 2861, 122]
[2025-05-04T22:17:32.208+0000] {logging_mixin.py:190} INFO - [None, '2023-04-26 05:33:36', 6741, 287]
[2025-05-04T22:17:32.538+0000] {logging_mixin.py:190} INFO - [0.5859, '2023-04-25 22:00:48', 2943, 166]
[2025-05-04T22:17:32.949+0000] {logging_mixin.py:190} INFO - [None, '2023-04-26 02:32:49', 30198, 1640]
[2025-05-04T22:17:33.271+0000] {logging_mixin.py:190} INFO - [0.4939, '2023-04-25 19:48:55', 7768, 161]
[2025-05-04T22:17:33.688+0000] {logging_mixin.py:190} INFO - [None, '2023-04-25 13:29:14', 3334, 266]
[2025-05-04T22:17:34.075+0000] {logging_mixin.py:190} INFO - [0.5859, '2023-04-25 19:33:10', 1085, 51]
[2025-05-04T22:17:34.629+0000] {logging_mixin.py:190} INFO - [0.4939, '2023-04-25 13:03:49', 3797, 134]
[2025-05-04T22:17:35.020+0000] {logging_mixin.py:190} INFO - [0.5859, '2023-04-25 12:55:17', 17502, 801]
[2025-05-04T22:17:35.493+0000] {logging_mixin.py:190} INFO - [None, '2023-04-25 06:04:52', 4807, 196]
[2025-05-04T22:17:35.931+0000] {logging_mixin.py:190} INFO - [None, '2023-04-25 04:48:26', 2722, 133]
[2025-05-04T22:17:36.364+0000] {logging_mixin.py:190} INFO - [None, '2023-04-25 01:36:55', 351132, 31418]
[2025-05-04T22:17:36.734+0000] {logging_mixin.py:190} INFO - [None, '2023-04-25 01:31:42', 2017, 80]
[2025-05-04T22:17:37.102+0000] {logging_mixin.py:190} INFO - [0.5707, '2023-04-24 23:04:01', 4866, 178]
[2025-05-04T22:17:37.429+0000] {logging_mixin.py:190} INFO - [0.5859, '2023-04-24 23:02:46', 1673, 93]
[2025-05-04T22:17:37.814+0000] {logging_mixin.py:190} INFO - [0.3612, '2023-04-24 22:30:57', 2422, 98]
[2025-05-04T22:17:38.280+0000] {logging_mixin.py:190} INFO - [0.2023, '2023-04-24 16:14:42', 57310, 3304]
[2025-05-04T22:17:38.697+0000] {logging_mixin.py:190} INFO - [0.4404, '2023-04-24 00:25:45', 4297, 212]
[2025-05-04T22:17:39.195+0000] {logging_mixin.py:190} INFO - [None, '2023-04-23 16:44:50', 32466, 1046]
[2025-05-04T22:17:39.601+0000] {logging_mixin.py:190} INFO - [None, '2023-04-23 08:47:32', 2972, 132]
[2025-05-04T22:17:40.003+0000] {logging_mixin.py:190} INFO - [None, '2023-04-23 13:29:10', 4335, 201]
[2025-05-04T22:17:40.456+0000] {logging_mixin.py:190} INFO - [None, '2023-04-23 05:45:19', 83973, 1761]
[2025-05-04T22:17:41.585+0000] {logging_mixin.py:190} INFO - [0.7506, '2023-04-23 05:41:35', 1886, 90]
[2025-05-04T22:17:41.943+0000] {logging_mixin.py:190} INFO - [None, '2023-04-23 03:58:15', 2735, 154]
[2025-05-04T22:17:42.345+0000] {logging_mixin.py:190} INFO - [0.5859, '2023-04-23 05:36:21', 3146, 134]
[2025-05-04T22:17:43.055+0000] {logging_mixin.py:190} INFO - [None, '2023-04-23 02:22:59', 1588, 89]
[2025-05-04T22:17:43.519+0000] {logging_mixin.py:190} INFO - [None, '2023-04-23 03:30:43', 288957, 16443]
[2025-05-04T22:17:44.174+0000] {logging_mixin.py:190} INFO - [0.4939, '2023-04-23 00:54:11', 1881, 68]
[2025-05-04T22:17:44.534+0000] {logging_mixin.py:190} INFO - [None, '2023-04-23 00:55:27', 183268, 7654]
[2025-05-04T22:17:44.940+0000] {logging_mixin.py:190} INFO - [0.4404, '2023-04-23 15:54:06', 3650, 136]
[2025-05-04T22:17:45.341+0000] {logging_mixin.py:190} INFO - [0.4215, '2023-04-23 00:53:17', 1824, 99]
[2025-05-04T22:17:45.730+0000] {logging_mixin.py:190} INFO - [None, '2023-04-22 22:16:35', 1959, 76]
[2025-05-04T22:17:46.122+0000] {logging_mixin.py:190} INFO - [None, '2023-04-22 21:03:24', 7315, 326]
[2025-05-04T22:17:46.508+0000] {logging_mixin.py:190} INFO - [-0.5859, '2023-04-22 20:03:38', 3356, 148]
[2025-05-04T22:17:46.866+0000] {logging_mixin.py:190} INFO - [0.7506, '2023-04-22 18:32:18', 7532, 276]
[2025-05-04T22:17:47.252+0000] {logging_mixin.py:190} INFO - [None, '2023-04-22 21:48:37', 604789, 51827]
[2025-05-04T22:17:47.624+0000] {logging_mixin.py:190} INFO - [None, '2023-04-22 18:30:59', 1940, 95]
[2025-05-04T22:17:48.144+0000] {logging_mixin.py:190} INFO - [0.4939, '2023-04-22 14:38:10', 1849, 70]
[2025-05-04T22:17:49.306+0000] {logging_mixin.py:190} INFO - [0.4939, '2023-04-22 03:59:41', 3124, 98]
[2025-05-04T22:17:49.686+0000] {logging_mixin.py:190} INFO - [None, '2023-04-22 02:52:15', 5443, 220]
[2025-05-04T22:17:50.048+0000] {logging_mixin.py:190} INFO - [0.4939, '2023-04-22 02:46:48', 4456, 194]
[2025-05-04T22:17:50.468+0000] {logging_mixin.py:190} INFO - [-0.34, '2023-04-22 02:49:37', 20834, 828]
[2025-05-04T22:17:51.568+0000] {logging_mixin.py:190} INFO - [None, '2023-04-22 02:33:08', 5854, 175]
[2025-05-04T22:17:51.946+0000] {logging_mixin.py:190} INFO - [0.4939, '2023-04-22 02:26:06', 3343, 116]
[2025-05-04T22:17:52.321+0000] {logging_mixin.py:190} INFO - [0.296, '2023-04-21 23:37:23', 932, 48]
[2025-05-04T22:17:52.708+0000] {logging_mixin.py:190} INFO - [0.4939, '2023-04-21 23:29:49', 6199, 254]
[2025-05-04T22:17:53.091+0000] {logging_mixin.py:190} INFO - [0.5859, '2023-04-21 23:17:50', 9655, 297]
[2025-05-04T22:17:53.614+0000] {logging_mixin.py:190} INFO - [None, '2023-04-21 23:11:04', 2858, 130]
[2025-05-04T22:17:54.020+0000] {logging_mixin.py:190} INFO - [0.4404, '2023-04-21 23:10:54', 2183, 87]
[2025-05-04T22:17:54.446+0000] {logging_mixin.py:190} INFO - [0.4939, '2023-04-21 22:26:33', 2203, 96]
[2025-05-04T22:17:54.947+0000] {logging_mixin.py:190} INFO - [0.5859, '2023-04-21 22:17:41', 5231, 255]
[2025-05-04T22:17:55.291+0000] {logging_mixin.py:190} INFO - [None, '2023-04-21 22:14:53', 3688, 289]
[2025-05-04T22:17:55.658+0000] {logging_mixin.py:190} INFO - [0.4939, '2023-04-21 04:12:51', 11096, 310]
[2025-05-04T22:17:56.047+0000] {logging_mixin.py:190} INFO - [None, '2023-04-21 22:53:57', 16291, 728]
[2025-05-04T22:17:56.438+0000] {logging_mixin.py:190} INFO - [None, '2023-04-21 01:03:21', 3797, 303]
[2025-05-04T22:17:56.922+0000] {logging_mixin.py:190} INFO - [0.4939, '2023-04-20 22:51:04', 2869, 96]
[2025-05-04T22:17:57.298+0000] {logging_mixin.py:190} INFO - [0.4215, '2023-04-21 01:02:12', 52476, 1738]
[2025-05-04T22:17:57.643+0000] {logging_mixin.py:190} INFO - [None, '2023-04-20 21:52:03', 1228, 68]
[2025-05-04T22:17:58.025+0000] {logging_mixin.py:190} INFO - [None, '2023-04-20 21:50:47', 8569, 502]
[2025-05-04T22:17:58.342+0000] {logging_mixin.py:190} INFO - [0.2023, '2023-04-20 04:48:00', 23090, 921]
[2025-05-04T22:17:58.697+0000] {logging_mixin.py:190} INFO - [None, '2023-04-20 14:09:14', 788929, 68152]
[2025-05-04T22:17:59.088+0000] {logging_mixin.py:190} INFO - [None, '2023-04-20 00:22:39', 61573, 2077]
[2025-05-04T22:17:59.503+0000] {logging_mixin.py:190} INFO - [-0.3182, '2023-04-20 00:04:41', 14355, 1095]
[2025-05-04T22:18:00.514+0000] {logging_mixin.py:190} INFO - [None, '2023-04-19 20:48:39', 1439, 97]
[2025-05-04T22:18:00.962+0000] {logging_mixin.py:190} INFO - [0.4939, '2023-04-19 14:19:14', 1721, 49]
[2025-05-04T22:18:01.337+0000] {logging_mixin.py:190} INFO - [0.5859, '2023-04-19 14:13:32', 1504, 102]
[2025-05-04T22:18:01.756+0000] {logging_mixin.py:190} INFO - [None, '2023-04-19 14:11:11', 23559, 1242]
[2025-05-04T22:18:02.743+0000] {logging_mixin.py:190} INFO - [0.7506, '2023-04-19 14:03:10', 20213, 669]
[2025-05-04T22:18:03.112+0000] {logging_mixin.py:190} INFO - [None, '2023-04-19 03:12:23', 7356, 290]
[2025-05-04T22:18:03.550+0000] {logging_mixin.py:190} INFO - [None, '2023-04-19 03:02:51', 948, 52]
[2025-05-04T22:18:03.904+0000] {logging_mixin.py:190} INFO - [None, '2023-04-18 22:32:49', 9768, 436]
[2025-05-04T22:18:04.248+0000] {logging_mixin.py:190} INFO - [None, '2023-04-18 18:45:09', 8929, 433]
[2025-05-04T22:18:04.630+0000] {logging_mixin.py:190} INFO - [None, '2023-04-18 22:31:03', 10941, 1049]
[2025-05-04T22:18:05.773+0000] {logging_mixin.py:190} INFO - [None, '2023-04-18 22:24:41', 52060, 4028]
[2025-05-04T22:18:06.804+0000] {logging_mixin.py:190} INFO - [None, '2023-04-18 15:22:22', 53097, 1891]
[2025-05-04T22:18:07.696+0000] {logging_mixin.py:190} INFO - [-0.5859, '2023-04-18 06:53:10', 34691, 1004]
[2025-05-04T22:18:08.157+0000] {logging_mixin.py:190} INFO - [None, '2023-04-18 05:35:54', 43243, 3940]
[2025-05-04T22:18:08.547+0000] {logging_mixin.py:190} INFO - [0.4939, '2023-04-18 06:29:19', 10757, 416]
[2025-05-04T22:18:08.965+0000] {logging_mixin.py:190} INFO - [-0.5859, '2023-04-18 04:47:37', 20186, 615]
[2025-05-04T22:18:09.442+0000] {logging_mixin.py:190} INFO - [0.4939, '2023-04-18 04:44:41', 3977, 172]
[2025-05-04T22:18:09.843+0000] {logging_mixin.py:190} INFO - [None, '2023-04-18 03:35:48', 28233, 1815]
[2025-05-04T22:18:10.311+0000] {logging_mixin.py:190} INFO - [None, '2023-04-18 03:10:54', 3731, 92]
[2025-05-04T22:18:10.675+0000] {logging_mixin.py:190} INFO - [None, '2023-04-18 02:02:17', 1619, 62]
[2025-05-04T22:18:11.108+0000] {logging_mixin.py:190} INFO - [None, '2023-04-18 02:35:58', 9897, 411]
[2025-05-04T22:18:11.558+0000] {logging_mixin.py:190} INFO - [0.4019, '2023-04-17 01:30:34', 9166, 426]
[2025-05-04T22:18:12.061+0000] {logging_mixin.py:190} INFO - [0.7506, '2023-04-16 15:52:58', 2843, 90]
[2025-05-04T22:18:12.557+0000] {logging_mixin.py:190} INFO - [None, '2023-04-16 16:32:01', 23893, 1939]
[2025-05-04T22:18:12.974+0000] {logging_mixin.py:190} INFO - [0.4939, '2023-04-16 12:48:52', 854, 56]
[2025-05-04T22:18:13.858+0000] {logging_mixin.py:190} INFO - [0.4019, '2023-04-15 21:38:44', 1935, 66]
[2025-05-04T22:18:14.275+0000] {logging_mixin.py:190} INFO - [0.4019, '2023-04-16 14:10:43', 6162, 295]
[2025-05-04T22:18:14.691+0000] {logging_mixin.py:190} INFO - [None, '2023-04-15 20:42:55', 106036, 8257]
[2025-05-04T22:18:15.737+0000] {logging_mixin.py:190} INFO - [0.7506, '2023-04-15 20:30:56', 5305, 205]
[2025-05-04T22:18:16.189+0000] {logging_mixin.py:190} INFO - [None, '2023-04-15 18:11:53', 5038, 353]
[2025-05-04T22:18:16.524+0000] {logging_mixin.py:190} INFO - [None, '2023-04-15 20:18:00', 35786, 2781]
[2025-05-04T22:18:16.938+0000] {logging_mixin.py:190} INFO - [0.5859, '2023-04-15 16:53:07', 7513, 425]
[2025-05-04T22:18:17.326+0000] {logging_mixin.py:190} INFO - [None, '2023-04-15 16:49:38', 28294, 1227]
[2025-05-04T22:18:17.806+0000] {logging_mixin.py:190} INFO - [-0.34, '2023-04-15 16:48:57', 6164, 311]
[2025-05-04T22:18:18.531+0000] {logging_mixin.py:190} INFO - [-0.5859, '2023-04-15 16:29:16', 12999, 319]
[2025-05-04T22:18:18.889+0000] {logging_mixin.py:190} INFO - [None, '2023-04-15 06:27:18', 4677, 238]
[2025-05-04T22:18:19.350+0000] {logging_mixin.py:190} INFO - [-0.5859, '2023-04-15 06:13:43', 29741, 1071]
[2025-05-04T22:18:19.752+0000] {logging_mixin.py:190} INFO - [0.4939, '2023-04-15 05:18:13', 44826, 1138]
[2025-05-04T22:18:20.140+0000] {logging_mixin.py:190} INFO - [0.4939, '2023-04-15 21:43:39', 20114, 592]
[2025-05-04T22:18:20.541+0000] {logging_mixin.py:190} INFO - [0.2263, '2023-04-15 01:55:47', 2761, 111]
[2025-05-04T22:18:20.944+0000] {logging_mixin.py:190} INFO - [0.6239, '2023-04-15 04:41:35', 27884, 1713]
[2025-05-04T22:18:21.298+0000] {logging_mixin.py:190} INFO - [0.4404, '2023-04-15 01:44:37', 42518, 1767]
[2025-05-04T22:18:21.684+0000] {logging_mixin.py:190} INFO - [None, '2023-04-15 00:01:43', 5667, 241]
[2025-05-04T22:18:22.095+0000] {logging_mixin.py:190} INFO - [None, '2023-04-15 00:06:27', 238056, 16340]
[2025-05-04T22:18:22.521+0000] {logging_mixin.py:190} INFO - [0.7506, '2023-04-14 21:38:28', 8790, 374]
[2025-05-04T22:18:22.899+0000] {logging_mixin.py:190} INFO - [0.4939, '2023-04-14 20:46:22', 3370, 97]
[2025-05-04T22:18:23.462+0000] {logging_mixin.py:190} INFO - [0.4215, '2023-04-14 19:39:18', 21124, 663]
[2025-05-04T22:18:23.807+0000] {logging_mixin.py:190} INFO - [-0.34, '2023-04-14 19:09:04', 4194, 189]
[2025-05-04T22:18:24.213+0000] {logging_mixin.py:190} INFO - [0.4939, '2023-04-14 19:02:39', 6443, 219]
[2025-05-04T22:18:24.587+0000] {logging_mixin.py:190} INFO - [0.4939, '2023-04-14 18:34:42', 22265, 780]
[2025-05-04T22:18:24.934+0000] {logging_mixin.py:190} INFO - [0.5859, '2023-04-14 17:54:16', 9488, 352]
[2025-05-04T22:18:25.509+0000] {logging_mixin.py:190} INFO - [None, '2023-04-14 11:15:55', 520849, 39146]
[2025-05-04T22:18:25.955+0000] {logging_mixin.py:190} INFO - [None, '2023-04-14 08:29:25', 17680, 762]
[2025-05-04T22:18:26.406+0000] {logging_mixin.py:190} INFO - [0.4019, '2023-04-14 08:25:26', 959, 46]
[2025-05-04T22:18:26.850+0000] {logging_mixin.py:190} INFO - [None, '2023-04-14 07:21:14', 996, 43]
[2025-05-04T22:18:27.212+0000] {logging_mixin.py:190} INFO - [0.4939, '2023-04-14 07:17:45', 7469, 302]
[2025-05-04T22:18:27.552+0000] {logging_mixin.py:190} INFO - [None, '2023-04-14 06:33:14', 19671, 596]
[2025-05-04T22:18:27.942+0000] {logging_mixin.py:190} INFO - [None, '2023-04-14 06:32:32', 3604, 146]
[2025-05-04T22:18:28.339+0000] {logging_mixin.py:190} INFO - [None, '2023-04-14 06:03:49', 6117, 291]
[2025-05-04T22:18:28.808+0000] {logging_mixin.py:190} INFO - [None, '2023-04-14 01:49:35', 69863, 2272]
[2025-05-04T22:18:29.155+0000] {logging_mixin.py:190} INFO - [None, '2023-04-14 00:08:28', 7583, 322]
[2025-05-04T22:18:29.641+0000] {logging_mixin.py:190} INFO - [0.6239, '2023-04-13 19:44:30', 20115, 1987]
[2025-05-04T22:18:30.063+0000] {logging_mixin.py:190} INFO - [0.4404, '2023-04-14 00:03:27', 18387, 1009]
[2025-05-04T22:18:30.606+0000] {logging_mixin.py:190} INFO - [0.4939, '2023-04-13 17:30:15', 1803, 77]
[2025-05-04T22:18:30.978+0000] {logging_mixin.py:190} INFO - [-0.296, '2023-04-13 17:31:17', 1992, 90]
[2025-05-04T22:18:31.328+0000] {logging_mixin.py:190} INFO - [None, '2023-04-13 17:22:55', 3420, 177]
[2025-05-04T22:18:31.711+0000] {logging_mixin.py:190} INFO - [0.4939, '2023-04-13 13:37:05', 30873, 1344]
[2025-05-04T22:18:32.253+0000] {logging_mixin.py:190} INFO - [0.4939, '2023-04-13 13:39:32', 2251, 110]
[2025-05-04T22:18:32.655+0000] {logging_mixin.py:190} INFO - [-0.34, '2023-04-13 16:55:57', 4899, 188]
[2025-05-04T22:18:33.076+0000] {logging_mixin.py:190} INFO - [None, '2023-04-13 13:13:50', 901, 70]
[2025-05-04T22:18:33.497+0000] {logging_mixin.py:190} INFO - [0.4939, '2023-04-13 04:04:37', 10619, 391]
[2025-05-04T22:18:33.996+0000] {logging_mixin.py:190} INFO - [None, '2023-04-13 04:24:17', 14385, 832]
[2025-05-04T22:18:34.414+0000] {logging_mixin.py:190} INFO - [None, '2023-04-13 04:04:51', 1398, 55]
[2025-05-04T22:18:34.816+0000] {logging_mixin.py:190} INFO - [0.4939, '2023-04-13 02:55:08', 612, 30]
[2025-05-04T22:18:35.279+0000] {logging_mixin.py:190} INFO - [0.4215, '2023-04-13 01:22:52', 2936, 122]
[2025-05-04T22:18:36.532+0000] {logging_mixin.py:190} INFO - [None, '2023-04-13 01:24:10', 2941, 154]
[2025-05-04T22:18:36.871+0000] {logging_mixin.py:190} INFO - [None, '2023-04-13 13:02:22', 20038, 1149]
[2025-05-04T22:18:37.214+0000] {logging_mixin.py:190} INFO - [None, '2023-04-13 00:41:14', 7960, 426]
[2025-05-04T22:18:37.634+0000] {logging_mixin.py:190} INFO - [0.4939, '2023-04-12 22:02:55', 9186, 360]
[2025-05-04T22:18:38.395+0000] {logging_mixin.py:190} INFO - [0.7506, '2023-04-12 21:12:50', 1853, 69]
[2025-05-04T22:18:38.836+0000] {logging_mixin.py:190} INFO - [0.5859, '2023-04-12 21:21:02', 3624, 208]
[2025-05-04T22:18:39.424+0000] {logging_mixin.py:190} INFO - [0.7506, '2023-04-12 19:07:08', 108462, 10198]
[2025-05-04T22:18:39.807+0000] {logging_mixin.py:190} INFO - [None, '2023-04-12 18:53:35', 149040, 12208]
[2025-05-04T22:18:40.204+0000] {logging_mixin.py:190} INFO - [0.6908000000000001, '2023-04-12 18:05:09', 15225, 727]
[2025-05-04T22:18:40.640+0000] {logging_mixin.py:190} INFO - [None, '2023-04-12 17:14:40', 16952, 637]
[2025-05-04T22:18:41.023+0000] {logging_mixin.py:190} INFO - [0.7506, '2023-04-12 17:10:45', 17155, 659]
[2025-05-04T22:18:41.544+0000] {logging_mixin.py:190} INFO - [None, '2023-04-12 16:53:51', 2578, 150]
[2025-05-04T22:18:42.401+0000] {logging_mixin.py:190} INFO - [0.4939, '2023-04-12 06:57:17', 6565, 290]
[2025-05-04T22:18:42.783+0000] {logging_mixin.py:190} INFO - [-0.5859, '2023-04-12 08:06:29', 70300, 2650]
[2025-05-04T22:18:43.626+0000] {logging_mixin.py:190} INFO - [0.4404, '2023-04-12 02:17:17', 4354, 207]
[2025-05-04T22:18:44.110+0000] {logging_mixin.py:190} INFO - [0.4939, '2023-04-11 19:06:19', 5992, 229]
[2025-05-04T22:18:44.456+0000] {logging_mixin.py:190} INFO - [None, '2023-04-11 07:03:45', 173151, 15497]
[2025-05-04T22:18:44.882+0000] {logging_mixin.py:190} INFO - [None, '2023-04-10 15:52:03', 220664, 22559]
[2025-05-04T22:18:45.245+0000] {logging_mixin.py:190} INFO - [None, '2023-04-11 06:19:55', 27077, 871]
[2025-05-04T22:18:46.660+0000] {logging_mixin.py:190} INFO - [0.7506, '2023-04-10 22:15:38', 25126, 525]
[2025-05-04T22:18:47.032+0000] {logging_mixin.py:190} INFO - [None, '2023-04-10 04:24:09', 4925, 203]
[2025-05-04T22:18:47.402+0000] {logging_mixin.py:190} INFO - [0.4939, '2023-04-10 02:29:19', 4620, 193]
[2025-05-04T22:18:47.868+0000] {logging_mixin.py:190} INFO - [0.4215, '2023-04-10 01:42:09', 5023, 178]
[2025-05-04T22:18:48.255+0000] {logging_mixin.py:190} INFO - [0.4939, '2023-04-10 00:03:22', 3296, 171]
[2025-05-04T22:18:48.675+0000] {logging_mixin.py:190} INFO - [0.4939, '2023-04-09 21:50:03', 1653, 70]
[2025-05-04T22:18:49.065+0000] {logging_mixin.py:190} INFO - [0.4939, '2023-04-09 21:08:13', 812, 34]
[2025-05-04T22:18:49.527+0000] {logging_mixin.py:190} INFO - [None, '2023-04-09 07:00:59', 2726, 138]
[2025-05-04T22:18:49.884+0000] {logging_mixin.py:190} INFO - [0.4939, '2023-04-09 05:48:12', 13371, 231]
[2025-05-04T22:18:50.312+0000] {logging_mixin.py:190} INFO - [None, '2023-04-09 05:15:30', 131995, 10042]
[2025-05-04T22:18:50.661+0000] {logging_mixin.py:190} INFO - [None, '2023-04-09 02:36:11', 2844, 115]
[2025-05-04T22:18:51.036+0000] {logging_mixin.py:190} INFO - [None, '2023-04-09 03:05:10', 4952, 185]
[2025-05-04T22:18:51.444+0000] {logging_mixin.py:190} INFO - [0.4939, '2023-04-09 00:20:16', 3946, 162]
[2025-05-04T22:18:52.332+0000] {logging_mixin.py:190} INFO - [0.5859, '2023-04-09 00:16:27', 11854, 1188]
[2025-05-04T22:18:52.674+0000] {logging_mixin.py:190} INFO - [0.4404, '2023-04-08 18:09:09', 2615, 125]
[2025-05-04T22:18:53.155+0000] {logging_mixin.py:190} INFO - [None, '2023-04-08 17:54:26', 7422, 447]
[2025-05-04T22:18:53.584+0000] {logging_mixin.py:190} INFO - [None, '2023-04-08 11:00:04', 228452, 18286]
[2025-05-04T22:18:53.983+0000] {logging_mixin.py:190} INFO - [None, '2023-04-08 09:14:42', 8437, 316]
[2025-05-04T22:18:54.447+0000] {logging_mixin.py:190} INFO - [0.4939, '2023-04-08 09:15:02', 8336, 180]
[2025-05-04T22:18:54.809+0000] {logging_mixin.py:190} INFO - [None, '2023-04-08 09:17:07', 175281, 14177]
[2025-05-04T22:18:55.197+0000] {logging_mixin.py:190} INFO - [0.1027, '2023-04-08 09:07:04', 4989, 274]
[2025-05-04T22:18:55.678+0000] {logging_mixin.py:190} INFO - [None, '2023-04-08 09:00:52', 34588, 1992]
[2025-05-04T22:18:56.108+0000] {logging_mixin.py:190} INFO - [None, '2023-04-07 19:29:43', 7736, 378]
[2025-05-04T22:18:56.453+0000] {logging_mixin.py:190} INFO - [None, '2023-04-08 01:22:59', 25995, 1431]
[2025-05-04T22:18:56.881+0000] {logging_mixin.py:190} INFO - [0.296, '2023-04-07 18:30:38', 1213, 42]
[2025-05-04T22:18:57.322+0000] {logging_mixin.py:190} INFO - [None, '2023-04-07 18:01:06', 82747, 8023]
[2025-05-04T22:18:57.692+0000] {logging_mixin.py:190} INFO - [0.4939, '2023-04-07 17:54:34', 2220, 87]
[2025-05-04T22:18:58.080+0000] {logging_mixin.py:190} INFO - [-0.5859, '2023-04-07 05:39:28', 1371, 65]
[2025-05-04T22:18:58.398+0000] {logging_mixin.py:190} INFO - [0.5859, '2023-04-07 17:24:55', 12994, 938]
[2025-05-04T22:18:58.778+0000] {logging_mixin.py:190} INFO - [None, '2023-04-07 04:01:53', 18742, 1213]
[2025-05-04T22:18:59.140+0000] {logging_mixin.py:190} INFO - [None, '2023-04-07 03:35:38', 5021, 180]
[2025-05-04T22:18:59.462+0000] {logging_mixin.py:190} INFO - [None, '2023-04-07 04:14:11', 30566, 1507]
[2025-05-04T22:18:59.871+0000] {logging_mixin.py:190} INFO - [0.4939, '2023-04-06 22:24:29', 93989, 1753]
[2025-05-04T22:19:00.208+0000] {logging_mixin.py:190} INFO - [None, '2023-04-06 22:24:18', 29674, 1718]
[2025-05-04T22:19:00.631+0000] {logging_mixin.py:190} INFO - [None, '2023-04-06 22:05:39', 8182, 536]
[2025-05-04T22:19:01.002+0000] {logging_mixin.py:190} INFO - [None, '2023-04-06 21:47:41', 934, 41]
[2025-05-04T22:19:01.496+0000] {logging_mixin.py:190} INFO - [None, '2023-04-06 19:22:26', 10975, 443]
[2025-05-04T22:19:02.674+0000] {logging_mixin.py:190} INFO - [None, '2023-04-06 18:00:52', 1630, 97]
[2025-05-04T22:19:03.090+0000] {logging_mixin.py:190} INFO - [None, '2023-04-06 10:13:55', 6743, 433]
[2025-05-04T22:19:03.519+0000] {logging_mixin.py:190} INFO - [0.4939, '2023-04-06 17:57:46', 1017, 35]
[2025-05-04T22:19:03.885+0000] {logging_mixin.py:190} INFO - [None, '2023-04-06 04:23:13', 8274, 391]
[2025-05-04T22:19:04.396+0000] {logging_mixin.py:190} INFO - [0.4939, '2023-04-05 09:47:23', 27215, 1169]
[2025-05-04T22:19:04.761+0000] {logging_mixin.py:190} INFO - [0.4939, '2023-04-05 07:06:36', 4650, 122]
[2025-05-04T22:19:05.151+0000] {logging_mixin.py:190} INFO - [None, '2023-04-05 09:02:52', 9186, 450]
[2025-05-04T22:19:05.982+0000] {logging_mixin.py:190} INFO - [0.4215, '2023-04-05 06:56:58', 834, 49]
[2025-05-04T22:19:06.386+0000] {logging_mixin.py:190} INFO - [0.4939, '2023-04-04 19:58:32', 1649, 49]
[2025-05-04T22:19:06.764+0000] {logging_mixin.py:190} INFO - [None, '2023-04-04 19:38:44', 5131, 295]
[2025-05-04T22:19:07.170+0000] {logging_mixin.py:190} INFO - [0.4939, '2023-04-04 19:13:20', 12292, 432]
[2025-05-04T22:19:07.485+0000] {logging_mixin.py:190} INFO - [0.4939, '2023-04-03 22:28:52', 1520, 63]
[2025-05-04T22:19:07.965+0000] {logging_mixin.py:190} INFO - [0.7506, '2023-04-04 19:34:52', 30178, 1405]
[2025-05-04T22:19:08.411+0000] {logging_mixin.py:190} INFO - [None, '2023-04-04 06:12:59', 7130, 415]
[2025-05-04T22:19:08.816+0000] {logging_mixin.py:190} INFO - [0.4939, '2023-04-03 22:23:35', 1265, 48]
[2025-05-04T22:19:09.206+0000] {logging_mixin.py:190} INFO - [0.4019, '2023-04-03 20:58:14', 1047, 45]
[2025-05-04T22:19:09.570+0000] {logging_mixin.py:190} INFO - [0.4939, '2023-04-03 20:33:59', 9646, 355]
[2025-05-04T22:19:09.918+0000] {logging_mixin.py:190} INFO - [None, '2023-04-03 20:18:45', 1032, 36]
[2025-05-04T22:19:10.549+0000] {logging_mixin.py:190} INFO - [0.4588, '2023-04-03 20:27:23', 17089, 522]
[2025-05-04T22:19:10.942+0000] {logging_mixin.py:190} INFO - [None, '2023-04-03 19:56:46', 3278, 141]
[2025-05-04T22:19:11.358+0000] {logging_mixin.py:190} INFO - [0.5859, '2023-04-03 19:50:14', 13839, 1177]
[2025-05-04T22:19:11.771+0000] {logging_mixin.py:190} INFO - [None, '2023-04-03 19:49:16', 1155, 94]
[2025-05-04T22:19:12.095+0000] {logging_mixin.py:190} INFO - [None, '2023-04-03 19:45:20', 11632, 424]
[2025-05-04T22:19:12.496+0000] {logging_mixin.py:190} INFO - [None, '2023-04-03 18:50:20', 828648, 73097]
[2025-05-04T22:19:13.003+0000] {logging_mixin.py:190} INFO - [None, '2023-04-03 04:34:52', 3097, 155]
[2025-05-04T22:19:13.354+0000] {logging_mixin.py:190} INFO - [0.4939, '2023-04-03 04:17:02', 10333, 318]
[2025-05-04T22:19:13.793+0000] {logging_mixin.py:190} INFO - [None, '2023-04-02 21:57:34', 9195, 372]
[2025-05-04T22:19:14.342+0000] {logging_mixin.py:190} INFO - [0.4939, '2023-04-02 21:56:35', 13683, 383]
[2025-05-04T22:19:14.868+0000] {logging_mixin.py:190} INFO - [None, '2023-04-03 02:08:44', 392809, 29782]
[2025-05-04T22:19:15.244+0000] {logging_mixin.py:190} INFO - [0.3818, '2023-04-02 21:41:34', 4431, 143]
[2025-05-04T22:19:15.648+0000] {logging_mixin.py:190} INFO - [-0.34, '2023-04-02 19:53:17', 4358, 411]
[2025-05-04T22:19:16.032+0000] {logging_mixin.py:190} INFO - [0.6124, '2023-04-02 18:42:06', 3118, 187]
[2025-05-04T22:19:16.462+0000] {logging_mixin.py:190} INFO - [None, '2023-04-02 19:49:26', 530536, 25701]
[2025-05-04T22:19:16.873+0000] {logging_mixin.py:190} INFO - [0.296, '2023-04-02 05:45:41', 3936, 137]
[2025-05-04T22:19:17.661+0000] {logging_mixin.py:190} INFO - [0.4215, '2023-04-02 19:35:16', 12504, 483]
[2025-05-04T22:19:18.221+0000] {logging_mixin.py:190} INFO - [-0.5859, '2023-04-02 05:32:19', 2357, 103]
[2025-05-04T22:19:18.645+0000] {logging_mixin.py:190} INFO - [0.9571, '2023-04-02 05:01:40', 36936, 2394]
[2025-05-04T22:19:19.096+0000] {logging_mixin.py:190} INFO - [None, '2023-04-02 04:30:21', 7949, 365]
[2025-05-04T22:19:19.469+0000] {logging_mixin.py:190} INFO - [0.5859, '2023-04-02 03:16:15', 637, 42]
[2025-05-04T22:19:19.878+0000] {logging_mixin.py:190} INFO - [None, '2023-04-02 01:39:06', 3503, 179]
[2025-05-04T22:19:20.240+0000] {logging_mixin.py:190} INFO - [0.4019, '2023-04-02 01:37:48', 8836, 401]
[2025-05-04T22:19:20.590+0000] {logging_mixin.py:190} INFO - [None, '2023-04-01 20:50:23', 1172, 73]
[2025-05-04T22:19:20.945+0000] {logging_mixin.py:190} INFO - [None, '2023-04-01 21:13:44', 28442, 1172]
[2025-05-04T22:19:21.293+0000] {logging_mixin.py:190} INFO - [None, '2023-04-01 08:05:50', 6368, 170]
[2025-05-04T22:19:21.668+0000] {logging_mixin.py:190} INFO - [-0.5859, '2023-04-01 03:27:42', 7520, 231]
[2025-05-04T22:19:22.045+0000] {logging_mixin.py:190} INFO - [None, '2023-03-31 19:11:54', 7034, 264]
[2025-05-04T22:19:22.505+0000] {logging_mixin.py:190} INFO - [None, '2023-03-31 23:10:06', 6116, 245]
[2025-05-04T22:19:22.859+0000] {logging_mixin.py:190} INFO - [0.4939, '2023-03-31 18:31:48', 2401, 108]
[2025-05-04T22:19:23.842+0000] {logging_mixin.py:190} INFO - [None, '2023-03-31 18:31:02', 19650, 224]
[2025-05-04T22:19:24.376+0000] {logging_mixin.py:190} INFO - [None, '2023-03-31 17:41:47', 858047, 36956]
[2025-05-04T22:19:24.765+0000] {logging_mixin.py:190} INFO - [0.5859, '2023-03-31 06:57:13', 928, 59]
[2025-05-04T22:19:25.180+0000] {logging_mixin.py:190} INFO - [-0.5859, '2023-03-31 08:16:14', 2697, 136]
[2025-05-04T22:19:25.605+0000] {logging_mixin.py:190} INFO - [None, '2023-03-31 06:45:47', 5269, 320]
[2025-05-04T22:19:26.018+0000] {logging_mixin.py:190} INFO - [-0.34, '2023-03-31 08:26:57', 9685, 276]
[2025-05-04T22:19:26.538+0000] {logging_mixin.py:190} INFO - [0.4939, '2023-03-30 23:59:08', 25392, 1103]
[2025-05-04T22:19:30.921+0000] {logging_mixin.py:190} INFO - [None, '2023-03-30 07:13:10', 22058, 1600]
[2025-05-04T22:19:32.045+0000] {logging_mixin.py:190} INFO - [-0.4767, '2023-03-28 09:49:26', 45490, 1974]
[2025-05-04T22:19:32.815+0000] {logging_mixin.py:190} INFO - [None, '2023-03-30 22:02:28', 10423, 421]
[2025-05-04T22:19:33.253+0000] {logging_mixin.py:190} INFO - [None, '2023-03-28 08:17:14', 7525, 464]
[2025-05-04T22:19:34.403+0000] {logging_mixin.py:190} INFO - [0.4939, '2023-03-29 21:50:32', 18163, 470]
[2025-05-04T22:19:34.807+0000] {logging_mixin.py:190} INFO - [None, '2023-03-28 07:15:13', 976, 48]
[2025-05-04T22:19:36.032+0000] {logging_mixin.py:190} INFO - [None, '2023-03-28 02:07:14', 20846, 598]
[2025-05-04T22:19:36.526+0000] {logging_mixin.py:190} INFO - [None, '2023-03-28 02:39:12', 1677, 86]
[2025-05-04T22:19:36.874+0000] {logging_mixin.py:190} INFO - [None, '2023-03-28 02:36:03', 1621, 78]
[2025-05-04T22:19:37.379+0000] {logging_mixin.py:190} INFO - [None, '2023-03-28 06:53:23', 155023, 11489]
[2025-05-04T22:19:37.910+0000] {logging_mixin.py:190} INFO - [0.4939, '2023-03-28 02:04:55', 981, 43]
[2025-05-04T22:19:38.328+0000] {logging_mixin.py:190} INFO - [None, '2023-03-28 01:15:06', 7780, 218]
[2025-05-04T22:19:38.733+0000] {logging_mixin.py:190} INFO - [None, '2023-03-28 00:48:54', 1619, 75]
[2025-05-04T22:19:39.164+0000] {logging_mixin.py:190} INFO - [0.5859, '2023-03-28 00:47:24', 2140, 121]
[2025-05-04T22:19:39.585+0000] {logging_mixin.py:190} INFO - [None, '2023-03-27 23:56:03', 1284, 56]
[2025-05-04T22:19:40.725+0000] {logging_mixin.py:190} INFO - [-0.34, '2023-03-27 23:18:09', 6664, 479]
[2025-05-04T22:19:41.113+0000] {logging_mixin.py:190} INFO - [-0.34, '2023-03-27 22:39:43', 1697, 85]
[2025-05-04T22:19:41.487+0000] {logging_mixin.py:190} INFO - [None, '2023-03-27 22:38:42', 38315, 2858]
[2025-05-04T22:19:42.665+0000] {logging_mixin.py:190} INFO - [0.4939, '2023-03-27 17:40:38', 1911, 79]
[2025-05-04T22:19:43.786+0000] {logging_mixin.py:190} INFO - [None, '2023-03-27 17:56:20', 2392, 120]
[2025-05-04T22:19:44.252+0000] {logging_mixin.py:190} INFO - [None, '2023-03-27 10:19:46', 1374, 144]
[2025-05-04T22:19:44.737+0000] {logging_mixin.py:190} INFO - [None, '2023-03-27 11:06:09', 5179, 261]
[2025-05-04T22:19:45.168+0000] {logging_mixin.py:190} INFO - [0.4939, '2023-03-27 05:00:14', 4774, 224]
[2025-05-04T22:19:45.984+0000] {logging_mixin.py:190} INFO - [None, '2023-03-27 02:51:05', 24055, 1245]
[2025-05-04T22:19:46.405+0000] {logging_mixin.py:190} INFO - [0.4939, '2023-03-27 09:18:35', 3370, 135]
[2025-05-04T22:19:46.915+0000] {logging_mixin.py:190} INFO - [-0.5859, '2023-03-27 02:36:27', 1799, 104]
[2025-05-04T22:19:47.302+0000] {logging_mixin.py:190} INFO - [None, '2023-03-27 01:57:41', 56272, 9193]
[2025-05-04T22:19:47.702+0000] {logging_mixin.py:190} INFO - [0.5859, '2023-03-27 01:39:17', 932, 61]
[2025-05-04T22:19:48.096+0000] {logging_mixin.py:190} INFO - [0.7506, '2023-03-26 23:43:32', 14505, 587]
[2025-05-04T22:19:48.523+0000] {logging_mixin.py:190} INFO - [None, '2023-03-26 18:41:41', 21281, 726]
[2025-05-04T22:19:48.896+0000] {logging_mixin.py:190} INFO - [None, '2023-03-26 10:18:13', 1445, 71]
[2025-05-04T22:19:49.356+0000] {logging_mixin.py:190} INFO - [None, '2023-03-26 10:49:52', 4207, 203]
[2025-05-04T22:19:49.856+0000] {logging_mixin.py:190} INFO - [0.4019, '2023-03-26 09:49:57', 20073, 898]
[2025-05-04T22:19:50.393+0000] {logging_mixin.py:190} INFO - [0.7506, '2023-03-25 22:34:03', 10067, 519]
[2025-05-04T22:19:50.783+0000] {logging_mixin.py:190} INFO - [0.4939, '2023-03-25 17:57:24', 8550, 281]
[2025-05-04T22:19:51.131+0000] {logging_mixin.py:190} INFO - [0.4939, '2023-03-25 22:14:54', 3307, 114]
[2025-05-04T22:19:51.946+0000] {logging_mixin.py:190} INFO - [-0.5859, '2023-03-25 19:27:36', 5437, 233]
[2025-05-04T22:19:52.278+0000] {logging_mixin.py:190} INFO - [-0.34, '2023-03-24 22:36:05', 4389, 179]
[2025-05-04T22:19:52.859+0000] {logging_mixin.py:190} INFO - [-0.34, '2023-03-24 06:52:33', 5106, 125]
[2025-05-04T22:19:53.302+0000] {logging_mixin.py:190} INFO - [0.7506, '2023-03-24 06:38:43', 4423, 148]
[2025-05-04T22:19:54.450+0000] {logging_mixin.py:190} INFO - [None, '2023-03-23 21:55:32', 5360, 231]
[2025-05-04T22:19:54.860+0000] {logging_mixin.py:190} INFO - [None, '2023-03-23 00:09:07', 8485, 324]
[2025-05-04T22:19:55.706+0000] {logging_mixin.py:190} INFO - [None, '2023-03-23 06:34:04', 11565, 535]
[2025-05-04T22:19:56.001+0000] {logging_mixin.py:190} INFO - [None, '2023-03-22 22:53:59', 5768, 261]
[2025-05-04T22:19:56.341+0000] {logging_mixin.py:190} INFO - [None, '2023-03-22 10:13:15', 22563, 1109]
[2025-05-04T22:19:56.932+0000] {logging_mixin.py:190} INFO - [0.4939, '2023-03-22 09:01:10', 8020, 311]
[2025-05-04T22:19:57.336+0000] {logging_mixin.py:190} INFO - [None, '2023-03-22 04:03:25', 43897, 3003]
[2025-05-04T22:19:57.942+0000] {logging_mixin.py:190} INFO - [0.4215, '2023-03-22 04:04:24', 1195, 61]
[2025-05-04T22:19:58.312+0000] {logging_mixin.py:190} INFO - [None, '2023-03-21 18:37:26', 7759, 230]
[2025-05-04T22:19:58.723+0000] {logging_mixin.py:190} INFO - [0.6239, '2023-03-22 03:59:28', 6343, 452]
[2025-05-04T22:19:59.087+0000] {logging_mixin.py:190} INFO - [None, '2023-03-22 01:16:38', 7852, 433]
[2025-05-04T22:19:59.437+0000] {logging_mixin.py:190} INFO - [0.4939, '2023-03-20 18:55:36', 9269, 307]
[2025-05-04T22:19:59.835+0000] {logging_mixin.py:190} INFO - [None, '2023-03-20 17:44:16', 196165, 22856]
[2025-05-04T22:20:00.876+0000] {logging_mixin.py:190} INFO - [0.8555, '2023-03-20 17:10:38', 50449, 6442]
[2025-05-04T22:20:01.262+0000] {logging_mixin.py:190} INFO - [0.7506, '2023-03-20 16:22:43', 18381, 615]
[2025-05-04T22:20:01.681+0000] {logging_mixin.py:190} INFO - [None, '2023-03-20 17:44:47', 20573, 1482]
[2025-05-04T22:20:02.158+0000] {logging_mixin.py:190} INFO - [-0.34, '2023-03-20 02:00:24', 11126, 245]
[2025-05-04T22:20:02.603+0000] {logging_mixin.py:190} INFO - [0.8652000000000001, '2023-03-20 16:12:03', 13594, 495]
[2025-05-04T22:20:02.954+0000] {logging_mixin.py:190} INFO - [-0.34, '2023-03-19 17:46:23', 6076, 484]
[2025-05-04T22:20:03.367+0000] {logging_mixin.py:190} INFO - [0.4939, '2023-03-20 01:39:35', 7139, 249]
[2025-05-04T22:20:03.803+0000] {logging_mixin.py:190} INFO - [None, '2023-03-19 22:11:07', 214702, 16067]
[2025-05-04T22:20:04.235+0000] {logging_mixin.py:190} INFO - [0.4404, '2023-03-19 17:12:50', 2338, 99]
[2025-05-04T22:20:05.032+0000] {logging_mixin.py:190} INFO - [None, '2023-03-19 11:31:44', 17054, 317]
[2025-05-04T22:20:05.500+0000] {logging_mixin.py:190} INFO - [-0.4767, '2023-03-19 10:27:36', 6040, 201]
[2025-05-04T22:20:05.860+0000] {logging_mixin.py:190} INFO - [None, '2023-03-19 10:45:00', 8524, 497]
[2025-05-04T22:20:06.308+0000] {logging_mixin.py:190} INFO - [None, '2023-03-19 10:26:19', 2847, 118]
[2025-05-04T22:20:06.955+0000] {logging_mixin.py:190} INFO - [None, '2023-03-19 10:23:24', 184019, 13607]
[2025-05-04T22:20:07.392+0000] {logging_mixin.py:190} INFO - [None, '2023-03-19 10:19:02', 624065, 51095]
[2025-05-04T22:20:07.713+0000] {logging_mixin.py:190} INFO - [None, '2023-03-19 08:39:17', 2294, 107]
[2025-05-04T22:20:08.106+0000] {logging_mixin.py:190} INFO - [None, '2023-03-19 05:58:31', 21988, 1202]
[2025-05-04T22:20:08.497+0000] {logging_mixin.py:190} INFO - [0.4939, '2023-03-18 23:32:02', 2677, 99]
[2025-05-04T22:20:08.869+0000] {logging_mixin.py:190} INFO - [0.4939, '2023-03-18 22:59:18', 8144, 276]
[2025-05-04T22:20:09.240+0000] {logging_mixin.py:190} INFO - [0.2732, '2023-03-18 21:33:06', 4765, 115]
[2025-05-04T22:20:09.702+0000] {logging_mixin.py:190} INFO - [None, '2023-03-19 03:23:38', 365785, 29141]
[2025-05-04T22:20:10.263+0000] {logging_mixin.py:190} INFO - [None, '2023-03-18 21:56:33', 549240, 74452]
[2025-05-04T22:20:11.379+0000] {logging_mixin.py:190} INFO - [0.9576, '2023-03-18 21:05:13', 7916, 289]
[2025-05-04T22:20:11.725+0000] {logging_mixin.py:190} INFO - [None, '2023-03-18 20:52:05', 3935, 205]
[2025-05-04T22:20:12.139+0000] {logging_mixin.py:190} INFO - [0.4939, '2023-03-18 18:14:09', 2938, 129]
[2025-05-04T22:20:13.310+0000] {logging_mixin.py:190} INFO - [None, '2023-03-18 10:32:29', 7191, 332]
[2025-05-04T22:20:14.159+0000] {logging_mixin.py:190} INFO - [-0.4019, '2023-03-18 10:35:36', 14630, 1175]
[2025-05-04T22:20:14.504+0000] {logging_mixin.py:190} INFO - [0.4019, '2023-03-18 02:59:53', 2085, 91]
[2025-05-04T22:20:14.988+0000] {logging_mixin.py:190} INFO - [None, '2023-03-18 06:36:52', 118539, 8992]
[2025-05-04T22:20:15.414+0000] {logging_mixin.py:190} INFO - [None, '2023-03-18 02:48:46', 749, 30]
[2025-05-04T22:20:15.795+0000] {logging_mixin.py:190} INFO - [0.4939, '2023-03-18 02:58:56', 2140, 81]
[2025-05-04T22:20:16.185+0000] {logging_mixin.py:190} INFO - [0.6239, '2023-03-18 02:51:46', 5973, 180]
[2025-05-04T22:20:16.757+0000] {logging_mixin.py:190} INFO - [0.6369, '2023-03-18 02:45:31', 1847, 99]
[2025-05-04T22:20:17.213+0000] {logging_mixin.py:190} INFO - [0.6124, '2023-03-18 02:42:03', 3861, 193]
[2025-05-04T22:20:17.651+0000] {logging_mixin.py:190} INFO - [None, '2023-03-18 01:44:16', 4083, 363]
[2025-05-04T22:20:18.049+0000] {logging_mixin.py:190} INFO - [None, '2023-03-18 00:37:19', 246033, 7979]
[2025-05-04T22:20:18.416+0000] {logging_mixin.py:190} INFO - [None, '2023-03-17 22:42:21', 32199, 959]
[2025-05-04T22:20:19.184+0000] {logging_mixin.py:190} INFO - [0.4404, '2023-03-18 00:24:20', 11270, 271]
[2025-05-04T22:20:19.581+0000] {logging_mixin.py:190} INFO - [-0.34, '2023-03-17 22:29:39', 1202, 69]
[2025-05-04T22:20:19.974+0000] {logging_mixin.py:190} INFO - [None, '2023-03-17 22:05:29', 321606, 40305]
[2025-05-04T22:20:20.329+0000] {logging_mixin.py:190} INFO - [0.4404, '2023-03-17 21:26:43', 4074, 124]
[2025-05-04T22:20:20.815+0000] {logging_mixin.py:190} INFO - [0.4939, '2023-03-17 21:24:30', 759, 34]
[2025-05-04T22:20:21.202+0000] {logging_mixin.py:190} INFO - [None, '2023-03-17 20:58:36', 3126, 155]
[2025-05-04T22:20:22.183+0000] {logging_mixin.py:190} INFO - [0.5859, '2023-03-17 21:21:05', 3298, 218]
[2025-05-04T22:20:23.130+0000] {logging_mixin.py:190} INFO - [0.7506, '2023-03-17 09:44:28', 5743, 218]
[2025-05-04T22:20:24.041+0000] {logging_mixin.py:190} INFO - [0.3818, '2023-03-17 08:29:40', 4639, 210]
[2025-05-04T22:20:24.483+0000] {logging_mixin.py:190} INFO - [None, '2023-03-16 23:51:48', 8305, 394]
[2025-05-04T22:20:24.889+0000] {logging_mixin.py:190} INFO - [None, '2023-03-16 21:41:16', 1963, 92]
[2025-05-04T22:20:25.297+0000] {logging_mixin.py:190} INFO - [None, '2023-03-16 22:51:22', 176296, 10809]
[2025-05-04T22:20:25.662+0000] {logging_mixin.py:190} INFO - [0.4939, '2023-03-16 20:18:09', 6841, 208]
[2025-05-04T22:20:26.194+0000] {logging_mixin.py:190} INFO - [0.296, '2023-03-16 20:12:22', 4257, 106]
[2025-05-04T22:20:26.668+0000] {logging_mixin.py:190} INFO - [None, '2023-03-16 20:04:34', 1610, 77]
[2025-05-04T22:20:27.794+0000] {logging_mixin.py:190} INFO - [None, '2023-03-16 19:37:48', 12733, 930]
[2025-05-04T22:20:28.139+0000] {logging_mixin.py:190} INFO - [None, '2023-03-16 07:31:37', 6224, 268]
[2025-05-04T22:20:28.496+0000] {logging_mixin.py:190} INFO - [None, '2023-03-16 16:49:22', 2339, 113]
[2025-05-04T22:20:29.598+0000] {logging_mixin.py:190} INFO - [-0.34, '2023-03-16 02:18:45', 20922, 965]
[2025-05-04T22:20:29.989+0000] {logging_mixin.py:190} INFO - [None, '2023-03-16 00:25:59', 5671, 296]
[2025-05-04T22:20:30.479+0000] {logging_mixin.py:190} INFO - [0.4939, '2023-03-15 06:14:05', 9943, 193]
[2025-05-04T22:20:30.849+0000] {logging_mixin.py:190} INFO - [None, '2023-03-15 06:09:00', 1165, 46]
[2025-05-04T22:20:31.416+0000] {logging_mixin.py:190} INFO - [None, '2023-03-15 03:46:49', 91028, 8257]
[2025-05-04T22:20:31.835+0000] {logging_mixin.py:190} INFO - [0.4939, '2023-03-15 03:36:38', 3279, 136]
[2025-05-04T22:20:32.421+0000] {logging_mixin.py:190} INFO - [None, '2023-03-15 01:22:00', 16569, 1008]
[2025-05-04T22:20:32.803+0000] {logging_mixin.py:190} INFO - [None, '2023-03-14 17:13:40', 5473, 323]
[2025-05-04T22:20:33.200+0000] {logging_mixin.py:190} INFO - [None, '2023-03-14 17:07:10', 3159, 156]
[2025-05-04T22:20:34.026+0000] {logging_mixin.py:190} INFO - [0.4939, '2023-03-14 05:10:55', 3779, 135]
[2025-05-04T22:20:34.628+0000] {logging_mixin.py:190} INFO - [-0.3182, '2023-03-12 04:12:53', 8630, 300]
[2025-05-04T22:20:35.030+0000] {logging_mixin.py:190} INFO - [0.7096, '2023-03-11 23:45:25', 4687, 229]
[2025-05-04T22:20:35.596+0000] {logging_mixin.py:190} INFO - [None, '2023-03-11 12:07:24', 5088, 370]
[2025-05-04T22:20:36.026+0000] {logging_mixin.py:190} INFO - [0.4767, '2023-03-11 11:55:50', 2579, 108]
[2025-05-04T22:20:36.397+0000] {logging_mixin.py:190} INFO - [0.4939, '2023-03-11 23:23:17', 3555, 192]
[2025-05-04T22:20:36.839+0000] {logging_mixin.py:190} INFO - [None, '2023-03-11 11:50:30', 4605, 167]
[2025-05-04T22:20:37.233+0000] {logging_mixin.py:190} INFO - [0.7506, '2023-03-11 11:24:53', 6578, 222]
[2025-05-04T22:20:38.531+0000] {logging_mixin.py:190} INFO - [0.4939, '2023-03-11 11:03:24', 1754, 81]
[2025-05-04T22:20:38.922+0000] {logging_mixin.py:190} INFO - [0.2023, '2023-03-11 10:58:55', 1918, 94]
[2025-05-04T22:20:39.359+0000] {logging_mixin.py:190} INFO - [0.4939, '2023-03-11 11:09:31', 3539, 100]
[2025-05-04T22:20:40.529+0000] {logging_mixin.py:190} INFO - [-0.5859, '2023-03-11 06:38:10', 3984, 191]
[2025-05-04T22:20:41.425+0000] {logging_mixin.py:190} INFO - [0.4939, '2023-03-11 02:04:49', 2456, 107]
[2025-05-04T22:20:41.775+0000] {logging_mixin.py:190} INFO - [None, '2023-03-11 04:18:57', 4127, 189]
[2025-05-04T22:20:42.226+0000] {logging_mixin.py:190} INFO - [0.6103000000000001, '2023-03-12 03:02:47', 97792, 6988]
[2025-05-04T22:20:43.559+0000] {logging_mixin.py:190} INFO - [0.8625, '2023-03-11 01:57:01', 42319, 2751]
[2025-05-04T22:20:44.042+0000] {logging_mixin.py:190} INFO - [0.4939, '2023-03-11 01:08:58', 2035, 89]
[2025-05-04T22:20:44.393+0000] {logging_mixin.py:190} INFO - [0.6239, '2023-03-11 00:00:53', 7672, 341]
[2025-05-04T22:20:44.859+0000] {logging_mixin.py:190} INFO - [None, '2023-03-11 00:02:06', 402022, 45928]
[2025-05-04T22:20:45.315+0000] {logging_mixin.py:190} INFO - [None, '2024-01-02 23:59:18', 1208, 72]
[2025-05-04T22:20:45.679+0000] {logging_mixin.py:190} INFO - [0.9403, '2024-01-02 23:54:22', 1385, 107]
[2025-05-04T22:20:46.382+0000] {logging_mixin.py:190} INFO - [-0.2714, '2024-01-02 23:21:26', 2286, 76]
[2025-05-04T22:20:46.812+0000] {logging_mixin.py:190} INFO - [0.8472000000000001, '2024-01-02 23:19:21', 2777, 248]
[2025-05-04T22:20:47.669+0000] {logging_mixin.py:190} INFO - [0.2732, '2024-01-02 22:41:28', 1731, 120]
[2025-05-04T22:20:48.064+0000] {logging_mixin.py:190} INFO - [0.5994, '2024-01-02 22:38:06', 9957, 1105]
[2025-05-04T22:20:48.394+0000] {logging_mixin.py:190} INFO - [-0.0772, '2024-01-02 22:31:21', 140886, 10160]
[2025-05-04T22:20:48.811+0000] {logging_mixin.py:190} INFO - [0.7088, '2024-01-02 22:28:22', 828, 41]
[2025-05-04T22:20:49.217+0000] {logging_mixin.py:190} INFO - [None, '2024-01-02 20:40:46', 10254, 1627]
[2025-05-04T22:20:49.581+0000] {logging_mixin.py:190} INFO - [0.4404, '2024-01-02 20:40:23', 2401, 106]
[2025-05-04T22:20:50.070+0000] {logging_mixin.py:190} INFO - [0.4404, '2024-01-02 20:39:42', 1824, 90]
[2025-05-04T22:20:50.601+0000] {logging_mixin.py:190} INFO - [0.8172, '2024-01-02 20:28:21', 420, 25]
[2025-05-04T22:20:50.961+0000] {logging_mixin.py:190} INFO - [-0.3595, '2024-01-02 20:00:38', 4535, 287]
[2025-05-04T22:20:51.371+0000] {logging_mixin.py:190} INFO - [0.2263, '2024-01-02 18:39:50', 1702, 132]
[2025-05-04T22:20:51.733+0000] {logging_mixin.py:190} INFO - [None, '2024-01-02 18:38:53', 2331, 260]
[2025-05-04T22:20:52.132+0000] {logging_mixin.py:190} INFO - [None, '2024-01-02 18:37:22', 1187, 67]
[2025-05-04T22:20:52.538+0000] {logging_mixin.py:190} INFO - [0.4215, '2024-01-02 18:37:11', 1074, 51]
[2025-05-04T22:20:52.932+0000] {logging_mixin.py:190} INFO - [None, '2024-01-02 18:34:05', 11718, 3109]
[2025-05-04T22:20:53.330+0000] {logging_mixin.py:190} INFO - [0.4019, '2024-01-02 18:32:26', 947, 69]
[2025-05-04T22:20:53.751+0000] {logging_mixin.py:190} INFO - [0.4754, '2024-01-02 18:26:42', 761, 50]
[2025-05-04T22:20:54.085+0000] {logging_mixin.py:190} INFO - [0.6249, '2024-01-02 18:26:18', 1729, 130]
[2025-05-04T22:20:54.484+0000] {logging_mixin.py:190} INFO - [0.4215, '2024-01-02 18:25:43', 874, 64]
[2025-05-04T22:20:55.029+0000] {logging_mixin.py:190} INFO - [0.4019, '2024-01-02 18:24:14', 456, 22]
[2025-05-04T22:20:55.420+0000] {logging_mixin.py:190} INFO - [None, '2024-01-02 17:53:34', 1743, 94]
[2025-05-04T22:20:55.851+0000] {logging_mixin.py:190} INFO - [None, '2024-01-02 17:48:15', 1539, 79]
[2025-05-04T22:20:56.224+0000] {logging_mixin.py:190} INFO - [0.8619, '2024-01-02 17:26:21', 67751, 5222]
[2025-05-04T22:20:56.754+0000] {logging_mixin.py:190} INFO - [None, '2024-01-02 17:24:50', 95705, 7937]
[2025-05-04T22:20:57.103+0000] {logging_mixin.py:190} INFO - [0.3612, '2024-01-02 11:05:05', 2537, 177]
[2025-05-04T22:20:57.520+0000] {logging_mixin.py:190} INFO - [-0.4939, '2024-01-02 11:01:22', 16014, 2054]
[2025-05-04T22:20:58.472+0000] {logging_mixin.py:190} INFO - [0.4215, '2024-01-02 10:46:20', 691, 39]
[2025-05-04T22:20:58.921+0000] {logging_mixin.py:190} INFO - [-0.296, '2024-01-02 10:31:50', 1794, 135]
[2025-05-04T22:20:59.261+0000] {logging_mixin.py:190} INFO - [None, '2024-01-02 02:36:45', 2071, 110]
[2025-05-04T22:20:59.620+0000] {logging_mixin.py:190} INFO - [0.75, '2024-01-01 23:08:02', 666, 36]
[2025-05-04T22:21:00.037+0000] {logging_mixin.py:190} INFO - [-0.1027, '2024-01-01 16:58:28', 47808, 7254]
[2025-05-04T22:21:00.429+0000] {logging_mixin.py:190} INFO - [0.1513, '2024-01-01 16:43:27', 2354, 199]
[2025-05-04T22:21:00.764+0000] {logging_mixin.py:190} INFO - [0.6369, '2024-01-01 06:20:59', 6435, 360]
[2025-05-04T22:21:01.187+0000] {logging_mixin.py:190} INFO - [None, '2024-01-01 06:19:28', 2085, 70]
[2025-05-04T22:21:01.715+0000] {logging_mixin.py:190} INFO - [0.4404, '2024-01-01 05:58:05', 3173, 157]
[2025-05-04T22:21:02.147+0000] {logging_mixin.py:190} INFO - [0.4215, '2024-01-01 05:56:54', 822, 24]
[2025-05-04T22:21:02.597+0000] {logging_mixin.py:190} INFO - [None, '2024-01-01 00:06:16', 3687, 160]
[2025-05-04T22:21:03.211+0000] {logging_mixin.py:190} INFO - [-0.4005, '2024-01-01 00:05:53', 15844, 2127]
[2025-05-04T22:21:03.572+0000] {logging_mixin.py:190} INFO - [0.8558, '2023-12-31 16:17:57', 5685, 391]
[2025-05-04T22:21:03.901+0000] {logging_mixin.py:190} INFO - [0.8497, '2023-12-31 16:16:03', 2044, 119]
[2025-05-04T22:21:04.234+0000] {logging_mixin.py:190} INFO - [0.7184, '2023-12-31 16:15:06', 1618, 109]
[2025-05-04T22:21:04.650+0000] {logging_mixin.py:190} INFO - [0.5859, '2023-12-31 15:54:53', 1535, 78]
[2025-05-04T22:21:05.212+0000] {logging_mixin.py:190} INFO - [None, '2023-12-31 12:43:09', 2481, 192]
[2025-05-04T22:21:05.617+0000] {logging_mixin.py:190} INFO - [None, '2023-12-31 12:40:03', 2735, 201]
[2025-05-04T22:21:06.018+0000] {logging_mixin.py:190} INFO - [0.3612, '2023-12-31 12:23:05', 986, 52]
[2025-05-04T22:21:06.418+0000] {logging_mixin.py:190} INFO - [None, '2023-12-31 12:09:33', 1248, 56]
[2025-05-04T22:21:06.867+0000] {logging_mixin.py:190} INFO - [0.4404, '2023-12-31 08:41:11', 814, 43]
[2025-05-04T22:21:07.255+0000] {logging_mixin.py:190} INFO - [0.4404, '2023-12-31 08:40:53', 878, 53]
[2025-05-04T22:21:07.638+0000] {logging_mixin.py:190} INFO - [0.4215, '2023-12-31 08:32:01', 1865, 165]
[2025-05-04T22:21:08.067+0000] {logging_mixin.py:190} INFO - [0.3182, '2023-12-31 08:22:30', 4210, 707]
[2025-05-04T22:21:08.586+0000] {logging_mixin.py:190} INFO - [-0.5948, '2023-12-31 05:54:38', 2763, 292]
[2025-05-04T22:21:09.038+0000] {logging_mixin.py:190} INFO - [None, '2023-12-31 00:58:07', 1663, 82]
[2025-05-04T22:21:09.426+0000] {logging_mixin.py:190} INFO - [0.4215, '2023-12-31 00:57:42', 2886, 329]
[2025-05-04T22:21:09.780+0000] {logging_mixin.py:190} INFO - [0.1531, '2023-12-31 00:49:31', 1700, 165]
[2025-05-04T22:21:10.159+0000] {logging_mixin.py:190} INFO - [None, '2023-12-31 00:09:54', 1896, 110]
[2025-05-04T22:21:10.541+0000] {logging_mixin.py:190} INFO - [0.296, '2023-12-31 00:02:08', 2101, 114]
[2025-05-04T22:21:11.027+0000] {logging_mixin.py:190} INFO - [0.4215, '2023-06-29 15:53:52', 5497, 316]
[2025-05-04T22:21:11.547+0000] {logging_mixin.py:190} INFO - [-0.7787000000000001, '2023-06-29 03:46:37', 6924, 612]
[2025-05-04T22:21:12.081+0000] {logging_mixin.py:190} INFO - [0.4767, '2023-06-29 01:19:59', 87154, 10230]
[2025-05-04T22:21:12.540+0000] {logging_mixin.py:190} INFO - [0.6369, '2023-06-28 18:05:58', 8885, 346]
[2025-05-04T22:21:12.947+0000] {logging_mixin.py:190} INFO - [0.7096, '2023-06-28 17:04:07', 309204, 18084]
[2025-05-04T22:21:13.403+0000] {logging_mixin.py:190} INFO - [0.5838, '2023-06-28 02:53:54', 4305, 235]
[2025-05-04T22:21:13.842+0000] {logging_mixin.py:190} INFO - [0.5562, '2023-06-28 00:36:26', 44581, 1028]
[2025-05-04T22:21:15.085+0000] {logging_mixin.py:190} INFO - [0.0258, '2023-06-27 23:34:23', 2570, 116]
[2025-05-04T22:21:16.011+0000] {logging_mixin.py:190} INFO - [None, '2023-06-27 23:14:26', 177494, 14390]
[2025-05-04T22:21:16.370+0000] {logging_mixin.py:190} INFO - [0.6588, '2023-06-27 23:12:47', 147563, 15157]
[2025-05-04T22:21:16.798+0000] {logging_mixin.py:190} INFO - [0.4019, '2023-06-27 23:11:10', 1500, 96]
[2025-05-04T22:21:17.520+0000] {logging_mixin.py:190} INFO - [0.4939, '2023-06-27 16:14:14', 17762, 1395]
[2025-05-04T22:21:17.950+0000] {logging_mixin.py:190} INFO - [-0.34, '2023-06-27 13:27:15', 5705, 349]
[2025-05-04T22:21:18.409+0000] {logging_mixin.py:190} INFO - [0.3291, '2023-06-27 13:22:59', 20456, 2075]
[2025-05-04T22:21:19.387+0000] {logging_mixin.py:190} INFO - [0.4019, '2023-06-27 13:03:13', 4766, 273]
[2025-05-04T22:21:20.264+0000] {logging_mixin.py:190} INFO - [0.2023, '2023-06-27 06:54:57', 10666, 453]
[2025-05-04T22:21:20.606+0000] {logging_mixin.py:190} INFO - [None, '2023-06-27 06:50:21', 9982, 1090]
[2025-05-04T22:21:21.027+0000] {logging_mixin.py:190} INFO - [0.4767, '2023-06-27 06:38:53', 2929, 156]
[2025-05-04T22:21:21.451+0000] {logging_mixin.py:190} INFO - [0.296, '2023-06-27 06:35:56', 822, 28]
[2025-05-04T22:21:21.858+0000] {logging_mixin.py:190} INFO - [0.4404, '2023-06-27 06:33:15', 4906, 178]
[2025-05-04T22:21:22.295+0000] {logging_mixin.py:190} INFO - [None, '2023-06-27 05:56:50', 3676, 252]
[2025-05-04T22:21:22.791+0000] {logging_mixin.py:190} INFO - [0.3182, '2023-06-27 05:54:31', 10246, 287]
[2025-05-04T22:21:24.167+0000] {logging_mixin.py:190} INFO - [0.8483, '2023-06-27 05:41:10', 66826, 3613]
[2025-05-04T22:21:24.523+0000] {logging_mixin.py:190} INFO - [None, '2023-06-27 05:37:02', 9632, 237]
[2025-05-04T22:21:24.889+0000] {logging_mixin.py:190} INFO - [None, '2023-06-27 05:34:59', 11242, 415]
[2025-05-04T22:21:25.281+0000] {logging_mixin.py:190} INFO - [None, '2023-06-27 05:34:30', 3152, 157]
[2025-05-04T22:21:25.704+0000] {logging_mixin.py:190} INFO - [-0.5081, '2023-06-27 05:34:09', 1356, 43]
[2025-05-04T22:21:26.179+0000] {logging_mixin.py:190} INFO - [None, '2023-06-27 05:32:23', 188012, 15806]
[2025-05-04T22:21:26.637+0000] {logging_mixin.py:190} INFO - [0.2382, '2023-06-27 05:30:52', 2769, 147]
[2025-05-04T22:21:27.026+0000] {logging_mixin.py:190} INFO - [-0.5859, '2023-06-27 04:14:12', 17279, 899]
[2025-05-04T22:21:28.490+0000] {logging_mixin.py:190} INFO - [None, '2023-06-27 00:20:43', 17915, 633]
[2025-05-04T22:21:28.991+0000] {logging_mixin.py:190} INFO - [0.4019, '2023-06-26 23:31:19', 3220, 168]
[2025-05-04T22:21:29.404+0000] {logging_mixin.py:190} INFO - [-0.7351000000000001, '2023-06-26 22:07:04', 7665, 543]
[2025-05-04T22:21:29.813+0000] {logging_mixin.py:190} INFO - [0.4019, '2023-06-26 22:00:46', 4245, 216]
[2025-05-04T22:21:30.767+0000] {logging_mixin.py:190} INFO - [None, '2023-06-26 20:30:22', 18252, 701]
[2025-05-04T22:21:31.162+0000] {logging_mixin.py:190} INFO - [-0.5859, '2023-06-26 20:28:55', 154398, 15714]
[2025-05-04T22:21:31.762+0000] {logging_mixin.py:190} INFO - [None, '2023-06-26 20:16:47', 1557, 84]
[2025-05-04T22:21:32.183+0000] {logging_mixin.py:190} INFO - [0.296, '2023-06-26 20:15:59', 1278, 53]
[2025-05-04T22:21:32.711+0000] {logging_mixin.py:190} INFO - [-0.5563, '2023-06-26 20:14:41', 11052, 925]
[2025-05-04T22:21:33.308+0000] {logging_mixin.py:190} INFO - [0.8381000000000001, '2023-06-26 18:52:43', 14691, 1102]
[2025-05-04T22:21:33.738+0000] {logging_mixin.py:190} INFO - [0.9472, '2023-06-26 18:48:51', 63926, 6439]
[2025-05-04T22:21:34.128+0000] {logging_mixin.py:190} INFO - [0.0258, '2023-06-26 18:28:42', 4625, 314]
[2025-05-04T22:21:34.629+0000] {logging_mixin.py:190} INFO - [-0.4019, '2023-06-26 18:21:30', 6355, 409]
[2025-05-04T22:21:35.008+0000] {logging_mixin.py:190} INFO - [None, '2023-06-26 10:39:38', 109441, 7983]
[2025-05-04T22:21:35.460+0000] {logging_mixin.py:190} INFO - [0.4215, '2023-06-26 10:37:14', 2767, 97]
[2025-05-04T22:21:35.867+0000] {logging_mixin.py:190} INFO - [None, '2023-06-26 10:34:54', 51339, 5195]
[2025-05-04T22:21:37.111+0000] {logging_mixin.py:190} INFO - [None, '2023-06-26 01:39:56', 34985, 2538]
[2025-05-04T22:21:38.707+0000] {logging_mixin.py:190} INFO - [0.4019, '2023-06-26 01:34:36', 2149, 110]
[2025-05-04T22:21:39.103+0000] {logging_mixin.py:190} INFO - [None, '2023-06-25 23:49:16', 916, 49]
[2025-05-04T22:21:39.408+0000] {logging_mixin.py:190} INFO - [None, '2023-06-25 23:42:07', 6226, 241]
[2025-05-04T22:21:39.822+0000] {logging_mixin.py:190} INFO - [None, '2023-06-25 23:26:38', 201700, 11663]
[2025-05-04T22:21:40.182+0000] {logging_mixin.py:190} INFO - [0.128, '2023-06-25 23:18:47', 4487, 175]
[2025-05-04T22:21:40.745+0000] {logging_mixin.py:190} INFO - [0.4404, '2023-06-25 23:17:34', 3088, 139]
[2025-05-04T22:21:41.409+0000] {logging_mixin.py:190} INFO - [None, '2023-06-25 21:43:21', 2800, 154]
[2025-05-04T22:21:41.781+0000] {logging_mixin.py:190} INFO - [0.3182, '2023-06-25 03:17:12', 5063, 238]
[2025-05-04T22:21:42.157+0000] {logging_mixin.py:190} INFO - [-0.7635000000000001, '2023-06-25 03:03:43', 3196, 176]
[2025-05-04T22:21:42.620+0000] {logging_mixin.py:190} INFO - [None, '2023-06-25 03:02:38', 22987, 1633]
[2025-05-04T22:21:43.079+0000] {logging_mixin.py:190} INFO - [0.7845000000000001, '2023-06-25 02:37:53', 50894, 2154]
[2025-05-04T22:21:44.403+0000] {logging_mixin.py:190} INFO - [None, '2023-06-25 02:34:57', 343755, 43980]
[2025-05-04T22:21:45.355+0000] {logging_mixin.py:190} INFO - [-0.4141, '2023-06-25 02:28:55', 42796, 5372]
[2025-05-04T22:21:45.816+0000] {logging_mixin.py:190} INFO - [None, '2023-06-25 02:05:01', 27728, 752]
[2025-05-04T22:21:46.185+0000] {logging_mixin.py:190} INFO - [None, '2023-06-25 01:59:57', 5515, 261]
[2025-05-04T22:21:46.587+0000] {logging_mixin.py:190} INFO - [None, '2023-06-25 01:54:38', 2774, 131]
[2025-05-04T22:21:46.993+0000] {logging_mixin.py:190} INFO - [0.4926, '2023-06-24 23:38:07', 2738, 122]
[2025-05-04T22:21:47.352+0000] {logging_mixin.py:190} INFO - [-0.5994, '2023-06-24 23:33:27', 2779, 140]
[2025-05-04T22:21:47.730+0000] {logging_mixin.py:190} INFO - [-0.296, '2023-06-24 23:31:08', 14610, 659]
[2025-05-04T22:21:48.179+0000] {logging_mixin.py:190} INFO - [-0.8481000000000001, '2023-06-24 23:25:35', 19111, 2331]
[2025-05-04T22:21:48.631+0000] {logging_mixin.py:190} INFO - [None, '2023-06-24 20:14:55', 6838, 353]
[2025-05-04T22:21:49.040+0000] {logging_mixin.py:190} INFO - [None, '2023-06-24 19:05:10', 32233, 1348]
[2025-05-04T22:21:49.420+0000] {logging_mixin.py:190} INFO - [None, '2023-06-24 17:39:02', 2818, 136]
[2025-05-04T22:21:49.772+0000] {logging_mixin.py:190} INFO - [0.3182, '2023-06-24 16:27:00', 1030, 45]
[2025-05-04T22:21:50.183+0000] {logging_mixin.py:190} INFO - [0.4019, '2023-06-24 16:25:51', 80866, 11705]
[2025-05-04T22:21:50.603+0000] {logging_mixin.py:190} INFO - [0.7184, '2023-06-24 16:23:27', 3297, 183]
[2025-05-04T22:21:51.139+0000] {logging_mixin.py:190} INFO - [0.2023, '2023-06-24 16:17:41', 62378, 5285]
[2025-05-04T22:21:52.417+0000] {logging_mixin.py:190} INFO - [0.4215, '2023-06-24 14:30:36', 1644, 66]
[2025-05-04T22:21:53.073+0000] {logging_mixin.py:190} INFO - [0.4927, '2023-06-24 14:22:03', 236866, 25639]
[2025-05-04T22:21:53.458+0000] {logging_mixin.py:190} INFO - [-0.5106, '2023-06-24 14:19:55', 10107, 660]
[2025-05-04T22:21:53.905+0000] {logging_mixin.py:190} INFO - [None, '2023-06-24 14:00:02', 18407, 416]
[2025-05-04T22:21:54.740+0000] {logging_mixin.py:190} INFO - [0.6369, '2023-06-24 12:34:57', 178137, 18975]
[2025-05-04T22:21:55.119+0000] {logging_mixin.py:190} INFO - [0.5106, '2023-06-24 12:29:00', 771424, 64548]
[2025-05-04T22:21:55.558+0000] {logging_mixin.py:190} INFO - [None, '2023-06-24 11:01:04', 3016, 144]
[2025-05-04T22:21:55.994+0000] {logging_mixin.py:190} INFO - [None, '2023-06-24 11:00:45', 62333, 3388]
[2025-05-04T22:21:56.332+0000] {logging_mixin.py:190} INFO - [None, '2023-06-24 01:50:01', 12579, 809]
[2025-05-04T22:21:56.711+0000] {logging_mixin.py:190} INFO - [0.1531, '2023-06-24 01:03:42', 3291, 246]
[2025-05-04T22:21:57.149+0000] {logging_mixin.py:190} INFO - [None, '2023-06-23 23:28:52', 84592, 1711]
[2025-05-04T22:21:57.954+0000] {logging_mixin.py:190} INFO - [None, '2023-06-23 22:13:42', 1335, 59]
[2025-05-04T22:21:59.335+0000] {logging_mixin.py:190} INFO - [0.7964, '2023-06-23 22:12:31', 2789, 122]
[2025-05-04T22:21:59.928+0000] {logging_mixin.py:190} INFO - [-0.2023, '2023-06-23 22:09:43', 1992, 93]
[2025-05-04T22:22:00.878+0000] {logging_mixin.py:190} INFO - [None, '2023-06-23 22:08:13', 9245, 395]
[2025-05-04T22:22:01.287+0000] {logging_mixin.py:190} INFO - [None, '2023-06-23 21:02:43', 6702, 310]
[2025-05-04T22:22:01.679+0000] {logging_mixin.py:190} INFO - [0.4404, '2023-06-23 16:26:55', 2515, 136]
[2025-05-04T22:22:02.111+0000] {logging_mixin.py:190} INFO - [None, '2023-06-22 22:10:07', 100279, 5316]
[2025-05-04T22:22:02.457+0000] {logging_mixin.py:190} INFO - [-0.2617, '2023-06-22 22:06:42', 3971, 232]
[2025-05-04T22:22:02.825+0000] {logging_mixin.py:190} INFO - [None, '2023-06-22 03:34:22', 4363, 235]
[2025-05-04T22:22:03.347+0000] {logging_mixin.py:190} INFO - [0.4927, '2023-06-22 02:51:37', 12775, 739]
[2025-05-04T22:22:03.795+0000] {logging_mixin.py:190} INFO - [None, '2023-06-22 02:27:28', 6529, 155]
[2025-05-04T22:22:04.161+0000] {logging_mixin.py:190} INFO - [0.7701, '2023-06-22 02:22:37', 32723, 1551]
[2025-05-04T22:22:04.551+0000] {logging_mixin.py:190} INFO - [0.6597000000000001, '2023-06-22 02:16:45', 8406, 528]
[2025-05-04T22:22:04.941+0000] {logging_mixin.py:190} INFO - [0.3167, '2023-06-22 02:14:49', 14667, 1193]
[2025-05-04T22:22:05.318+0000] {logging_mixin.py:190} INFO - [None, '2023-06-22 02:12:47', 3631, 134]
[2025-05-04T22:22:05.810+0000] {logging_mixin.py:190} INFO - [0.7096, '2023-06-22 02:11:33', 42559, 1535]
[2025-05-04T22:22:06.249+0000] {logging_mixin.py:190} INFO - [0.4215, '2023-06-22 02:07:50', 1962, 72]
[2025-05-04T22:22:07.398+0000] {logging_mixin.py:190} INFO - [0.4404, '2023-06-22 02:05:31', 2227, 138]
[2025-05-04T22:22:07.829+0000] {logging_mixin.py:190} INFO - [0.6705, '2023-06-22 02:04:46', 1777, 78]
[2025-05-04T22:22:08.213+0000] {logging_mixin.py:190} INFO - [None, '2023-06-22 01:59:27', 22125, 779]
[2025-05-04T22:22:08.617+0000] {logging_mixin.py:190} INFO - [0.6705, '2023-06-22 01:48:20', 2571, 148]
[2025-05-04T22:22:09.060+0000] {logging_mixin.py:190} INFO - [None, '2023-06-22 01:38:45', 3476, 118]
[2025-05-04T22:22:09.567+0000] {logging_mixin.py:190} INFO - [-0.646, '2023-06-22 01:00:39', 20550, 890]
[2025-05-04T22:22:09.952+0000] {logging_mixin.py:190} INFO - [-0.5859, '2023-06-22 00:58:11', 26998, 1674]
[2025-05-04T22:22:10.854+0000] {logging_mixin.py:190} INFO - [0.4404, '2023-06-21 23:51:13', 5886, 207]
[2025-05-04T22:22:11.213+0000] {logging_mixin.py:190} INFO - [None, '2023-06-21 23:50:10', 1646, 67]
[2025-05-04T22:22:11.554+0000] {logging_mixin.py:190} INFO - [0.5095000000000001, '2023-06-21 23:26:27', 4505, 379]
[2025-05-04T22:22:11.943+0000] {logging_mixin.py:190} INFO - [None, '2023-06-21 23:20:13', 4076, 163]
[2025-05-04T22:22:12.630+0000] {logging_mixin.py:190} INFO - [None, '2023-06-21 23:19:33', 7384, 176]
[2025-05-04T22:22:13.031+0000] {logging_mixin.py:190} INFO - [0.6239, '2023-06-21 23:17:55', 52580, 6596]
[2025-05-04T22:22:13.421+0000] {logging_mixin.py:190} INFO - [0.4588, '2023-06-21 22:55:24', 4221, 241]
[2025-05-04T22:22:13.937+0000] {logging_mixin.py:190} INFO - [0.6369, '2023-06-21 22:35:58', 1420, 71]
[2025-05-04T22:22:14.425+0000] {logging_mixin.py:190} INFO - [0.126, '2023-06-21 22:31:44', 10309, 648]
[2025-05-04T22:22:14.906+0000] {logging_mixin.py:190} INFO - [None, '2023-06-21 15:34:53', 10445, 988]
[2025-05-04T22:22:15.485+0000] {logging_mixin.py:190} INFO - [0.4019, '2023-06-21 15:34:04', 2097, 105]
[2025-05-04T22:22:15.834+0000] {logging_mixin.py:190} INFO - [-0.6428, '2023-06-21 15:29:53', 10796, 551]
[2025-05-04T22:22:16.200+0000] {logging_mixin.py:190} INFO - [-0.1154, '2023-06-21 15:27:00', 32380, 2670]
[2025-05-04T22:22:16.572+0000] {logging_mixin.py:190} INFO - [-0.5859, '2023-06-21 15:14:14', 4469, 175]
[2025-05-04T22:22:17.649+0000] {logging_mixin.py:190} INFO - [0.3818, '2023-06-21 15:13:12', 14073, 834]
[2025-05-04T22:22:19.112+0000] {logging_mixin.py:190} INFO - [None, '2023-06-21 15:00:24', 348509, 29514]
[2025-05-04T22:22:19.608+0000] {logging_mixin.py:190} INFO - [None, '2023-06-21 14:51:27', 34475, 1151]
[2025-05-04T22:22:19.922+0000] {logging_mixin.py:190} INFO - [0.4404, '2023-06-21 14:29:38', 58345, 3443]
[2025-05-04T22:22:20.565+0000] {logging_mixin.py:190} INFO - [None, '2023-06-21 14:28:48', 26017, 2221]
[2025-05-04T22:22:21.028+0000] {logging_mixin.py:190} INFO - [-0.6369, '2023-06-21 06:23:43', 39759, 4081]
[2025-05-04T22:22:21.569+0000] {logging_mixin.py:190} INFO - [None, '2023-06-21 06:04:20', 44453, 2767]
[2025-05-04T22:22:21.992+0000] {logging_mixin.py:190} INFO - [0.0772, '2023-06-21 05:30:02', 14421, 456]
[2025-05-04T22:22:22.414+0000] {logging_mixin.py:190} INFO - [None, '2023-06-21 05:06:48', 10250, 775]
[2025-05-04T22:22:22.903+0000] {logging_mixin.py:190} INFO - [0.4215, '2023-06-21 04:54:05', 1879, 107]
[2025-05-04T22:22:23.416+0000] {logging_mixin.py:190} INFO - [-0.7964, '2023-06-21 04:47:29', 33966, 3144]
[2025-05-04T22:22:24.348+0000] {logging_mixin.py:190} INFO - [-0.6597000000000001, '2023-06-21 04:43:07', 4056, 283]
[2025-05-04T22:22:24.729+0000] {logging_mixin.py:190} INFO - [0.1779, '2023-06-21 04:38:05', 7907, 445]
[2025-05-04T22:22:25.132+0000] {logging_mixin.py:190} INFO - [0.4215, '2023-06-21 04:34:18', 4521, 170]
[2025-05-04T22:22:26.052+0000] {logging_mixin.py:190} INFO - [None, '2023-06-21 04:17:41', 55438, 2405]
[2025-05-04T22:22:26.507+0000] {logging_mixin.py:190} INFO - [None, '2023-06-21 04:15:00', 17149, 1390]
[2025-05-04T22:22:27.010+0000] {logging_mixin.py:190} INFO - [-0.7906000000000001, '2023-06-21 04:11:42', 237550, 28053]
[2025-05-04T22:22:27.966+0000] {logging_mixin.py:190} INFO - [0.3612, '2023-06-21 04:07:13', 2575, 173]
[2025-05-04T22:22:28.410+0000] {logging_mixin.py:190} INFO - [0.6588, '2023-06-21 03:59:35', 1542, 72]
[2025-05-04T22:22:28.875+0000] {logging_mixin.py:190} INFO - [0.3182, '2023-06-21 03:54:23', 1176, 39]
[2025-05-04T22:22:29.299+0000] {logging_mixin.py:190} INFO - [None, '2023-06-21 03:51:42', 2142, 64]
[2025-05-04T22:22:29.724+0000] {logging_mixin.py:190} INFO - [0.4215, '2023-06-21 03:50:41', 7650, 750]
[2025-05-04T22:22:30.118+0000] {logging_mixin.py:190} INFO - [0.1027, '2023-06-21 03:46:50', 16425, 1117]
[2025-05-04T22:22:30.548+0000] {logging_mixin.py:190} INFO - [None, '2023-06-21 03:42:40', 13983, 644]
[2025-05-04T22:22:30.951+0000] {logging_mixin.py:190} INFO - [0.5023, '2023-06-21 03:39:22', 13545, 1065]
[2025-05-04T22:22:31.347+0000] {logging_mixin.py:190} INFO - [0.6249, '2023-06-21 03:31:39', 481870, 47334]
[2025-05-04T22:22:32.363+0000] {logging_mixin.py:190} INFO - [0.4019, '2023-06-21 03:30:07', 26515, 1739]
[2025-05-04T22:22:32.796+0000] {logging_mixin.py:190} INFO - [0.4019, '2023-06-21 01:59:55', 2158, 106]
[2025-05-04T22:22:33.132+0000] {logging_mixin.py:190} INFO - [None, '2023-06-21 01:07:38', 6216, 438]
[2025-05-04T22:22:33.492+0000] {logging_mixin.py:190} INFO - [0.4926, '2023-06-21 00:40:43', 1778, 83]
[2025-05-04T22:22:33.880+0000] {logging_mixin.py:190} INFO - [0.4215, '2023-06-20 23:07:53', 11116, 646]
[2025-05-04T22:22:34.973+0000] {logging_mixin.py:190} INFO - [0.7351000000000001, '2023-06-20 23:07:24', 8160, 521]
[2025-05-04T22:22:36.234+0000] {logging_mixin.py:190} INFO - [0.4939, '2023-06-20 23:03:07', 45834, 5052]
[2025-05-04T22:22:36.614+0000] {logging_mixin.py:190} INFO - [0.8122, '2023-06-20 19:30:21', 6839, 670]
[2025-05-04T22:22:36.958+0000] {logging_mixin.py:190} INFO - [None, '2023-06-20 17:51:53', 25830, 1458]
[2025-05-04T22:22:37.283+0000] {logging_mixin.py:190} INFO - [0.4404, '2023-06-20 17:47:59', 5051, 189]
[2025-05-04T22:22:37.687+0000] {logging_mixin.py:190} INFO - [0.3182, '2023-06-20 13:20:25', 4528, 184]
[2025-05-04T22:22:39.362+0000] {logging_mixin.py:190} INFO - [None, '2023-06-20 12:38:23', 6822, 585]
[2025-05-04T22:22:39.878+0000] {logging_mixin.py:190} INFO - [None, '2023-06-19 23:42:28', 21518, 641]
[2025-05-04T22:22:40.508+0000] {logging_mixin.py:190} INFO - [0.2732, '2023-06-19 22:55:53', 7699, 511]
[2025-05-04T22:22:41.147+0000] {logging_mixin.py:190} INFO - [None, '2023-06-19 20:47:27', 2783, 131]
[2025-05-04T22:22:41.579+0000] {logging_mixin.py:190} INFO - [0.4404, '2023-06-19 16:30:08', 13002, 908]
[2025-05-04T22:22:42.186+0000] {logging_mixin.py:190} INFO - [-0.0112, '2023-06-19 15:56:36', 29113, 2261]
[2025-05-04T22:22:42.795+0000] {logging_mixin.py:190} INFO - [0.3182, '2023-06-19 15:48:55', 2604, 83]
[2025-05-04T22:22:43.460+0000] {logging_mixin.py:190} INFO - [None, '2023-06-19 04:58:31', 10404, 406]
[2025-05-04T22:22:44.035+0000] {logging_mixin.py:190} INFO - [None, '2023-06-18 22:02:25', 4901, 193]
[2025-05-04T22:22:44.566+0000] {logging_mixin.py:190} INFO - [None, '2023-06-18 15:31:50', 9392, 355]
[2025-05-04T22:22:45.204+0000] {logging_mixin.py:190} INFO - [None, '2023-06-18 15:30:22', 28378, 1425]
[2025-05-04T22:22:45.595+0000] {logging_mixin.py:190} INFO - [0.4019, '2023-06-18 06:42:49', 5799, 156]
[2025-05-04T22:22:46.330+0000] {logging_mixin.py:190} INFO - [-0.5267000000000001, '2023-06-18 06:40:55', 12628, 1166]
[2025-05-04T22:22:46.854+0000] {logging_mixin.py:190} INFO - [0.7906000000000001, '2023-06-18 06:33:50', 21454, 1236]
[2025-05-04T22:22:47.384+0000] {logging_mixin.py:190} INFO - [0.2598, '2023-06-18 06:18:20', 3079, 155]
[2025-05-04T22:22:48.004+0000] {logging_mixin.py:190} INFO - [-0.0516, '2023-06-18 05:50:47', 42716, 4568]
[2025-05-04T22:22:48.595+0000] {logging_mixin.py:190} INFO - [0.296, '2023-06-18 05:49:45', 85010, 7993]
[2025-05-04T22:22:49.705+0000] {logging_mixin.py:190} INFO - [0.5256000000000001, '2023-06-18 05:42:03', 4712, 154]
[2025-05-04T22:22:50.198+0000] {logging_mixin.py:190} INFO - [0.2263, '2023-06-18 04:50:41', 23678, 1179]
[2025-05-04T22:22:50.575+0000] {logging_mixin.py:190} INFO - [0.8338, '2023-06-18 04:20:30', 16901, 649]
[2025-05-04T22:22:51.236+0000] {logging_mixin.py:190} INFO - [0.7089000000000001, '2023-06-18 03:36:22', 169734, 21113]
[2025-05-04T22:22:51.919+0000] {logging_mixin.py:190} INFO - [-0.9552, '2023-06-18 03:25:18', 41254, 3906]
[2025-05-04T22:22:52.609+0000] {logging_mixin.py:190} INFO - [0.5983, '2023-06-18 03:12:39', 355337, 29415]
[2025-05-04T22:22:53.350+0000] {logging_mixin.py:190} INFO - [0.3182, '2023-06-18 02:24:17', 33145, 1518]
[2025-05-04T22:22:53.935+0000] {logging_mixin.py:190} INFO - [-0.0258, '2023-06-18 02:15:23', 53620, 2765]
[2025-05-04T22:22:54.395+0000] {logging_mixin.py:190} INFO - [None, '2023-06-18 02:12:52', 6403, 309]
[2025-05-04T22:22:54.951+0000] {logging_mixin.py:190} INFO - [-0.6249, '2023-06-18 01:06:36', 3881, 304]
[2025-05-04T22:22:55.916+0000] {logging_mixin.py:190} INFO - [None, '2023-06-18 01:03:16', 14087, 1188]
[2025-05-04T22:22:56.271+0000] {logging_mixin.py:190} INFO - [0.4215, '2023-06-18 01:00:25', 1448985, 114199]
[2025-05-04T22:22:56.864+0000] {logging_mixin.py:190} INFO - [-0.4588, '2023-06-18 00:59:26', 3836, 347]
[2025-05-04T22:22:58.126+0000] {logging_mixin.py:190} INFO - [0.4389, '2023-06-18 00:43:03', 28534, 717]
[2025-05-04T22:22:58.582+0000] {logging_mixin.py:190} INFO - [-0.4417, '2023-06-18 00:41:26', 5477, 161]
[2025-05-04T22:22:59.797+0000] {logging_mixin.py:190} INFO - [0.3612, '2023-06-18 00:36:22', 49495, 2940]
[2025-05-04T22:23:00.341+0000] {logging_mixin.py:190} INFO - [0.6696000000000001, '2023-06-18 00:07:01', 9295, 727]
[2025-05-04T22:23:01.156+0000] {logging_mixin.py:190} INFO - [-0.8689, '2023-06-18 00:05:15', 955, 63]
[2025-05-04T22:23:01.760+0000] {logging_mixin.py:190} INFO - [0.4404, '2023-06-18 00:04:14', 3204, 108]
[2025-05-04T22:23:02.396+0000] {logging_mixin.py:190} INFO - [-0.4767, '2023-06-17 23:58:51', 178472, 14580]
[2025-05-04T22:23:03.054+0000] {logging_mixin.py:190} INFO - [0.7838, '2023-06-17 23:56:30', 7360, 420]
[2025-05-04T22:23:03.568+0000] {logging_mixin.py:190} INFO - [None, '2023-06-17 23:15:05', 7201, 206]
[2025-05-04T22:23:04.416+0000] {logging_mixin.py:190} INFO - [None, '2023-06-17 23:12:05', 7944, 651]
[2025-05-04T22:23:04.934+0000] {logging_mixin.py:190} INFO - [-0.7003, '2023-06-17 23:08:34', 153684, 13545]
[2025-05-04T22:23:05.396+0000] {logging_mixin.py:190} INFO - [-0.4767, '2023-06-17 22:52:10', 871, 53]
[2025-05-04T22:23:05.801+0000] {logging_mixin.py:190} INFO - [-0.3563, '2023-06-17 21:53:51', 18358, 722]
[2025-05-04T22:23:06.393+0000] {logging_mixin.py:190} INFO - [0.34, '2023-06-17 19:50:24', 2774, 136]
[2025-05-04T22:23:07.041+0000] {logging_mixin.py:190} INFO - [0.4754, '2023-06-17 19:43:50', 580, 28]
[2025-05-04T22:23:07.383+0000] {logging_mixin.py:190} INFO - [-0.058, '2023-06-17 19:42:04', 3045, 185]
[2025-05-04T22:23:07.999+0000] {logging_mixin.py:190} INFO - [None, '2023-06-17 19:34:43', 1465, 81]
[2025-05-04T22:23:08.764+0000] {logging_mixin.py:190} INFO - [None, '2023-06-17 19:34:18', 1237, 65]
[2025-05-04T22:23:09.471+0000] {logging_mixin.py:190} INFO - [0.4215, '2023-06-17 19:15:00', 1403, 55]
[2025-05-04T22:23:10.180+0000] {logging_mixin.py:190} INFO - [None, '2023-06-17 19:14:41', 3548, 209]
[2025-05-04T22:23:10.530+0000] {logging_mixin.py:190} INFO - [None, '2023-06-17 19:10:29', 805, 57]
[2025-05-04T22:23:11.281+0000] {logging_mixin.py:190} INFO - [0.8176, '2023-06-17 18:36:18', 6666, 225]
[2025-05-04T22:23:11.898+0000] {logging_mixin.py:190} INFO - [0.4215, '2023-06-17 18:29:30', 1425, 65]
[2025-05-04T22:23:12.500+0000] {logging_mixin.py:190} INFO - [None, '2023-06-17 18:14:03', 5438, 330]
[2025-05-04T22:23:13.178+0000] {logging_mixin.py:190} INFO - [-0.4199, '2023-06-17 18:06:01', 5694, 455]
[2025-05-04T22:23:14.480+0000] {logging_mixin.py:190} INFO - [0.4404, '2023-06-17 17:13:54', 5290, 186]
[2025-05-04T22:23:15.020+0000] {logging_mixin.py:190} INFO - [0.1531, '2023-06-17 17:12:05', 55548, 6572]
[2025-05-04T22:23:15.436+0000] {logging_mixin.py:190} INFO - [None, '2023-06-17 16:10:14', 2652, 128]
[2025-05-04T22:23:16.009+0000] {logging_mixin.py:190} INFO - [0.3367, '2023-06-17 15:21:57', 10631, 546]
[2025-05-04T22:23:16.678+0000] {logging_mixin.py:190} INFO - [0.5106, '2023-06-17 15:05:46', 678, 55]
[2025-05-04T22:23:17.293+0000] {logging_mixin.py:190} INFO - [0.6696000000000001, '2023-06-17 12:26:39', 4498, 199]
[2025-05-04T22:23:18.975+0000] {logging_mixin.py:190} INFO - [None, '2023-06-17 12:16:29', 1438, 80]
[2025-05-04T22:23:19.378+0000] {logging_mixin.py:190} INFO - [0.8478, '2023-06-17 11:52:33', 9116, 461]
[2025-05-04T22:23:19.717+0000] {logging_mixin.py:190} INFO - [0.9336, '2023-06-17 11:50:19', 84920, 10174]
[2025-05-04T22:23:20.277+0000] {logging_mixin.py:190} INFO - [-0.2732, '2023-06-17 11:18:09', 1405, 98]
[2025-05-04T22:23:20.881+0000] {logging_mixin.py:190} INFO - [None, '2023-06-17 10:20:29', 5182, 195]
[2025-05-04T22:23:21.372+0000] {logging_mixin.py:190} INFO - [0.4215, '2023-06-17 10:15:48', 2035, 120]
[2025-05-04T22:23:21.827+0000] {logging_mixin.py:190} INFO - [0.4019, '2023-06-17 09:46:10', 47942, 5638]
[2025-05-04T22:23:22.488+0000] {logging_mixin.py:190} INFO - [None, '2023-06-16 20:44:50', 8451, 650]
[2025-05-04T22:23:23.110+0000] {logging_mixin.py:190} INFO - [None, '2023-06-16 17:06:50', 65793, 9053]
[2025-05-04T22:23:23.537+0000] {local_task_job_runner.py:346} WARNING - State of this instance has been externally set to failed. Terminating instance.
[2025-05-04T22:23:23.558+0000] {local_task_job_runner.py:245} INFO - ::endgroup::
[2025-05-04T22:23:23.563+0000] {process_utils.py:132} INFO - Sending 15 to group 5730. PIDs of all processes in the group: [5730]
[2025-05-04T22:23:23.566+0000] {process_utils.py:87} INFO - Sending the signal 15 to group 5730
[2025-05-04T22:23:23.571+0000] {taskinstance.py:3092} ERROR - Received SIGTERM. Terminating subprocesses.
[2025-05-04T22:23:23.883+0000] {taskinstance.py:340} INFO - ::group::Post task execution logs
[2025-05-04T22:23:23.982+0000] {process_utils.py:80} INFO - Process psutil.Process(pid=5730, status='terminated', exitcode=0, started='22:16:19') (5730) terminated with exit code 0
