[2025-05-07T02:37:05.190+0000] {local_task_job_runner.py:123} INFO - ::group::Pre task execution logs
[2025-05-07T02:37:05.217+0000] {taskinstance.py:2612} INFO - Dependencies all met for dep_context=non-requeueable deps ti=<TaskInstance: BuildELT_dbt.dbt_run manual__2025-05-07T02:37:03.636571+00:00 [queued]>
[2025-05-07T02:37:05.229+0000] {taskinstance.py:2612} INFO - Dependencies all met for dep_context=requeueable deps ti=<TaskInstance: BuildELT_dbt.dbt_run manual__2025-05-07T02:37:03.636571+00:00 [queued]>
[2025-05-07T02:37:05.231+0000] {taskinstance.py:2865} INFO - Starting attempt 1 of 1
[2025-05-07T02:37:05.251+0000] {taskinstance.py:2888} INFO - Executing <Task(BashOperator): dbt_run> on 2025-05-07 02:37:03.636571+00:00
[2025-05-07T02:37:05.260+0000] {standard_task_runner.py:72} INFO - Started process 4858 to run task
[2025-05-07T02:37:05.265+0000] {standard_task_runner.py:104} INFO - Running: ['***', 'tasks', 'run', 'BuildELT_dbt', 'dbt_run', 'manual__2025-05-07T02:37:03.636571+00:00', '--job-id', '59', '--raw', '--subdir', 'DAGS_FOLDER/build_elt_with_dbt.py', '--cfg-path', '/tmp/tmp8i8jd8ma']
[2025-05-07T02:37:05.270+0000] {standard_task_runner.py:105} INFO - Job 59: Subtask dbt_run
[2025-05-07T02:37:05.329+0000] {task_command.py:467} INFO - Running <TaskInstance: BuildELT_dbt.dbt_run manual__2025-05-07T02:37:03.636571+00:00 [running]> on host 55fd2231a72d
[2025-05-07T02:37:05.473+0000] {taskinstance.py:3131} INFO - Exporting env vars: AIRFLOW_CTX_DAG_OWNER='***' AIRFLOW_CTX_DAG_ID='BuildELT_dbt' AIRFLOW_CTX_TASK_ID='dbt_run' AIRFLOW_CTX_EXECUTION_DATE='2025-05-07T02:37:03.636571+00:00' AIRFLOW_CTX_TRY_NUMBER='1' AIRFLOW_CTX_DAG_RUN_ID='manual__2025-05-07T02:37:03.636571+00:00'
[2025-05-07T02:37:05.476+0000] {taskinstance.py:731} INFO - ::endgroup::
[2025-05-07T02:37:05.508+0000] {subprocess.py:63} INFO - Tmp dir root location: /tmp
[2025-05-07T02:37:05.512+0000] {subprocess.py:75} INFO - Running command: ['/usr/bin/bash', '-c', '/home/***/.local/bin/dbt run --profiles-dir /opt/***/tesla_project --project-dir /opt/***/tesla_project']
[2025-05-07T02:37:05.529+0000] {subprocess.py:86} INFO - Output:
[2025-05-07T02:37:08.334+0000] {subprocess.py:93} INFO - [0m02:37:08  Running with dbt=1.8.7
[2025-05-07T02:37:09.999+0000] {subprocess.py:93} INFO - [0m02:37:09  Registered adapter: snowflake=1.8.1
[2025-05-07T02:37:11.370+0000] {subprocess.py:93} INFO - [0m02:37:11  [[33mWARNING[0m]: Configuration paths exist in your dbt_project.yml file which do not apply to any resources.
[2025-05-07T02:37:11.372+0000] {subprocess.py:93} INFO - There are 1 unused configuration paths:
[2025-05-07T02:37:11.373+0000] {subprocess.py:93} INFO - - models.tesla_project.example
[2025-05-07T02:37:11.637+0000] {subprocess.py:93} INFO - [0m02:37:11  Found 3 models, 1 snapshot, 1 seed, 1 source, 459 macros
[2025-05-07T02:37:11.641+0000] {subprocess.py:93} INFO - [0m02:37:11
[2025-05-07T02:37:13.857+0000] {subprocess.py:93} INFO - [0m02:37:13  Concurrency: 1 threads (target='dev')
[2025-05-07T02:37:13.859+0000] {subprocess.py:93} INFO - [0m02:37:13
[2025-05-07T02:37:13.876+0000] {subprocess.py:93} INFO - [0m02:37:13  1 of 3 START sql table model analytics.input ................................... [RUN]
[2025-05-07T02:37:16.428+0000] {subprocess.py:93} INFO - [0m02:37:16  1 of 3 OK created sql table model analytics.input .............................. [[32mSUCCESS 1[0m in 2.54s]
[2025-05-07T02:37:16.438+0000] {subprocess.py:93} INFO - [0m02:37:16  2 of 3 START sql table model analytics.sentiment_features_final ................ [RUN]
[2025-05-07T02:37:17.751+0000] {subprocess.py:93} INFO - [0m02:37:17  2 of 3 OK created sql table model analytics.sentiment_features_final ........... [[32mSUCCESS 1[0m in 1.30s]
[2025-05-07T02:37:17.764+0000] {subprocess.py:93} INFO - [0m02:37:17  3 of 3 START sql table model analytics.output .................................. [RUN]
[2025-05-07T02:37:19.742+0000] {subprocess.py:93} INFO - [0m02:37:19  3 of 3 OK created sql table model analytics.output ............................. [[32mSUCCESS 1[0m in 1.97s]
[2025-05-07T02:37:19.758+0000] {subprocess.py:93} INFO - [0m02:37:19
[2025-05-07T02:37:19.760+0000] {subprocess.py:93} INFO - [0m02:37:19  Finished running 3 table models in 0 hours 0 minutes and 8.11 seconds (8.11s).
[2025-05-07T02:37:19.907+0000] {subprocess.py:93} INFO - [0m02:37:19
[2025-05-07T02:37:19.909+0000] {subprocess.py:93} INFO - [0m02:37:19  [32mCompleted successfully[0m
[2025-05-07T02:37:19.911+0000] {subprocess.py:93} INFO - [0m02:37:19
[2025-05-07T02:37:19.913+0000] {subprocess.py:93} INFO - [0m02:37:19  Done. PASS=3 WARN=0 ERROR=0 SKIP=0 TOTAL=3
[2025-05-07T02:37:20.651+0000] {subprocess.py:97} INFO - Command exited with return code 0
[2025-05-07T02:37:20.679+0000] {taskinstance.py:340} INFO - ::group::Post task execution logs
[2025-05-07T02:37:20.681+0000] {taskinstance.py:352} INFO - Marking task as SUCCESS. dag_id=BuildELT_dbt, task_id=dbt_run, run_id=manual__2025-05-07T02:37:03.636571+00:00, execution_date=20250507T023703, start_date=20250507T023705, end_date=20250507T023720
[2025-05-07T02:37:20.720+0000] {local_task_job_runner.py:266} INFO - Task exited with return code 0
[2025-05-07T02:37:20.746+0000] {taskinstance.py:3900} INFO - 1 downstream tasks scheduled from follow-on schedule check
[2025-05-07T02:37:20.748+0000] {local_task_job_runner.py:245} INFO - ::endgroup::
