[2025-05-06T02:39:49.458+0000] {local_task_job_runner.py:123} INFO - ::group::Pre task execution logs
[2025-05-06T02:39:49.480+0000] {taskinstance.py:2612} INFO - Dependencies all met for dep_context=non-requeueable deps ti=<TaskInstance: tesla_stock_sentiment_final_etl.merge_stock_and_sentiment_to_raw scheduled__2025-05-05T02:30:00+00:00 [queued]>
[2025-05-06T02:39:49.492+0000] {taskinstance.py:2612} INFO - Dependencies all met for dep_context=requeueable deps ti=<TaskInstance: tesla_stock_sentiment_final_etl.merge_stock_and_sentiment_to_raw scheduled__2025-05-05T02:30:00+00:00 [queued]>
[2025-05-06T02:39:49.493+0000] {taskinstance.py:2865} INFO - Starting attempt 1 of 1
[2025-05-06T02:39:49.510+0000] {taskinstance.py:2888} INFO - Executing <Task(_PythonDecoratedOperator): merge_stock_and_sentiment_to_raw> on 2025-05-05 02:30:00+00:00
[2025-05-06T02:39:49.517+0000] {standard_task_runner.py:72} INFO - Started process 722 to run task
[2025-05-06T02:39:49.521+0000] {standard_task_runner.py:104} INFO - Running: ['***', 'tasks', 'run', 'tesla_stock_sentiment_final_etl', 'merge_stock_and_sentiment_to_raw', 'scheduled__2025-05-05T02:30:00+00:00', '--job-id', '25', '--raw', '--subdir', 'DAGS_FOLDER/tesla_stock_etl.py', '--cfg-path', '/tmp/tmpridz7h0s']
[2025-05-06T02:39:49.523+0000] {standard_task_runner.py:105} INFO - Job 25: Subtask merge_stock_and_sentiment_to_raw
[2025-05-06T02:39:49.910+0000] {task_command.py:467} INFO - Running <TaskInstance: tesla_stock_sentiment_final_etl.merge_stock_and_sentiment_to_raw scheduled__2025-05-05T02:30:00+00:00 [running]> on host 4bf74f6ca137
[2025-05-06T02:39:49.986+0000] {taskinstance.py:3131} INFO - Exporting env vars: AIRFLOW_CTX_DAG_OWNER='***' AIRFLOW_CTX_DAG_ID='tesla_stock_sentiment_final_etl' AIRFLOW_CTX_TASK_ID='merge_stock_and_sentiment_to_raw' AIRFLOW_CTX_EXECUTION_DATE='2025-05-05T02:30:00+00:00' AIRFLOW_CTX_TRY_NUMBER='1' AIRFLOW_CTX_DAG_RUN_ID='scheduled__2025-05-05T02:30:00+00:00'
[2025-05-06T02:39:49.988+0000] {taskinstance.py:731} INFO - ::endgroup::
[2025-05-06T02:39:50.253+0000] {cursor.py:1156} INFO - Number of results in first chunk: 1
[2025-05-06T02:39:50.731+0000] {cursor.py:1156} INFO - Number of results in first chunk: 1
[2025-05-06T02:39:51.899+0000] {cursor.py:1156} INFO - Number of results in first chunk: 1
[2025-05-06T02:39:51.902+0000] {logging_mixin.py:190} INFO - Incrementally merged into dev.raw.final_raw_table.
[2025-05-06T02:39:51.904+0000] {python.py:240} INFO - Done. Returned value was: None
[2025-05-06T02:39:51.924+0000] {taskinstance.py:340} INFO - ::group::Post task execution logs
[2025-05-06T02:39:51.927+0000] {taskinstance.py:352} INFO - Marking task as SUCCESS. dag_id=tesla_stock_sentiment_final_etl, task_id=merge_stock_and_sentiment_to_raw, run_id=scheduled__2025-05-05T02:30:00+00:00, execution_date=20250505T023000, start_date=20250506T023949, end_date=20250506T023951
[2025-05-06T02:39:51.957+0000] {local_task_job_runner.py:266} INFO - Task exited with return code 0
[2025-05-06T02:39:51.974+0000] {taskinstance.py:3900} INFO - 0 downstream tasks scheduled from follow-on schedule check
[2025-05-06T02:39:51.978+0000] {local_task_job_runner.py:245} INFO - ::endgroup::
