[2025-05-03T19:19:53.290+0000] {processor.py:186} INFO - Started process (PID=223) to work on /opt/airflow/dags/build_elt_with_dbt.py
[2025-05-03T19:19:53.303+0000] {processor.py:914} INFO - Processing file /opt/airflow/dags/build_elt_with_dbt.py for tasks to queue
[2025-05-03T19:19:53.325+0000] {logging_mixin.py:190} INFO - [2025-05-03T19:19:53.324+0000] {dagbag.py:587} INFO - Filling up the DagBag from /opt/airflow/dags/build_elt_with_dbt.py
[2025-05-03T19:19:53.424+0000] {logging_mixin.py:190} INFO - [2025-05-03T19:19:53.423+0000] {base.py:84} INFO - Retrieving connection 'snowflake_conn'
[2025-05-03T19:19:53.450+0000] {processor.py:925} INFO - DAG(s) 'BuildELT_dbt' retrieved from /opt/airflow/dags/build_elt_with_dbt.py
[2025-05-03T19:19:54.253+0000] {logging_mixin.py:190} INFO - [2025-05-03T19:19:54.252+0000] {override.py:1900} INFO - Created Permission View: can delete on DAG:BuildELT_dbt
[2025-05-03T19:19:54.283+0000] {logging_mixin.py:190} INFO - [2025-05-03T19:19:54.283+0000] {override.py:1900} INFO - Created Permission View: can read on DAG:BuildELT_dbt
[2025-05-03T19:19:54.294+0000] {logging_mixin.py:190} INFO - [2025-05-03T19:19:54.294+0000] {override.py:1900} INFO - Created Permission View: can edit on DAG:BuildELT_dbt
[2025-05-03T19:19:54.332+0000] {logging_mixin.py:190} INFO - [2025-05-03T19:19:54.332+0000] {override.py:1900} INFO - Created Permission View: can delete on DAG Run:BuildELT_dbt
[2025-05-03T19:19:54.341+0000] {logging_mixin.py:190} INFO - [2025-05-03T19:19:54.341+0000] {override.py:1900} INFO - Created Permission View: menu access on DAG Run:BuildELT_dbt
[2025-05-03T19:19:54.362+0000] {logging_mixin.py:190} INFO - [2025-05-03T19:19:54.362+0000] {override.py:1900} INFO - Created Permission View: can read on DAG Run:BuildELT_dbt
[2025-05-03T19:19:54.383+0000] {logging_mixin.py:190} INFO - [2025-05-03T19:19:54.383+0000] {override.py:1900} INFO - Created Permission View: can create on DAG Run:BuildELT_dbt
[2025-05-03T19:19:54.385+0000] {logging_mixin.py:190} INFO - [2025-05-03T19:19:54.384+0000] {dag.py:3229} INFO - Sync 1 DAGs
[2025-05-03T19:19:54.412+0000] {logging_mixin.py:190} INFO - [2025-05-03T19:19:54.411+0000] {dag.py:3252} INFO - Creating ORM DAG for BuildELT_dbt
[2025-05-03T19:19:54.413+0000] {logging_mixin.py:190} INFO - [2025-05-03T19:19:54.413+0000] {dag.py:4156} INFO - Setting next_dagrun for BuildELT_dbt to None, run_after=None
[2025-05-03T19:19:54.441+0000] {processor.py:208} INFO - Processing /opt/airflow/dags/build_elt_with_dbt.py took 1.279 seconds
[2025-05-03T19:20:27.746+0000] {processor.py:186} INFO - Started process (PID=295) to work on /opt/airflow/dags/build_elt_with_dbt.py
[2025-05-03T19:20:27.749+0000] {processor.py:914} INFO - Processing file /opt/airflow/dags/build_elt_with_dbt.py for tasks to queue
[2025-05-03T19:20:27.775+0000] {logging_mixin.py:190} INFO - [2025-05-03T19:20:27.770+0000] {dagbag.py:587} INFO - Filling up the DagBag from /opt/airflow/dags/build_elt_with_dbt.py
[2025-05-03T19:20:27.872+0000] {logging_mixin.py:190} INFO - [2025-05-03T19:20:27.872+0000] {base.py:84} INFO - Retrieving connection 'snowflake_conn'
[2025-05-03T19:20:27.911+0000] {processor.py:925} INFO - DAG(s) 'BuildELT_dbt' retrieved from /opt/airflow/dags/build_elt_with_dbt.py
[2025-05-03T19:20:27.981+0000] {logging_mixin.py:190} INFO - [2025-05-03T19:20:27.980+0000] {dag.py:3229} INFO - Sync 1 DAGs
[2025-05-03T19:20:28.017+0000] {logging_mixin.py:190} INFO - [2025-05-03T19:20:28.017+0000] {dag.py:4156} INFO - Setting next_dagrun for BuildELT_dbt to None, run_after=None
[2025-05-03T19:20:28.054+0000] {processor.py:208} INFO - Processing /opt/airflow/dags/build_elt_with_dbt.py took 0.356 seconds
[2025-05-03T19:20:58.475+0000] {processor.py:186} INFO - Started process (PID=311) to work on /opt/airflow/dags/build_elt_with_dbt.py
[2025-05-03T19:20:58.476+0000] {processor.py:914} INFO - Processing file /opt/airflow/dags/build_elt_with_dbt.py for tasks to queue
[2025-05-03T19:20:58.479+0000] {logging_mixin.py:190} INFO - [2025-05-03T19:20:58.479+0000] {dagbag.py:587} INFO - Filling up the DagBag from /opt/airflow/dags/build_elt_with_dbt.py
[2025-05-03T19:20:58.508+0000] {logging_mixin.py:190} INFO - [2025-05-03T19:20:58.507+0000] {base.py:84} INFO - Retrieving connection 'snowflake_conn'
[2025-05-03T19:20:58.514+0000] {processor.py:925} INFO - DAG(s) 'BuildELT_dbt' retrieved from /opt/airflow/dags/build_elt_with_dbt.py
[2025-05-03T19:20:58.533+0000] {logging_mixin.py:190} INFO - [2025-05-03T19:20:58.533+0000] {dag.py:3229} INFO - Sync 1 DAGs
[2025-05-03T19:20:58.546+0000] {logging_mixin.py:190} INFO - [2025-05-03T19:20:58.546+0000] {dag.py:4156} INFO - Setting next_dagrun for BuildELT_dbt to None, run_after=None
[2025-05-03T19:20:58.567+0000] {processor.py:208} INFO - Processing /opt/airflow/dags/build_elt_with_dbt.py took 0.098 seconds
[2025-05-03T19:21:29.026+0000] {processor.py:186} INFO - Started process (PID=327) to work on /opt/airflow/dags/build_elt_with_dbt.py
[2025-05-03T19:21:29.027+0000] {processor.py:914} INFO - Processing file /opt/airflow/dags/build_elt_with_dbt.py for tasks to queue
[2025-05-03T19:21:29.029+0000] {logging_mixin.py:190} INFO - [2025-05-03T19:21:29.029+0000] {dagbag.py:587} INFO - Filling up the DagBag from /opt/airflow/dags/build_elt_with_dbt.py
[2025-05-03T19:21:29.051+0000] {logging_mixin.py:190} INFO - [2025-05-03T19:21:29.051+0000] {base.py:84} INFO - Retrieving connection 'snowflake_conn'
[2025-05-03T19:21:29.057+0000] {processor.py:925} INFO - DAG(s) 'BuildELT_dbt' retrieved from /opt/airflow/dags/build_elt_with_dbt.py
[2025-05-03T19:21:29.072+0000] {logging_mixin.py:190} INFO - [2025-05-03T19:21:29.072+0000] {dag.py:3229} INFO - Sync 1 DAGs
[2025-05-03T19:21:29.085+0000] {logging_mixin.py:190} INFO - [2025-05-03T19:21:29.084+0000] {dag.py:4156} INFO - Setting next_dagrun for BuildELT_dbt to None, run_after=None
[2025-05-03T19:21:29.105+0000] {processor.py:208} INFO - Processing /opt/airflow/dags/build_elt_with_dbt.py took 0.084 seconds
[2025-05-03T19:21:59.547+0000] {processor.py:186} INFO - Started process (PID=343) to work on /opt/airflow/dags/build_elt_with_dbt.py
[2025-05-03T19:21:59.548+0000] {processor.py:914} INFO - Processing file /opt/airflow/dags/build_elt_with_dbt.py for tasks to queue
[2025-05-03T19:21:59.551+0000] {logging_mixin.py:190} INFO - [2025-05-03T19:21:59.550+0000] {dagbag.py:587} INFO - Filling up the DagBag from /opt/airflow/dags/build_elt_with_dbt.py
[2025-05-03T19:21:59.576+0000] {logging_mixin.py:190} INFO - [2025-05-03T19:21:59.576+0000] {base.py:84} INFO - Retrieving connection 'snowflake_conn'
[2025-05-03T19:21:59.584+0000] {processor.py:925} INFO - DAG(s) 'BuildELT_dbt' retrieved from /opt/airflow/dags/build_elt_with_dbt.py
[2025-05-03T19:21:59.604+0000] {logging_mixin.py:190} INFO - [2025-05-03T19:21:59.604+0000] {dag.py:3229} INFO - Sync 1 DAGs
[2025-05-03T19:21:59.619+0000] {logging_mixin.py:190} INFO - [2025-05-03T19:21:59.619+0000] {dag.py:4156} INFO - Setting next_dagrun for BuildELT_dbt to None, run_after=None
[2025-05-03T19:21:59.643+0000] {processor.py:208} INFO - Processing /opt/airflow/dags/build_elt_with_dbt.py took 0.102 seconds
[2025-05-03T19:22:30.041+0000] {processor.py:186} INFO - Started process (PID=359) to work on /opt/airflow/dags/build_elt_with_dbt.py
[2025-05-03T19:22:30.042+0000] {processor.py:914} INFO - Processing file /opt/airflow/dags/build_elt_with_dbt.py for tasks to queue
[2025-05-03T19:22:30.045+0000] {logging_mixin.py:190} INFO - [2025-05-03T19:22:30.044+0000] {dagbag.py:587} INFO - Filling up the DagBag from /opt/airflow/dags/build_elt_with_dbt.py
[2025-05-03T19:22:30.068+0000] {logging_mixin.py:190} INFO - [2025-05-03T19:22:30.068+0000] {base.py:84} INFO - Retrieving connection 'snowflake_conn'
[2025-05-03T19:22:30.074+0000] {processor.py:925} INFO - DAG(s) 'BuildELT_dbt' retrieved from /opt/airflow/dags/build_elt_with_dbt.py
[2025-05-03T19:22:30.093+0000] {logging_mixin.py:190} INFO - [2025-05-03T19:22:30.093+0000] {dag.py:3229} INFO - Sync 1 DAGs
[2025-05-03T19:22:30.107+0000] {logging_mixin.py:190} INFO - [2025-05-03T19:22:30.106+0000] {dag.py:4156} INFO - Setting next_dagrun for BuildELT_dbt to None, run_after=None
[2025-05-03T19:22:30.128+0000] {processor.py:208} INFO - Processing /opt/airflow/dags/build_elt_with_dbt.py took 0.092 seconds
[2025-05-03T19:23:00.535+0000] {processor.py:186} INFO - Started process (PID=375) to work on /opt/airflow/dags/build_elt_with_dbt.py
[2025-05-03T19:23:00.537+0000] {processor.py:914} INFO - Processing file /opt/airflow/dags/build_elt_with_dbt.py for tasks to queue
[2025-05-03T19:23:00.539+0000] {logging_mixin.py:190} INFO - [2025-05-03T19:23:00.539+0000] {dagbag.py:587} INFO - Filling up the DagBag from /opt/airflow/dags/build_elt_with_dbt.py
[2025-05-03T19:23:00.561+0000] {logging_mixin.py:190} INFO - [2025-05-03T19:23:00.561+0000] {base.py:84} INFO - Retrieving connection 'snowflake_conn'
[2025-05-03T19:23:00.567+0000] {processor.py:925} INFO - DAG(s) 'BuildELT_dbt' retrieved from /opt/airflow/dags/build_elt_with_dbt.py
[2025-05-03T19:23:00.583+0000] {logging_mixin.py:190} INFO - [2025-05-03T19:23:00.583+0000] {dag.py:3229} INFO - Sync 1 DAGs
[2025-05-03T19:23:00.595+0000] {logging_mixin.py:190} INFO - [2025-05-03T19:23:00.595+0000] {dag.py:4156} INFO - Setting next_dagrun for BuildELT_dbt to None, run_after=None
[2025-05-03T19:23:00.615+0000] {processor.py:208} INFO - Processing /opt/airflow/dags/build_elt_with_dbt.py took 0.084 seconds
[2025-05-03T19:23:30.975+0000] {processor.py:186} INFO - Started process (PID=391) to work on /opt/airflow/dags/build_elt_with_dbt.py
[2025-05-03T19:23:30.976+0000] {processor.py:914} INFO - Processing file /opt/airflow/dags/build_elt_with_dbt.py for tasks to queue
[2025-05-03T19:23:30.979+0000] {logging_mixin.py:190} INFO - [2025-05-03T19:23:30.978+0000] {dagbag.py:587} INFO - Filling up the DagBag from /opt/airflow/dags/build_elt_with_dbt.py
[2025-05-03T19:23:31.000+0000] {logging_mixin.py:190} INFO - [2025-05-03T19:23:31.000+0000] {base.py:84} INFO - Retrieving connection 'snowflake_conn'
[2025-05-03T19:23:31.006+0000] {processor.py:925} INFO - DAG(s) 'BuildELT_dbt' retrieved from /opt/airflow/dags/build_elt_with_dbt.py
[2025-05-03T19:23:31.022+0000] {logging_mixin.py:190} INFO - [2025-05-03T19:23:31.022+0000] {dag.py:3229} INFO - Sync 1 DAGs
[2025-05-03T19:23:31.034+0000] {logging_mixin.py:190} INFO - [2025-05-03T19:23:31.034+0000] {dag.py:4156} INFO - Setting next_dagrun for BuildELT_dbt to None, run_after=None
[2025-05-03T19:23:31.053+0000] {processor.py:208} INFO - Processing /opt/airflow/dags/build_elt_with_dbt.py took 0.084 seconds
[2025-05-03T19:42:26.331+0000] {processor.py:186} INFO - Started process (PID=517) to work on /opt/airflow/dags/build_elt_with_dbt.py
[2025-05-03T19:42:26.391+0000] {processor.py:914} INFO - Processing file /opt/airflow/dags/build_elt_with_dbt.py for tasks to queue
[2025-05-03T19:42:26.561+0000] {logging_mixin.py:190} INFO - [2025-05-03T19:42:26.558+0000] {dagbag.py:587} INFO - Filling up the DagBag from /opt/airflow/dags/build_elt_with_dbt.py
[2025-05-03T19:42:27.107+0000] {logging_mixin.py:190} INFO - [2025-05-03T19:42:27.107+0000] {base.py:84} INFO - Retrieving connection 'snowflake_conn'
[2025-05-03T19:42:27.160+0000] {processor.py:925} INFO - DAG(s) 'BuildELT_dbt' retrieved from /opt/airflow/dags/build_elt_with_dbt.py
[2025-05-03T19:42:27.653+0000] {logging_mixin.py:190} INFO - [2025-05-03T19:42:27.653+0000] {dag.py:3229} INFO - Sync 1 DAGs
[2025-05-03T19:42:27.830+0000] {logging_mixin.py:190} INFO - [2025-05-03T19:42:27.830+0000] {dag.py:4156} INFO - Setting next_dagrun for BuildELT_dbt to None, run_after=None
[2025-05-03T19:42:27.989+0000] {processor.py:208} INFO - Processing /opt/airflow/dags/build_elt_with_dbt.py took 1.847 seconds
[2025-05-03T19:43:05.838+0000] {processor.py:186} INFO - Started process (PID=583) to work on /opt/airflow/dags/build_elt_with_dbt.py
[2025-05-03T19:43:05.842+0000] {processor.py:914} INFO - Processing file /opt/airflow/dags/build_elt_with_dbt.py for tasks to queue
[2025-05-03T19:43:05.858+0000] {logging_mixin.py:190} INFO - [2025-05-03T19:43:05.857+0000] {dagbag.py:587} INFO - Filling up the DagBag from /opt/airflow/dags/build_elt_with_dbt.py
[2025-05-03T19:43:05.941+0000] {logging_mixin.py:190} INFO - [2025-05-03T19:43:05.941+0000] {base.py:84} INFO - Retrieving connection 'snowflake_conn'
[2025-05-03T19:43:05.983+0000] {processor.py:925} INFO - DAG(s) 'BuildELT_dbt' retrieved from /opt/airflow/dags/build_elt_with_dbt.py
[2025-05-03T19:43:06.101+0000] {logging_mixin.py:190} INFO - [2025-05-03T19:43:06.100+0000] {dag.py:3229} INFO - Sync 1 DAGs
[2025-05-03T19:43:06.171+0000] {logging_mixin.py:190} INFO - [2025-05-03T19:43:06.171+0000] {dag.py:4156} INFO - Setting next_dagrun for BuildELT_dbt to None, run_after=None
[2025-05-03T19:43:06.229+0000] {processor.py:208} INFO - Processing /opt/airflow/dags/build_elt_with_dbt.py took 0.427 seconds
[2025-05-03T19:43:36.563+0000] {processor.py:186} INFO - Started process (PID=599) to work on /opt/airflow/dags/build_elt_with_dbt.py
[2025-05-03T19:43:36.564+0000] {processor.py:914} INFO - Processing file /opt/airflow/dags/build_elt_with_dbt.py for tasks to queue
[2025-05-03T19:43:36.567+0000] {logging_mixin.py:190} INFO - [2025-05-03T19:43:36.567+0000] {dagbag.py:587} INFO - Filling up the DagBag from /opt/airflow/dags/build_elt_with_dbt.py
[2025-05-03T19:43:36.590+0000] {logging_mixin.py:190} INFO - [2025-05-03T19:43:36.590+0000] {base.py:84} INFO - Retrieving connection 'snowflake_conn'
[2025-05-03T19:43:36.598+0000] {processor.py:925} INFO - DAG(s) 'BuildELT_dbt' retrieved from /opt/airflow/dags/build_elt_with_dbt.py
[2025-05-03T19:43:36.616+0000] {logging_mixin.py:190} INFO - [2025-05-03T19:43:36.615+0000] {dag.py:3229} INFO - Sync 1 DAGs
[2025-05-03T19:43:36.628+0000] {logging_mixin.py:190} INFO - [2025-05-03T19:43:36.628+0000] {dag.py:4156} INFO - Setting next_dagrun for BuildELT_dbt to None, run_after=None
[2025-05-03T19:43:36.650+0000] {processor.py:208} INFO - Processing /opt/airflow/dags/build_elt_with_dbt.py took 0.092 seconds
[2025-05-03T19:44:07.069+0000] {processor.py:186} INFO - Started process (PID=615) to work on /opt/airflow/dags/build_elt_with_dbt.py
[2025-05-03T19:44:07.071+0000] {processor.py:914} INFO - Processing file /opt/airflow/dags/build_elt_with_dbt.py for tasks to queue
[2025-05-03T19:44:07.075+0000] {logging_mixin.py:190} INFO - [2025-05-03T19:44:07.074+0000] {dagbag.py:587} INFO - Filling up the DagBag from /opt/airflow/dags/build_elt_with_dbt.py
[2025-05-03T19:44:07.099+0000] {logging_mixin.py:190} INFO - [2025-05-03T19:44:07.099+0000] {base.py:84} INFO - Retrieving connection 'snowflake_conn'
[2025-05-03T19:44:07.107+0000] {processor.py:925} INFO - DAG(s) 'BuildELT_dbt' retrieved from /opt/airflow/dags/build_elt_with_dbt.py
[2025-05-03T19:44:07.126+0000] {logging_mixin.py:190} INFO - [2025-05-03T19:44:07.126+0000] {dag.py:3229} INFO - Sync 1 DAGs
[2025-05-03T19:44:07.139+0000] {logging_mixin.py:190} INFO - [2025-05-03T19:44:07.139+0000] {dag.py:4156} INFO - Setting next_dagrun for BuildELT_dbt to None, run_after=None
[2025-05-03T19:44:07.163+0000] {processor.py:208} INFO - Processing /opt/airflow/dags/build_elt_with_dbt.py took 0.101 seconds
[2025-05-03T19:44:37.540+0000] {processor.py:186} INFO - Started process (PID=631) to work on /opt/airflow/dags/build_elt_with_dbt.py
[2025-05-03T19:44:37.542+0000] {processor.py:914} INFO - Processing file /opt/airflow/dags/build_elt_with_dbt.py for tasks to queue
[2025-05-03T19:44:37.546+0000] {logging_mixin.py:190} INFO - [2025-05-03T19:44:37.546+0000] {dagbag.py:587} INFO - Filling up the DagBag from /opt/airflow/dags/build_elt_with_dbt.py
[2025-05-03T19:44:37.576+0000] {logging_mixin.py:190} INFO - [2025-05-03T19:44:37.576+0000] {base.py:84} INFO - Retrieving connection 'snowflake_conn'
[2025-05-03T19:44:37.584+0000] {processor.py:925} INFO - DAG(s) 'BuildELT_dbt' retrieved from /opt/airflow/dags/build_elt_with_dbt.py
[2025-05-03T19:44:37.605+0000] {logging_mixin.py:190} INFO - [2025-05-03T19:44:37.605+0000] {dag.py:3229} INFO - Sync 1 DAGs
[2025-05-03T19:44:37.620+0000] {logging_mixin.py:190} INFO - [2025-05-03T19:44:37.620+0000] {dag.py:4156} INFO - Setting next_dagrun for BuildELT_dbt to None, run_after=None
[2025-05-03T19:44:37.640+0000] {processor.py:208} INFO - Processing /opt/airflow/dags/build_elt_with_dbt.py took 0.108 seconds
[2025-05-03T19:45:08.016+0000] {processor.py:186} INFO - Started process (PID=647) to work on /opt/airflow/dags/build_elt_with_dbt.py
[2025-05-03T19:45:08.017+0000] {processor.py:914} INFO - Processing file /opt/airflow/dags/build_elt_with_dbt.py for tasks to queue
[2025-05-03T19:45:08.021+0000] {logging_mixin.py:190} INFO - [2025-05-03T19:45:08.020+0000] {dagbag.py:587} INFO - Filling up the DagBag from /opt/airflow/dags/build_elt_with_dbt.py
[2025-05-03T19:45:08.045+0000] {logging_mixin.py:190} INFO - [2025-05-03T19:45:08.045+0000] {base.py:84} INFO - Retrieving connection 'snowflake_conn'
[2025-05-03T19:45:08.052+0000] {processor.py:925} INFO - DAG(s) 'BuildELT_dbt' retrieved from /opt/airflow/dags/build_elt_with_dbt.py
[2025-05-03T19:45:08.070+0000] {logging_mixin.py:190} INFO - [2025-05-03T19:45:08.070+0000] {dag.py:3229} INFO - Sync 1 DAGs
[2025-05-03T19:45:08.084+0000] {logging_mixin.py:190} INFO - [2025-05-03T19:45:08.083+0000] {dag.py:4156} INFO - Setting next_dagrun for BuildELT_dbt to None, run_after=None
[2025-05-03T19:45:08.105+0000] {processor.py:208} INFO - Processing /opt/airflow/dags/build_elt_with_dbt.py took 0.096 seconds
[2025-05-03T19:45:38.426+0000] {processor.py:186} INFO - Started process (PID=663) to work on /opt/airflow/dags/build_elt_with_dbt.py
[2025-05-03T19:45:38.428+0000] {processor.py:914} INFO - Processing file /opt/airflow/dags/build_elt_with_dbt.py for tasks to queue
[2025-05-03T19:45:38.434+0000] {logging_mixin.py:190} INFO - [2025-05-03T19:45:38.433+0000] {dagbag.py:587} INFO - Filling up the DagBag from /opt/airflow/dags/build_elt_with_dbt.py
[2025-05-03T19:45:38.469+0000] {logging_mixin.py:190} INFO - [2025-05-03T19:45:38.468+0000] {base.py:84} INFO - Retrieving connection 'snowflake_conn'
[2025-05-03T19:45:38.479+0000] {processor.py:925} INFO - DAG(s) 'BuildELT_dbt' retrieved from /opt/airflow/dags/build_elt_with_dbt.py
[2025-05-03T19:45:38.504+0000] {logging_mixin.py:190} INFO - [2025-05-03T19:45:38.503+0000] {dag.py:3229} INFO - Sync 1 DAGs
[2025-05-03T19:45:38.519+0000] {logging_mixin.py:190} INFO - [2025-05-03T19:45:38.519+0000] {dag.py:4156} INFO - Setting next_dagrun for BuildELT_dbt to None, run_after=None
[2025-05-03T19:45:38.539+0000] {processor.py:208} INFO - Processing /opt/airflow/dags/build_elt_with_dbt.py took 0.128 seconds
[2025-05-03T19:46:08.874+0000] {processor.py:186} INFO - Started process (PID=679) to work on /opt/airflow/dags/build_elt_with_dbt.py
[2025-05-03T19:46:08.875+0000] {processor.py:914} INFO - Processing file /opt/airflow/dags/build_elt_with_dbt.py for tasks to queue
[2025-05-03T19:46:08.880+0000] {logging_mixin.py:190} INFO - [2025-05-03T19:46:08.880+0000] {dagbag.py:587} INFO - Filling up the DagBag from /opt/airflow/dags/build_elt_with_dbt.py
[2025-05-03T19:46:08.921+0000] {logging_mixin.py:190} INFO - [2025-05-03T19:46:08.920+0000] {base.py:84} INFO - Retrieving connection 'snowflake_conn'
[2025-05-03T19:46:08.929+0000] {processor.py:925} INFO - DAG(s) 'BuildELT_dbt' retrieved from /opt/airflow/dags/build_elt_with_dbt.py
[2025-05-03T19:46:08.946+0000] {logging_mixin.py:190} INFO - [2025-05-03T19:46:08.946+0000] {dag.py:3229} INFO - Sync 1 DAGs
[2025-05-03T19:46:08.959+0000] {logging_mixin.py:190} INFO - [2025-05-03T19:46:08.959+0000] {dag.py:4156} INFO - Setting next_dagrun for BuildELT_dbt to None, run_after=None
[2025-05-03T19:46:08.981+0000] {processor.py:208} INFO - Processing /opt/airflow/dags/build_elt_with_dbt.py took 0.117 seconds
[2025-05-03T19:46:39.438+0000] {processor.py:186} INFO - Started process (PID=695) to work on /opt/airflow/dags/build_elt_with_dbt.py
[2025-05-03T19:46:39.440+0000] {processor.py:914} INFO - Processing file /opt/airflow/dags/build_elt_with_dbt.py for tasks to queue
[2025-05-03T19:46:39.446+0000] {logging_mixin.py:190} INFO - [2025-05-03T19:46:39.445+0000] {dagbag.py:587} INFO - Filling up the DagBag from /opt/airflow/dags/build_elt_with_dbt.py
[2025-05-03T19:46:39.514+0000] {logging_mixin.py:190} INFO - [2025-05-03T19:46:39.514+0000] {base.py:84} INFO - Retrieving connection 'snowflake_conn'
[2025-05-03T19:46:39.520+0000] {processor.py:925} INFO - DAG(s) 'BuildELT_dbt' retrieved from /opt/airflow/dags/build_elt_with_dbt.py
[2025-05-03T19:46:39.536+0000] {logging_mixin.py:190} INFO - [2025-05-03T19:46:39.536+0000] {dag.py:3229} INFO - Sync 1 DAGs
[2025-05-03T19:46:39.548+0000] {logging_mixin.py:190} INFO - [2025-05-03T19:46:39.548+0000] {dag.py:4156} INFO - Setting next_dagrun for BuildELT_dbt to None, run_after=None
[2025-05-03T19:46:39.568+0000] {processor.py:208} INFO - Processing /opt/airflow/dags/build_elt_with_dbt.py took 0.143 seconds
[2025-05-03T19:47:09.937+0000] {processor.py:186} INFO - Started process (PID=711) to work on /opt/airflow/dags/build_elt_with_dbt.py
[2025-05-03T19:47:09.938+0000] {processor.py:914} INFO - Processing file /opt/airflow/dags/build_elt_with_dbt.py for tasks to queue
[2025-05-03T19:47:09.941+0000] {logging_mixin.py:190} INFO - [2025-05-03T19:47:09.941+0000] {dagbag.py:587} INFO - Filling up the DagBag from /opt/airflow/dags/build_elt_with_dbt.py
[2025-05-03T19:47:09.967+0000] {logging_mixin.py:190} INFO - [2025-05-03T19:47:09.967+0000] {base.py:84} INFO - Retrieving connection 'snowflake_conn'
[2025-05-03T19:47:09.973+0000] {processor.py:925} INFO - DAG(s) 'BuildELT_dbt' retrieved from /opt/airflow/dags/build_elt_with_dbt.py
[2025-05-03T19:47:09.991+0000] {logging_mixin.py:190} INFO - [2025-05-03T19:47:09.990+0000] {dag.py:3229} INFO - Sync 1 DAGs
[2025-05-03T19:47:10.005+0000] {logging_mixin.py:190} INFO - [2025-05-03T19:47:10.004+0000] {dag.py:4156} INFO - Setting next_dagrun for BuildELT_dbt to None, run_after=None
[2025-05-03T19:47:10.028+0000] {processor.py:208} INFO - Processing /opt/airflow/dags/build_elt_with_dbt.py took 0.098 seconds
[2025-05-03T19:47:40.472+0000] {processor.py:186} INFO - Started process (PID=727) to work on /opt/airflow/dags/build_elt_with_dbt.py
[2025-05-03T19:47:40.473+0000] {processor.py:914} INFO - Processing file /opt/airflow/dags/build_elt_with_dbt.py for tasks to queue
[2025-05-03T19:47:40.476+0000] {logging_mixin.py:190} INFO - [2025-05-03T19:47:40.476+0000] {dagbag.py:587} INFO - Filling up the DagBag from /opt/airflow/dags/build_elt_with_dbt.py
[2025-05-03T19:47:40.502+0000] {logging_mixin.py:190} INFO - [2025-05-03T19:47:40.502+0000] {base.py:84} INFO - Retrieving connection 'snowflake_conn'
[2025-05-03T19:47:40.508+0000] {processor.py:925} INFO - DAG(s) 'BuildELT_dbt' retrieved from /opt/airflow/dags/build_elt_with_dbt.py
[2025-05-03T19:47:40.526+0000] {logging_mixin.py:190} INFO - [2025-05-03T19:47:40.526+0000] {dag.py:3229} INFO - Sync 1 DAGs
[2025-05-03T19:47:40.538+0000] {logging_mixin.py:190} INFO - [2025-05-03T19:47:40.538+0000] {dag.py:4156} INFO - Setting next_dagrun for BuildELT_dbt to None, run_after=None
[2025-05-03T19:47:40.559+0000] {processor.py:208} INFO - Processing /opt/airflow/dags/build_elt_with_dbt.py took 0.095 seconds
[2025-05-03T19:48:10.944+0000] {processor.py:186} INFO - Started process (PID=743) to work on /opt/airflow/dags/build_elt_with_dbt.py
[2025-05-03T19:48:10.945+0000] {processor.py:914} INFO - Processing file /opt/airflow/dags/build_elt_with_dbt.py for tasks to queue
[2025-05-03T19:48:10.947+0000] {logging_mixin.py:190} INFO - [2025-05-03T19:48:10.947+0000] {dagbag.py:587} INFO - Filling up the DagBag from /opt/airflow/dags/build_elt_with_dbt.py
[2025-05-03T19:48:10.973+0000] {logging_mixin.py:190} INFO - [2025-05-03T19:48:10.972+0000] {base.py:84} INFO - Retrieving connection 'snowflake_conn'
[2025-05-03T19:48:10.979+0000] {processor.py:925} INFO - DAG(s) 'BuildELT_dbt' retrieved from /opt/airflow/dags/build_elt_with_dbt.py
[2025-05-03T19:48:10.995+0000] {logging_mixin.py:190} INFO - [2025-05-03T19:48:10.995+0000] {dag.py:3229} INFO - Sync 1 DAGs
[2025-05-03T19:48:11.006+0000] {logging_mixin.py:190} INFO - [2025-05-03T19:48:11.006+0000] {dag.py:4156} INFO - Setting next_dagrun for BuildELT_dbt to None, run_after=None
[2025-05-03T19:48:11.027+0000] {processor.py:208} INFO - Processing /opt/airflow/dags/build_elt_with_dbt.py took 0.089 seconds
[2025-05-03T19:48:41.431+0000] {processor.py:186} INFO - Started process (PID=759) to work on /opt/airflow/dags/build_elt_with_dbt.py
[2025-05-03T19:48:41.432+0000] {processor.py:914} INFO - Processing file /opt/airflow/dags/build_elt_with_dbt.py for tasks to queue
[2025-05-03T19:48:41.435+0000] {logging_mixin.py:190} INFO - [2025-05-03T19:48:41.434+0000] {dagbag.py:587} INFO - Filling up the DagBag from /opt/airflow/dags/build_elt_with_dbt.py
[2025-05-03T19:48:41.461+0000] {logging_mixin.py:190} INFO - [2025-05-03T19:48:41.460+0000] {base.py:84} INFO - Retrieving connection 'snowflake_conn'
[2025-05-03T19:48:41.467+0000] {processor.py:925} INFO - DAG(s) 'BuildELT_dbt' retrieved from /opt/airflow/dags/build_elt_with_dbt.py
[2025-05-03T19:48:41.483+0000] {logging_mixin.py:190} INFO - [2025-05-03T19:48:41.482+0000] {dag.py:3229} INFO - Sync 1 DAGs
[2025-05-03T19:48:41.494+0000] {logging_mixin.py:190} INFO - [2025-05-03T19:48:41.494+0000] {dag.py:4156} INFO - Setting next_dagrun for BuildELT_dbt to None, run_after=None
[2025-05-03T19:48:41.515+0000] {processor.py:208} INFO - Processing /opt/airflow/dags/build_elt_with_dbt.py took 0.091 seconds
[2025-05-03T19:49:11.888+0000] {processor.py:186} INFO - Started process (PID=776) to work on /opt/airflow/dags/build_elt_with_dbt.py
[2025-05-03T19:49:11.889+0000] {processor.py:914} INFO - Processing file /opt/airflow/dags/build_elt_with_dbt.py for tasks to queue
[2025-05-03T19:49:11.891+0000] {logging_mixin.py:190} INFO - [2025-05-03T19:49:11.891+0000] {dagbag.py:587} INFO - Filling up the DagBag from /opt/airflow/dags/build_elt_with_dbt.py
[2025-05-03T19:49:11.917+0000] {logging_mixin.py:190} INFO - [2025-05-03T19:49:11.917+0000] {base.py:84} INFO - Retrieving connection 'snowflake_conn'
[2025-05-03T19:49:11.923+0000] {processor.py:925} INFO - DAG(s) 'BuildELT_dbt' retrieved from /opt/airflow/dags/build_elt_with_dbt.py
[2025-05-03T19:49:11.939+0000] {logging_mixin.py:190} INFO - [2025-05-03T19:49:11.939+0000] {dag.py:3229} INFO - Sync 1 DAGs
[2025-05-03T19:49:11.952+0000] {logging_mixin.py:190} INFO - [2025-05-03T19:49:11.952+0000] {dag.py:4156} INFO - Setting next_dagrun for BuildELT_dbt to None, run_after=None
[2025-05-03T19:49:11.973+0000] {processor.py:208} INFO - Processing /opt/airflow/dags/build_elt_with_dbt.py took 0.092 seconds
[2025-05-03T19:49:42.326+0000] {processor.py:186} INFO - Started process (PID=792) to work on /opt/airflow/dags/build_elt_with_dbt.py
[2025-05-03T19:49:42.327+0000] {processor.py:914} INFO - Processing file /opt/airflow/dags/build_elt_with_dbt.py for tasks to queue
[2025-05-03T19:49:42.329+0000] {logging_mixin.py:190} INFO - [2025-05-03T19:49:42.329+0000] {dagbag.py:587} INFO - Filling up the DagBag from /opt/airflow/dags/build_elt_with_dbt.py
[2025-05-03T19:49:42.353+0000] {logging_mixin.py:190} INFO - [2025-05-03T19:49:42.353+0000] {base.py:84} INFO - Retrieving connection 'snowflake_conn'
[2025-05-03T19:49:42.360+0000] {processor.py:925} INFO - DAG(s) 'BuildELT_dbt' retrieved from /opt/airflow/dags/build_elt_with_dbt.py
[2025-05-03T19:49:42.377+0000] {logging_mixin.py:190} INFO - [2025-05-03T19:49:42.377+0000] {dag.py:3229} INFO - Sync 1 DAGs
[2025-05-03T19:49:42.390+0000] {logging_mixin.py:190} INFO - [2025-05-03T19:49:42.390+0000] {dag.py:4156} INFO - Setting next_dagrun for BuildELT_dbt to None, run_after=None
[2025-05-03T19:49:42.412+0000] {processor.py:208} INFO - Processing /opt/airflow/dags/build_elt_with_dbt.py took 0.091 seconds
[2025-05-03T19:50:12.849+0000] {processor.py:186} INFO - Started process (PID=809) to work on /opt/airflow/dags/build_elt_with_dbt.py
[2025-05-03T19:50:12.850+0000] {processor.py:914} INFO - Processing file /opt/airflow/dags/build_elt_with_dbt.py for tasks to queue
[2025-05-03T19:50:12.854+0000] {logging_mixin.py:190} INFO - [2025-05-03T19:50:12.853+0000] {dagbag.py:587} INFO - Filling up the DagBag from /opt/airflow/dags/build_elt_with_dbt.py
[2025-05-03T19:50:12.886+0000] {logging_mixin.py:190} INFO - [2025-05-03T19:50:12.886+0000] {base.py:84} INFO - Retrieving connection 'snowflake_conn'
[2025-05-03T19:50:12.894+0000] {processor.py:925} INFO - DAG(s) 'BuildELT_dbt' retrieved from /opt/airflow/dags/build_elt_with_dbt.py
[2025-05-03T19:50:12.911+0000] {logging_mixin.py:190} INFO - [2025-05-03T19:50:12.911+0000] {dag.py:3229} INFO - Sync 1 DAGs
[2025-05-03T19:50:12.924+0000] {logging_mixin.py:190} INFO - [2025-05-03T19:50:12.923+0000] {dag.py:4156} INFO - Setting next_dagrun for BuildELT_dbt to None, run_after=None
[2025-05-03T19:50:12.944+0000] {processor.py:208} INFO - Processing /opt/airflow/dags/build_elt_with_dbt.py took 0.103 seconds
[2025-05-03T19:50:43.364+0000] {processor.py:186} INFO - Started process (PID=825) to work on /opt/airflow/dags/build_elt_with_dbt.py
[2025-05-03T19:50:43.365+0000] {processor.py:914} INFO - Processing file /opt/airflow/dags/build_elt_with_dbt.py for tasks to queue
[2025-05-03T19:50:43.368+0000] {logging_mixin.py:190} INFO - [2025-05-03T19:50:43.367+0000] {dagbag.py:587} INFO - Filling up the DagBag from /opt/airflow/dags/build_elt_with_dbt.py
[2025-05-03T19:50:43.388+0000] {logging_mixin.py:190} INFO - [2025-05-03T19:50:43.388+0000] {base.py:84} INFO - Retrieving connection 'snowflake_conn'
[2025-05-03T19:50:43.393+0000] {processor.py:925} INFO - DAG(s) 'BuildELT_dbt' retrieved from /opt/airflow/dags/build_elt_with_dbt.py
[2025-05-03T19:50:43.409+0000] {logging_mixin.py:190} INFO - [2025-05-03T19:50:43.409+0000] {dag.py:3229} INFO - Sync 1 DAGs
[2025-05-03T19:50:43.422+0000] {logging_mixin.py:190} INFO - [2025-05-03T19:50:43.422+0000] {dag.py:4156} INFO - Setting next_dagrun for BuildELT_dbt to None, run_after=None
[2025-05-03T19:50:43.444+0000] {processor.py:208} INFO - Processing /opt/airflow/dags/build_elt_with_dbt.py took 0.085 seconds
[2025-05-03T19:51:13.877+0000] {processor.py:186} INFO - Started process (PID=841) to work on /opt/airflow/dags/build_elt_with_dbt.py
[2025-05-03T19:51:13.878+0000] {processor.py:914} INFO - Processing file /opt/airflow/dags/build_elt_with_dbt.py for tasks to queue
[2025-05-03T19:51:13.881+0000] {logging_mixin.py:190} INFO - [2025-05-03T19:51:13.881+0000] {dagbag.py:587} INFO - Filling up the DagBag from /opt/airflow/dags/build_elt_with_dbt.py
[2025-05-03T19:51:13.905+0000] {logging_mixin.py:190} INFO - [2025-05-03T19:51:13.904+0000] {base.py:84} INFO - Retrieving connection 'snowflake_conn'
[2025-05-03T19:51:13.912+0000] {processor.py:925} INFO - DAG(s) 'BuildELT_dbt' retrieved from /opt/airflow/dags/build_elt_with_dbt.py
[2025-05-03T19:51:13.929+0000] {logging_mixin.py:190} INFO - [2025-05-03T19:51:13.928+0000] {dag.py:3229} INFO - Sync 1 DAGs
[2025-05-03T19:51:13.941+0000] {logging_mixin.py:190} INFO - [2025-05-03T19:51:13.941+0000] {dag.py:4156} INFO - Setting next_dagrun for BuildELT_dbt to None, run_after=None
[2025-05-03T19:51:13.961+0000] {processor.py:208} INFO - Processing /opt/airflow/dags/build_elt_with_dbt.py took 0.089 seconds
[2025-05-03T19:51:44.351+0000] {processor.py:186} INFO - Started process (PID=857) to work on /opt/airflow/dags/build_elt_with_dbt.py
[2025-05-03T19:51:44.352+0000] {processor.py:914} INFO - Processing file /opt/airflow/dags/build_elt_with_dbt.py for tasks to queue
[2025-05-03T19:51:44.354+0000] {logging_mixin.py:190} INFO - [2025-05-03T19:51:44.354+0000] {dagbag.py:587} INFO - Filling up the DagBag from /opt/airflow/dags/build_elt_with_dbt.py
[2025-05-03T19:51:44.378+0000] {logging_mixin.py:190} INFO - [2025-05-03T19:51:44.378+0000] {base.py:84} INFO - Retrieving connection 'snowflake_conn'
[2025-05-03T19:51:44.385+0000] {processor.py:925} INFO - DAG(s) 'BuildELT_dbt' retrieved from /opt/airflow/dags/build_elt_with_dbt.py
[2025-05-03T19:51:44.401+0000] {logging_mixin.py:190} INFO - [2025-05-03T19:51:44.401+0000] {dag.py:3229} INFO - Sync 1 DAGs
[2025-05-03T19:51:44.413+0000] {logging_mixin.py:190} INFO - [2025-05-03T19:51:44.412+0000] {dag.py:4156} INFO - Setting next_dagrun for BuildELT_dbt to None, run_after=None
[2025-05-03T19:51:44.434+0000] {processor.py:208} INFO - Processing /opt/airflow/dags/build_elt_with_dbt.py took 0.088 seconds
[2025-05-03T19:52:14.570+0000] {processor.py:186} INFO - Started process (PID=873) to work on /opt/airflow/dags/build_elt_with_dbt.py
[2025-05-03T19:52:14.571+0000] {processor.py:914} INFO - Processing file /opt/airflow/dags/build_elt_with_dbt.py for tasks to queue
[2025-05-03T19:52:14.574+0000] {logging_mixin.py:190} INFO - [2025-05-03T19:52:14.573+0000] {dagbag.py:587} INFO - Filling up the DagBag from /opt/airflow/dags/build_elt_with_dbt.py
[2025-05-03T19:52:14.598+0000] {logging_mixin.py:190} INFO - [2025-05-03T19:52:14.597+0000] {base.py:84} INFO - Retrieving connection 'snowflake_conn'
[2025-05-03T19:52:14.603+0000] {processor.py:925} INFO - DAG(s) 'BuildELT_dbt' retrieved from /opt/airflow/dags/build_elt_with_dbt.py
[2025-05-03T19:52:14.619+0000] {logging_mixin.py:190} INFO - [2025-05-03T19:52:14.619+0000] {dag.py:3229} INFO - Sync 1 DAGs
[2025-05-03T19:52:14.630+0000] {logging_mixin.py:190} INFO - [2025-05-03T19:52:14.630+0000] {dag.py:4156} INFO - Setting next_dagrun for BuildELT_dbt to None, run_after=None
[2025-05-03T19:52:14.651+0000] {processor.py:208} INFO - Processing /opt/airflow/dags/build_elt_with_dbt.py took 0.087 seconds
[2025-05-03T19:52:45.036+0000] {processor.py:186} INFO - Started process (PID=889) to work on /opt/airflow/dags/build_elt_with_dbt.py
[2025-05-03T19:52:45.038+0000] {processor.py:914} INFO - Processing file /opt/airflow/dags/build_elt_with_dbt.py for tasks to queue
[2025-05-03T19:52:45.041+0000] {logging_mixin.py:190} INFO - [2025-05-03T19:52:45.041+0000] {dagbag.py:587} INFO - Filling up the DagBag from /opt/airflow/dags/build_elt_with_dbt.py
[2025-05-03T19:52:45.076+0000] {logging_mixin.py:190} INFO - [2025-05-03T19:52:45.076+0000] {base.py:84} INFO - Retrieving connection 'snowflake_conn'
[2025-05-03T19:52:45.083+0000] {processor.py:925} INFO - DAG(s) 'BuildELT_dbt' retrieved from /opt/airflow/dags/build_elt_with_dbt.py
[2025-05-03T19:52:45.100+0000] {logging_mixin.py:190} INFO - [2025-05-03T19:52:45.100+0000] {dag.py:3229} INFO - Sync 1 DAGs
[2025-05-03T19:52:45.113+0000] {logging_mixin.py:190} INFO - [2025-05-03T19:52:45.112+0000] {dag.py:4156} INFO - Setting next_dagrun for BuildELT_dbt to None, run_after=None
[2025-05-03T19:52:45.135+0000] {processor.py:208} INFO - Processing /opt/airflow/dags/build_elt_with_dbt.py took 0.109 seconds
[2025-05-03T19:53:15.364+0000] {processor.py:186} INFO - Started process (PID=905) to work on /opt/airflow/dags/build_elt_with_dbt.py
[2025-05-03T19:53:15.365+0000] {processor.py:914} INFO - Processing file /opt/airflow/dags/build_elt_with_dbt.py for tasks to queue
[2025-05-03T19:53:15.367+0000] {logging_mixin.py:190} INFO - [2025-05-03T19:53:15.367+0000] {dagbag.py:587} INFO - Filling up the DagBag from /opt/airflow/dags/build_elt_with_dbt.py
[2025-05-03T19:53:15.395+0000] {logging_mixin.py:190} INFO - [2025-05-03T19:53:15.395+0000] {base.py:84} INFO - Retrieving connection 'snowflake_conn'
[2025-05-03T19:53:15.401+0000] {processor.py:925} INFO - DAG(s) 'BuildELT_dbt' retrieved from /opt/airflow/dags/build_elt_with_dbt.py
[2025-05-03T19:53:15.417+0000] {logging_mixin.py:190} INFO - [2025-05-03T19:53:15.417+0000] {dag.py:3229} INFO - Sync 1 DAGs
[2025-05-03T19:53:15.430+0000] {logging_mixin.py:190} INFO - [2025-05-03T19:53:15.430+0000] {dag.py:4156} INFO - Setting next_dagrun for BuildELT_dbt to None, run_after=None
[2025-05-03T19:53:15.451+0000] {processor.py:208} INFO - Processing /opt/airflow/dags/build_elt_with_dbt.py took 0.093 seconds
[2025-05-03T19:53:45.790+0000] {processor.py:186} INFO - Started process (PID=921) to work on /opt/airflow/dags/build_elt_with_dbt.py
[2025-05-03T19:53:45.791+0000] {processor.py:914} INFO - Processing file /opt/airflow/dags/build_elt_with_dbt.py for tasks to queue
[2025-05-03T19:53:45.794+0000] {logging_mixin.py:190} INFO - [2025-05-03T19:53:45.794+0000] {dagbag.py:587} INFO - Filling up the DagBag from /opt/airflow/dags/build_elt_with_dbt.py
[2025-05-03T19:53:45.820+0000] {logging_mixin.py:190} INFO - [2025-05-03T19:53:45.819+0000] {base.py:84} INFO - Retrieving connection 'snowflake_conn'
[2025-05-03T19:53:45.826+0000] {processor.py:925} INFO - DAG(s) 'BuildELT_dbt' retrieved from /opt/airflow/dags/build_elt_with_dbt.py
[2025-05-03T19:53:45.843+0000] {logging_mixin.py:190} INFO - [2025-05-03T19:53:45.843+0000] {dag.py:3229} INFO - Sync 1 DAGs
[2025-05-03T19:53:45.858+0000] {logging_mixin.py:190} INFO - [2025-05-03T19:53:45.857+0000] {dag.py:4156} INFO - Setting next_dagrun for BuildELT_dbt to None, run_after=None
[2025-05-03T19:53:45.882+0000] {processor.py:208} INFO - Processing /opt/airflow/dags/build_elt_with_dbt.py took 0.098 seconds
[2025-05-03T19:54:16.260+0000] {processor.py:186} INFO - Started process (PID=938) to work on /opt/airflow/dags/build_elt_with_dbt.py
[2025-05-03T19:54:16.261+0000] {processor.py:914} INFO - Processing file /opt/airflow/dags/build_elt_with_dbt.py for tasks to queue
[2025-05-03T19:54:16.263+0000] {logging_mixin.py:190} INFO - [2025-05-03T19:54:16.263+0000] {dagbag.py:587} INFO - Filling up the DagBag from /opt/airflow/dags/build_elt_with_dbt.py
[2025-05-03T19:54:16.284+0000] {logging_mixin.py:190} INFO - [2025-05-03T19:54:16.284+0000] {base.py:84} INFO - Retrieving connection 'snowflake_conn'
[2025-05-03T19:54:16.290+0000] {processor.py:925} INFO - DAG(s) 'BuildELT_dbt' retrieved from /opt/airflow/dags/build_elt_with_dbt.py
[2025-05-03T19:54:16.309+0000] {logging_mixin.py:190} INFO - [2025-05-03T19:54:16.309+0000] {dag.py:3229} INFO - Sync 1 DAGs
[2025-05-03T19:54:16.322+0000] {logging_mixin.py:190} INFO - [2025-05-03T19:54:16.321+0000] {dag.py:4156} INFO - Setting next_dagrun for BuildELT_dbt to None, run_after=None
[2025-05-03T19:54:16.341+0000] {processor.py:208} INFO - Processing /opt/airflow/dags/build_elt_with_dbt.py took 0.086 seconds
[2025-05-03T19:54:46.694+0000] {processor.py:186} INFO - Started process (PID=960) to work on /opt/airflow/dags/build_elt_with_dbt.py
[2025-05-03T19:54:46.695+0000] {processor.py:914} INFO - Processing file /opt/airflow/dags/build_elt_with_dbt.py for tasks to queue
[2025-05-03T19:54:46.698+0000] {logging_mixin.py:190} INFO - [2025-05-03T19:54:46.697+0000] {dagbag.py:587} INFO - Filling up the DagBag from /opt/airflow/dags/build_elt_with_dbt.py
[2025-05-03T19:54:46.720+0000] {logging_mixin.py:190} INFO - [2025-05-03T19:54:46.720+0000] {base.py:84} INFO - Retrieving connection 'snowflake_conn'
[2025-05-03T19:54:46.726+0000] {processor.py:925} INFO - DAG(s) 'BuildELT_dbt' retrieved from /opt/airflow/dags/build_elt_with_dbt.py
[2025-05-03T19:54:46.742+0000] {logging_mixin.py:190} INFO - [2025-05-03T19:54:46.742+0000] {dag.py:3229} INFO - Sync 1 DAGs
[2025-05-03T19:54:46.754+0000] {logging_mixin.py:190} INFO - [2025-05-03T19:54:46.754+0000] {dag.py:4156} INFO - Setting next_dagrun for BuildELT_dbt to None, run_after=None
[2025-05-03T19:54:46.776+0000] {processor.py:208} INFO - Processing /opt/airflow/dags/build_elt_with_dbt.py took 0.087 seconds
[2025-05-03T19:55:17.156+0000] {processor.py:186} INFO - Started process (PID=976) to work on /opt/airflow/dags/build_elt_with_dbt.py
[2025-05-03T19:55:17.157+0000] {processor.py:914} INFO - Processing file /opt/airflow/dags/build_elt_with_dbt.py for tasks to queue
[2025-05-03T19:55:17.160+0000] {logging_mixin.py:190} INFO - [2025-05-03T19:55:17.159+0000] {dagbag.py:587} INFO - Filling up the DagBag from /opt/airflow/dags/build_elt_with_dbt.py
[2025-05-03T19:55:17.182+0000] {logging_mixin.py:190} INFO - [2025-05-03T19:55:17.181+0000] {base.py:84} INFO - Retrieving connection 'snowflake_conn'
[2025-05-03T19:55:17.188+0000] {processor.py:925} INFO - DAG(s) 'BuildELT_dbt' retrieved from /opt/airflow/dags/build_elt_with_dbt.py
[2025-05-03T19:55:17.205+0000] {logging_mixin.py:190} INFO - [2025-05-03T19:55:17.205+0000] {dag.py:3229} INFO - Sync 1 DAGs
[2025-05-03T19:55:17.218+0000] {logging_mixin.py:190} INFO - [2025-05-03T19:55:17.217+0000] {dag.py:4156} INFO - Setting next_dagrun for BuildELT_dbt to None, run_after=None
[2025-05-03T19:55:17.238+0000] {processor.py:208} INFO - Processing /opt/airflow/dags/build_elt_with_dbt.py took 0.088 seconds
[2025-05-03T19:55:47.551+0000] {processor.py:186} INFO - Started process (PID=994) to work on /opt/airflow/dags/build_elt_with_dbt.py
[2025-05-03T19:55:47.554+0000] {processor.py:914} INFO - Processing file /opt/airflow/dags/build_elt_with_dbt.py for tasks to queue
[2025-05-03T19:55:47.560+0000] {logging_mixin.py:190} INFO - [2025-05-03T19:55:47.560+0000] {dagbag.py:587} INFO - Filling up the DagBag from /opt/airflow/dags/build_elt_with_dbt.py
[2025-05-03T19:55:47.610+0000] {logging_mixin.py:190} INFO - [2025-05-03T19:55:47.610+0000] {base.py:84} INFO - Retrieving connection 'snowflake_conn'
[2025-05-03T19:55:47.619+0000] {processor.py:925} INFO - DAG(s) 'BuildELT_dbt' retrieved from /opt/airflow/dags/build_elt_with_dbt.py
[2025-05-03T19:55:47.641+0000] {logging_mixin.py:190} INFO - [2025-05-03T19:55:47.641+0000] {dag.py:3229} INFO - Sync 1 DAGs
[2025-05-03T19:55:47.660+0000] {logging_mixin.py:190} INFO - [2025-05-03T19:55:47.659+0000] {dag.py:4156} INFO - Setting next_dagrun for BuildELT_dbt to None, run_after=None
[2025-05-03T19:55:47.684+0000] {processor.py:208} INFO - Processing /opt/airflow/dags/build_elt_with_dbt.py took 0.148 seconds
[2025-05-03T19:56:18.094+0000] {processor.py:186} INFO - Started process (PID=1010) to work on /opt/airflow/dags/build_elt_with_dbt.py
[2025-05-03T19:56:18.095+0000] {processor.py:914} INFO - Processing file /opt/airflow/dags/build_elt_with_dbt.py for tasks to queue
[2025-05-03T19:56:18.098+0000] {logging_mixin.py:190} INFO - [2025-05-03T19:56:18.098+0000] {dagbag.py:587} INFO - Filling up the DagBag from /opt/airflow/dags/build_elt_with_dbt.py
[2025-05-03T19:56:18.125+0000] {logging_mixin.py:190} INFO - [2025-05-03T19:56:18.125+0000] {base.py:84} INFO - Retrieving connection 'snowflake_conn'
[2025-05-03T19:56:18.138+0000] {processor.py:925} INFO - DAG(s) 'BuildELT_dbt' retrieved from /opt/airflow/dags/build_elt_with_dbt.py
[2025-05-03T19:56:18.161+0000] {logging_mixin.py:190} INFO - [2025-05-03T19:56:18.161+0000] {dag.py:3229} INFO - Sync 1 DAGs
[2025-05-03T19:56:18.175+0000] {logging_mixin.py:190} INFO - [2025-05-03T19:56:18.175+0000] {dag.py:4156} INFO - Setting next_dagrun for BuildELT_dbt to None, run_after=None
[2025-05-03T19:56:18.196+0000] {processor.py:208} INFO - Processing /opt/airflow/dags/build_elt_with_dbt.py took 0.108 seconds
[2025-05-03T19:56:48.626+0000] {processor.py:186} INFO - Started process (PID=1032) to work on /opt/airflow/dags/build_elt_with_dbt.py
[2025-05-03T19:56:48.628+0000] {processor.py:914} INFO - Processing file /opt/airflow/dags/build_elt_with_dbt.py for tasks to queue
[2025-05-03T19:56:48.631+0000] {logging_mixin.py:190} INFO - [2025-05-03T19:56:48.630+0000] {dagbag.py:587} INFO - Filling up the DagBag from /opt/airflow/dags/build_elt_with_dbt.py
[2025-05-03T19:56:48.669+0000] {logging_mixin.py:190} INFO - [2025-05-03T19:56:48.668+0000] {base.py:84} INFO - Retrieving connection 'snowflake_conn'
[2025-05-03T19:56:48.678+0000] {processor.py:925} INFO - DAG(s) 'BuildELT_dbt' retrieved from /opt/airflow/dags/build_elt_with_dbt.py
[2025-05-03T19:56:48.702+0000] {logging_mixin.py:190} INFO - [2025-05-03T19:56:48.702+0000] {dag.py:3229} INFO - Sync 1 DAGs
[2025-05-03T19:56:48.717+0000] {logging_mixin.py:190} INFO - [2025-05-03T19:56:48.717+0000] {dag.py:4156} INFO - Setting next_dagrun for BuildELT_dbt to None, run_after=None
[2025-05-03T19:56:48.740+0000] {processor.py:208} INFO - Processing /opt/airflow/dags/build_elt_with_dbt.py took 0.122 seconds
[2025-05-03T19:57:19.179+0000] {processor.py:186} INFO - Started process (PID=1048) to work on /opt/airflow/dags/build_elt_with_dbt.py
[2025-05-03T19:57:19.180+0000] {processor.py:914} INFO - Processing file /opt/airflow/dags/build_elt_with_dbt.py for tasks to queue
[2025-05-03T19:57:19.183+0000] {logging_mixin.py:190} INFO - [2025-05-03T19:57:19.182+0000] {dagbag.py:587} INFO - Filling up the DagBag from /opt/airflow/dags/build_elt_with_dbt.py
[2025-05-03T19:57:19.215+0000] {logging_mixin.py:190} INFO - [2025-05-03T19:57:19.215+0000] {base.py:84} INFO - Retrieving connection 'snowflake_conn'
[2025-05-03T19:57:19.221+0000] {processor.py:925} INFO - DAG(s) 'BuildELT_dbt' retrieved from /opt/airflow/dags/build_elt_with_dbt.py
[2025-05-03T19:57:19.238+0000] {logging_mixin.py:190} INFO - [2025-05-03T19:57:19.238+0000] {dag.py:3229} INFO - Sync 1 DAGs
[2025-05-03T19:57:19.251+0000] {logging_mixin.py:190} INFO - [2025-05-03T19:57:19.251+0000] {dag.py:4156} INFO - Setting next_dagrun for BuildELT_dbt to None, run_after=None
[2025-05-03T19:57:19.272+0000] {processor.py:208} INFO - Processing /opt/airflow/dags/build_elt_with_dbt.py took 0.105 seconds
[2025-05-03T19:57:49.715+0000] {processor.py:186} INFO - Started process (PID=1064) to work on /opt/airflow/dags/build_elt_with_dbt.py
[2025-05-03T19:57:49.717+0000] {processor.py:914} INFO - Processing file /opt/airflow/dags/build_elt_with_dbt.py for tasks to queue
[2025-05-03T19:57:49.719+0000] {logging_mixin.py:190} INFO - [2025-05-03T19:57:49.719+0000] {dagbag.py:587} INFO - Filling up the DagBag from /opt/airflow/dags/build_elt_with_dbt.py
[2025-05-03T19:57:49.747+0000] {logging_mixin.py:190} INFO - [2025-05-03T19:57:49.747+0000] {base.py:84} INFO - Retrieving connection 'snowflake_conn'
[2025-05-03T19:57:49.753+0000] {processor.py:925} INFO - DAG(s) 'BuildELT_dbt' retrieved from /opt/airflow/dags/build_elt_with_dbt.py
[2025-05-03T19:57:49.770+0000] {logging_mixin.py:190} INFO - [2025-05-03T19:57:49.770+0000] {dag.py:3229} INFO - Sync 1 DAGs
[2025-05-03T19:57:49.782+0000] {logging_mixin.py:190} INFO - [2025-05-03T19:57:49.782+0000] {dag.py:4156} INFO - Setting next_dagrun for BuildELT_dbt to None, run_after=None
[2025-05-03T19:57:49.801+0000] {processor.py:208} INFO - Processing /opt/airflow/dags/build_elt_with_dbt.py took 0.091 seconds
[2025-05-03T19:58:20.208+0000] {processor.py:186} INFO - Started process (PID=1081) to work on /opt/airflow/dags/build_elt_with_dbt.py
[2025-05-03T19:58:20.209+0000] {processor.py:914} INFO - Processing file /opt/airflow/dags/build_elt_with_dbt.py for tasks to queue
[2025-05-03T19:58:20.212+0000] {logging_mixin.py:190} INFO - [2025-05-03T19:58:20.212+0000] {dagbag.py:587} INFO - Filling up the DagBag from /opt/airflow/dags/build_elt_with_dbt.py
[2025-05-03T19:58:20.235+0000] {logging_mixin.py:190} INFO - [2025-05-03T19:58:20.235+0000] {base.py:84} INFO - Retrieving connection 'snowflake_conn'
[2025-05-03T19:58:20.242+0000] {processor.py:925} INFO - DAG(s) 'BuildELT_dbt' retrieved from /opt/airflow/dags/build_elt_with_dbt.py
[2025-05-03T19:58:20.261+0000] {logging_mixin.py:190} INFO - [2025-05-03T19:58:20.261+0000] {dag.py:3229} INFO - Sync 1 DAGs
[2025-05-03T19:58:20.274+0000] {logging_mixin.py:190} INFO - [2025-05-03T19:58:20.274+0000] {dag.py:4156} INFO - Setting next_dagrun for BuildELT_dbt to None, run_after=None
[2025-05-03T19:58:20.299+0000] {processor.py:208} INFO - Processing /opt/airflow/dags/build_elt_with_dbt.py took 0.097 seconds
[2025-05-03T19:58:50.722+0000] {processor.py:186} INFO - Started process (PID=1097) to work on /opt/airflow/dags/build_elt_with_dbt.py
[2025-05-03T19:58:50.724+0000] {processor.py:914} INFO - Processing file /opt/airflow/dags/build_elt_with_dbt.py for tasks to queue
[2025-05-03T19:58:50.726+0000] {logging_mixin.py:190} INFO - [2025-05-03T19:58:50.726+0000] {dagbag.py:587} INFO - Filling up the DagBag from /opt/airflow/dags/build_elt_with_dbt.py
[2025-05-03T19:58:50.749+0000] {logging_mixin.py:190} INFO - [2025-05-03T19:58:50.748+0000] {base.py:84} INFO - Retrieving connection 'snowflake_conn'
[2025-05-03T19:58:50.755+0000] {processor.py:925} INFO - DAG(s) 'BuildELT_dbt' retrieved from /opt/airflow/dags/build_elt_with_dbt.py
[2025-05-03T19:58:50.771+0000] {logging_mixin.py:190} INFO - [2025-05-03T19:58:50.771+0000] {dag.py:3229} INFO - Sync 1 DAGs
[2025-05-03T19:58:50.783+0000] {logging_mixin.py:190} INFO - [2025-05-03T19:58:50.783+0000] {dag.py:4156} INFO - Setting next_dagrun for BuildELT_dbt to None, run_after=None
[2025-05-03T19:58:50.805+0000] {processor.py:208} INFO - Processing /opt/airflow/dags/build_elt_with_dbt.py took 0.088 seconds
[2025-05-03T19:59:21.232+0000] {processor.py:186} INFO - Started process (PID=1113) to work on /opt/airflow/dags/build_elt_with_dbt.py
[2025-05-03T19:59:21.233+0000] {processor.py:914} INFO - Processing file /opt/airflow/dags/build_elt_with_dbt.py for tasks to queue
[2025-05-03T19:59:21.236+0000] {logging_mixin.py:190} INFO - [2025-05-03T19:59:21.235+0000] {dagbag.py:587} INFO - Filling up the DagBag from /opt/airflow/dags/build_elt_with_dbt.py
[2025-05-03T19:59:21.260+0000] {logging_mixin.py:190} INFO - [2025-05-03T19:59:21.259+0000] {base.py:84} INFO - Retrieving connection 'snowflake_conn'
[2025-05-03T19:59:21.266+0000] {processor.py:925} INFO - DAG(s) 'BuildELT_dbt' retrieved from /opt/airflow/dags/build_elt_with_dbt.py
[2025-05-03T19:59:21.282+0000] {logging_mixin.py:190} INFO - [2025-05-03T19:59:21.282+0000] {dag.py:3229} INFO - Sync 1 DAGs
[2025-05-03T19:59:21.294+0000] {logging_mixin.py:190} INFO - [2025-05-03T19:59:21.294+0000] {dag.py:4156} INFO - Setting next_dagrun for BuildELT_dbt to None, run_after=None
[2025-05-03T19:59:21.315+0000] {processor.py:208} INFO - Processing /opt/airflow/dags/build_elt_with_dbt.py took 0.090 seconds
[2025-05-03T19:59:51.752+0000] {processor.py:186} INFO - Started process (PID=1128) to work on /opt/airflow/dags/build_elt_with_dbt.py
[2025-05-03T19:59:51.753+0000] {processor.py:914} INFO - Processing file /opt/airflow/dags/build_elt_with_dbt.py for tasks to queue
[2025-05-03T19:59:51.756+0000] {logging_mixin.py:190} INFO - [2025-05-03T19:59:51.755+0000] {dagbag.py:587} INFO - Filling up the DagBag from /opt/airflow/dags/build_elt_with_dbt.py
[2025-05-03T19:59:51.780+0000] {logging_mixin.py:190} INFO - [2025-05-03T19:59:51.780+0000] {base.py:84} INFO - Retrieving connection 'snowflake_conn'
[2025-05-03T19:59:51.786+0000] {processor.py:925} INFO - DAG(s) 'BuildELT_dbt' retrieved from /opt/airflow/dags/build_elt_with_dbt.py
[2025-05-03T19:59:51.802+0000] {logging_mixin.py:190} INFO - [2025-05-03T19:59:51.802+0000] {dag.py:3229} INFO - Sync 1 DAGs
[2025-05-03T19:59:51.816+0000] {logging_mixin.py:190} INFO - [2025-05-03T19:59:51.816+0000] {dag.py:4156} INFO - Setting next_dagrun for BuildELT_dbt to None, run_after=None
[2025-05-03T19:59:51.837+0000] {processor.py:208} INFO - Processing /opt/airflow/dags/build_elt_with_dbt.py took 0.091 seconds
[2025-05-03T20:00:22.290+0000] {processor.py:186} INFO - Started process (PID=1144) to work on /opt/airflow/dags/build_elt_with_dbt.py
[2025-05-03T20:00:22.293+0000] {processor.py:914} INFO - Processing file /opt/airflow/dags/build_elt_with_dbt.py for tasks to queue
[2025-05-03T20:00:22.301+0000] {logging_mixin.py:190} INFO - [2025-05-03T20:00:22.300+0000] {dagbag.py:587} INFO - Filling up the DagBag from /opt/airflow/dags/build_elt_with_dbt.py
[2025-05-03T20:00:22.334+0000] {logging_mixin.py:190} INFO - [2025-05-03T20:00:22.334+0000] {base.py:84} INFO - Retrieving connection 'snowflake_conn'
[2025-05-03T20:00:22.340+0000] {processor.py:925} INFO - DAG(s) 'BuildELT_dbt' retrieved from /opt/airflow/dags/build_elt_with_dbt.py
[2025-05-03T20:00:22.361+0000] {logging_mixin.py:190} INFO - [2025-05-03T20:00:22.360+0000] {dag.py:3229} INFO - Sync 1 DAGs
[2025-05-03T20:00:22.378+0000] {logging_mixin.py:190} INFO - [2025-05-03T20:00:22.378+0000] {dag.py:4156} INFO - Setting next_dagrun for BuildELT_dbt to None, run_after=None
[2025-05-03T20:00:22.401+0000] {processor.py:208} INFO - Processing /opt/airflow/dags/build_elt_with_dbt.py took 0.122 seconds
[2025-05-03T20:00:52.473+0000] {processor.py:186} INFO - Started process (PID=1160) to work on /opt/airflow/dags/build_elt_with_dbt.py
[2025-05-03T20:00:52.474+0000] {processor.py:914} INFO - Processing file /opt/airflow/dags/build_elt_with_dbt.py for tasks to queue
[2025-05-03T20:00:52.478+0000] {logging_mixin.py:190} INFO - [2025-05-03T20:00:52.477+0000] {dagbag.py:587} INFO - Filling up the DagBag from /opt/airflow/dags/build_elt_with_dbt.py
[2025-05-03T20:00:52.505+0000] {logging_mixin.py:190} INFO - [2025-05-03T20:00:52.505+0000] {base.py:84} INFO - Retrieving connection 'snowflake_conn'
[2025-05-03T20:00:52.518+0000] {processor.py:925} INFO - DAG(s) 'BuildELT_dbt' retrieved from /opt/airflow/dags/build_elt_with_dbt.py
[2025-05-03T20:00:52.535+0000] {logging_mixin.py:190} INFO - [2025-05-03T20:00:52.534+0000] {dag.py:3229} INFO - Sync 1 DAGs
[2025-05-03T20:00:52.547+0000] {logging_mixin.py:190} INFO - [2025-05-03T20:00:52.547+0000] {dag.py:4156} INFO - Setting next_dagrun for BuildELT_dbt to None, run_after=None
[2025-05-03T20:00:52.568+0000] {processor.py:208} INFO - Processing /opt/airflow/dags/build_elt_with_dbt.py took 0.103 seconds
[2025-05-03T20:01:22.997+0000] {processor.py:186} INFO - Started process (PID=1176) to work on /opt/airflow/dags/build_elt_with_dbt.py
[2025-05-03T20:01:23.000+0000] {processor.py:914} INFO - Processing file /opt/airflow/dags/build_elt_with_dbt.py for tasks to queue
[2025-05-03T20:01:23.005+0000] {logging_mixin.py:190} INFO - [2025-05-03T20:01:23.005+0000] {dagbag.py:587} INFO - Filling up the DagBag from /opt/airflow/dags/build_elt_with_dbt.py
[2025-05-03T20:01:23.059+0000] {logging_mixin.py:190} INFO - [2025-05-03T20:01:23.059+0000] {base.py:84} INFO - Retrieving connection 'snowflake_conn'
[2025-05-03T20:01:23.116+0000] {processor.py:925} INFO - DAG(s) 'BuildELT_dbt' retrieved from /opt/airflow/dags/build_elt_with_dbt.py
[2025-05-03T20:01:23.256+0000] {logging_mixin.py:190} INFO - [2025-05-03T20:01:23.256+0000] {dag.py:3229} INFO - Sync 1 DAGs
[2025-05-03T20:01:23.370+0000] {logging_mixin.py:190} INFO - [2025-05-03T20:01:23.369+0000] {dag.py:4156} INFO - Setting next_dagrun for BuildELT_dbt to None, run_after=None
[2025-05-03T20:01:23.444+0000] {processor.py:208} INFO - Processing /opt/airflow/dags/build_elt_with_dbt.py took 0.464 seconds
[2025-05-03T20:01:53.903+0000] {processor.py:186} INFO - Started process (PID=1192) to work on /opt/airflow/dags/build_elt_with_dbt.py
[2025-05-03T20:01:53.904+0000] {processor.py:914} INFO - Processing file /opt/airflow/dags/build_elt_with_dbt.py for tasks to queue
[2025-05-03T20:01:53.911+0000] {logging_mixin.py:190} INFO - [2025-05-03T20:01:53.910+0000] {dagbag.py:587} INFO - Filling up the DagBag from /opt/airflow/dags/build_elt_with_dbt.py
[2025-05-03T20:01:53.957+0000] {logging_mixin.py:190} INFO - [2025-05-03T20:01:53.957+0000] {base.py:84} INFO - Retrieving connection 'snowflake_conn'
[2025-05-03T20:01:53.970+0000] {processor.py:925} INFO - DAG(s) 'BuildELT_dbt' retrieved from /opt/airflow/dags/build_elt_with_dbt.py
[2025-05-03T20:01:53.994+0000] {logging_mixin.py:190} INFO - [2025-05-03T20:01:53.994+0000] {dag.py:3229} INFO - Sync 1 DAGs
[2025-05-03T20:01:54.015+0000] {logging_mixin.py:190} INFO - [2025-05-03T20:01:54.015+0000] {dag.py:4156} INFO - Setting next_dagrun for BuildELT_dbt to None, run_after=None
[2025-05-03T20:01:54.046+0000] {processor.py:208} INFO - Processing /opt/airflow/dags/build_elt_with_dbt.py took 0.151 seconds
[2025-05-03T20:02:24.161+0000] {processor.py:186} INFO - Started process (PID=1209) to work on /opt/airflow/dags/build_elt_with_dbt.py
[2025-05-03T20:02:24.163+0000] {processor.py:914} INFO - Processing file /opt/airflow/dags/build_elt_with_dbt.py for tasks to queue
[2025-05-03T20:02:24.166+0000] {logging_mixin.py:190} INFO - [2025-05-03T20:02:24.165+0000] {dagbag.py:587} INFO - Filling up the DagBag from /opt/airflow/dags/build_elt_with_dbt.py
[2025-05-03T20:02:24.196+0000] {logging_mixin.py:190} INFO - [2025-05-03T20:02:24.195+0000] {base.py:84} INFO - Retrieving connection 'snowflake_conn'
[2025-05-03T20:02:24.202+0000] {processor.py:925} INFO - DAG(s) 'BuildELT_dbt' retrieved from /opt/airflow/dags/build_elt_with_dbt.py
[2025-05-03T20:02:24.219+0000] {logging_mixin.py:190} INFO - [2025-05-03T20:02:24.219+0000] {dag.py:3229} INFO - Sync 1 DAGs
[2025-05-03T20:02:24.233+0000] {logging_mixin.py:190} INFO - [2025-05-03T20:02:24.233+0000] {dag.py:4156} INFO - Setting next_dagrun for BuildELT_dbt to None, run_after=None
[2025-05-03T20:02:24.252+0000] {processor.py:208} INFO - Processing /opt/airflow/dags/build_elt_with_dbt.py took 0.103 seconds
[2025-05-03T20:02:54.672+0000] {processor.py:186} INFO - Started process (PID=1225) to work on /opt/airflow/dags/build_elt_with_dbt.py
[2025-05-03T20:02:54.674+0000] {processor.py:914} INFO - Processing file /opt/airflow/dags/build_elt_with_dbt.py for tasks to queue
[2025-05-03T20:02:54.677+0000] {logging_mixin.py:190} INFO - [2025-05-03T20:02:54.676+0000] {dagbag.py:587} INFO - Filling up the DagBag from /opt/airflow/dags/build_elt_with_dbt.py
[2025-05-03T20:02:54.704+0000] {logging_mixin.py:190} INFO - [2025-05-03T20:02:54.704+0000] {base.py:84} INFO - Retrieving connection 'snowflake_conn'
[2025-05-03T20:02:54.711+0000] {processor.py:925} INFO - DAG(s) 'BuildELT_dbt' retrieved from /opt/airflow/dags/build_elt_with_dbt.py
[2025-05-03T20:02:54.727+0000] {logging_mixin.py:190} INFO - [2025-05-03T20:02:54.727+0000] {dag.py:3229} INFO - Sync 1 DAGs
[2025-05-03T20:02:54.740+0000] {logging_mixin.py:190} INFO - [2025-05-03T20:02:54.740+0000] {dag.py:4156} INFO - Setting next_dagrun for BuildELT_dbt to None, run_after=None
[2025-05-03T20:02:54.760+0000] {processor.py:208} INFO - Processing /opt/airflow/dags/build_elt_with_dbt.py took 0.095 seconds
[2025-05-03T20:03:25.159+0000] {processor.py:186} INFO - Started process (PID=1241) to work on /opt/airflow/dags/build_elt_with_dbt.py
[2025-05-03T20:03:25.161+0000] {processor.py:914} INFO - Processing file /opt/airflow/dags/build_elt_with_dbt.py for tasks to queue
[2025-05-03T20:03:25.163+0000] {logging_mixin.py:190} INFO - [2025-05-03T20:03:25.163+0000] {dagbag.py:587} INFO - Filling up the DagBag from /opt/airflow/dags/build_elt_with_dbt.py
[2025-05-03T20:03:25.187+0000] {logging_mixin.py:190} INFO - [2025-05-03T20:03:25.187+0000] {base.py:84} INFO - Retrieving connection 'snowflake_conn'
[2025-05-03T20:03:25.194+0000] {processor.py:925} INFO - DAG(s) 'BuildELT_dbt' retrieved from /opt/airflow/dags/build_elt_with_dbt.py
[2025-05-03T20:03:25.210+0000] {logging_mixin.py:190} INFO - [2025-05-03T20:03:25.210+0000] {dag.py:3229} INFO - Sync 1 DAGs
[2025-05-03T20:03:25.222+0000] {logging_mixin.py:190} INFO - [2025-05-03T20:03:25.222+0000] {dag.py:4156} INFO - Setting next_dagrun for BuildELT_dbt to None, run_after=None
[2025-05-03T20:03:25.244+0000] {processor.py:208} INFO - Processing /opt/airflow/dags/build_elt_with_dbt.py took 0.090 seconds
[2025-05-03T20:03:55.655+0000] {processor.py:186} INFO - Started process (PID=1257) to work on /opt/airflow/dags/build_elt_with_dbt.py
[2025-05-03T20:03:55.656+0000] {processor.py:914} INFO - Processing file /opt/airflow/dags/build_elt_with_dbt.py for tasks to queue
[2025-05-03T20:03:55.659+0000] {logging_mixin.py:190} INFO - [2025-05-03T20:03:55.658+0000] {dagbag.py:587} INFO - Filling up the DagBag from /opt/airflow/dags/build_elt_with_dbt.py
[2025-05-03T20:03:55.682+0000] {logging_mixin.py:190} INFO - [2025-05-03T20:03:55.682+0000] {base.py:84} INFO - Retrieving connection 'snowflake_conn'
[2025-05-03T20:03:55.689+0000] {processor.py:925} INFO - DAG(s) 'BuildELT_dbt' retrieved from /opt/airflow/dags/build_elt_with_dbt.py
[2025-05-03T20:03:55.708+0000] {logging_mixin.py:190} INFO - [2025-05-03T20:03:55.707+0000] {dag.py:3229} INFO - Sync 1 DAGs
[2025-05-03T20:03:55.722+0000] {logging_mixin.py:190} INFO - [2025-05-03T20:03:55.721+0000] {dag.py:4156} INFO - Setting next_dagrun for BuildELT_dbt to None, run_after=None
[2025-05-03T20:03:55.743+0000] {processor.py:208} INFO - Processing /opt/airflow/dags/build_elt_with_dbt.py took 0.094 seconds
[2025-05-03T20:04:26.183+0000] {processor.py:186} INFO - Started process (PID=1272) to work on /opt/airflow/dags/build_elt_with_dbt.py
[2025-05-03T20:04:26.184+0000] {processor.py:914} INFO - Processing file /opt/airflow/dags/build_elt_with_dbt.py for tasks to queue
[2025-05-03T20:04:26.187+0000] {logging_mixin.py:190} INFO - [2025-05-03T20:04:26.187+0000] {dagbag.py:587} INFO - Filling up the DagBag from /opt/airflow/dags/build_elt_with_dbt.py
[2025-05-03T20:04:26.210+0000] {logging_mixin.py:190} INFO - [2025-05-03T20:04:26.210+0000] {base.py:84} INFO - Retrieving connection 'snowflake_conn'
[2025-05-03T20:04:26.217+0000] {processor.py:925} INFO - DAG(s) 'BuildELT_dbt' retrieved from /opt/airflow/dags/build_elt_with_dbt.py
[2025-05-03T20:04:26.236+0000] {logging_mixin.py:190} INFO - [2025-05-03T20:04:26.236+0000] {dag.py:3229} INFO - Sync 1 DAGs
[2025-05-03T20:04:26.249+0000] {logging_mixin.py:190} INFO - [2025-05-03T20:04:26.248+0000] {dag.py:4156} INFO - Setting next_dagrun for BuildELT_dbt to None, run_after=None
[2025-05-03T20:04:26.269+0000] {processor.py:208} INFO - Processing /opt/airflow/dags/build_elt_with_dbt.py took 0.092 seconds
[2025-05-03T20:04:56.670+0000] {processor.py:186} INFO - Started process (PID=1288) to work on /opt/airflow/dags/build_elt_with_dbt.py
[2025-05-03T20:04:56.671+0000] {processor.py:914} INFO - Processing file /opt/airflow/dags/build_elt_with_dbt.py for tasks to queue
[2025-05-03T20:04:56.674+0000] {logging_mixin.py:190} INFO - [2025-05-03T20:04:56.673+0000] {dagbag.py:587} INFO - Filling up the DagBag from /opt/airflow/dags/build_elt_with_dbt.py
[2025-05-03T20:04:56.700+0000] {logging_mixin.py:190} INFO - [2025-05-03T20:04:56.700+0000] {base.py:84} INFO - Retrieving connection 'snowflake_conn'
[2025-05-03T20:04:56.706+0000] {processor.py:925} INFO - DAG(s) 'BuildELT_dbt' retrieved from /opt/airflow/dags/build_elt_with_dbt.py
[2025-05-03T20:04:56.723+0000] {logging_mixin.py:190} INFO - [2025-05-03T20:04:56.722+0000] {dag.py:3229} INFO - Sync 1 DAGs
[2025-05-03T20:04:56.736+0000] {logging_mixin.py:190} INFO - [2025-05-03T20:04:56.736+0000] {dag.py:4156} INFO - Setting next_dagrun for BuildELT_dbt to None, run_after=None
[2025-05-03T20:04:56.755+0000] {processor.py:208} INFO - Processing /opt/airflow/dags/build_elt_with_dbt.py took 0.091 seconds
[2025-05-03T20:05:27.159+0000] {processor.py:186} INFO - Started process (PID=1304) to work on /opt/airflow/dags/build_elt_with_dbt.py
[2025-05-03T20:05:27.160+0000] {processor.py:914} INFO - Processing file /opt/airflow/dags/build_elt_with_dbt.py for tasks to queue
[2025-05-03T20:05:27.163+0000] {logging_mixin.py:190} INFO - [2025-05-03T20:05:27.163+0000] {dagbag.py:587} INFO - Filling up the DagBag from /opt/airflow/dags/build_elt_with_dbt.py
[2025-05-03T20:05:27.186+0000] {logging_mixin.py:190} INFO - [2025-05-03T20:05:27.186+0000] {base.py:84} INFO - Retrieving connection 'snowflake_conn'
[2025-05-03T20:05:27.193+0000] {processor.py:925} INFO - DAG(s) 'BuildELT_dbt' retrieved from /opt/airflow/dags/build_elt_with_dbt.py
[2025-05-03T20:05:27.210+0000] {logging_mixin.py:190} INFO - [2025-05-03T20:05:27.209+0000] {dag.py:3229} INFO - Sync 1 DAGs
[2025-05-03T20:05:27.222+0000] {logging_mixin.py:190} INFO - [2025-05-03T20:05:27.221+0000] {dag.py:4156} INFO - Setting next_dagrun for BuildELT_dbt to None, run_after=None
[2025-05-03T20:05:27.244+0000] {processor.py:208} INFO - Processing /opt/airflow/dags/build_elt_with_dbt.py took 0.090 seconds
[2025-05-03T20:05:57.745+0000] {processor.py:186} INFO - Started process (PID=1320) to work on /opt/airflow/dags/build_elt_with_dbt.py
[2025-05-03T20:05:57.747+0000] {processor.py:914} INFO - Processing file /opt/airflow/dags/build_elt_with_dbt.py for tasks to queue
[2025-05-03T20:05:57.749+0000] {logging_mixin.py:190} INFO - [2025-05-03T20:05:57.749+0000] {dagbag.py:587} INFO - Filling up the DagBag from /opt/airflow/dags/build_elt_with_dbt.py
[2025-05-03T20:05:57.774+0000] {logging_mixin.py:190} INFO - [2025-05-03T20:05:57.774+0000] {base.py:84} INFO - Retrieving connection 'snowflake_conn'
[2025-05-03T20:05:57.780+0000] {processor.py:925} INFO - DAG(s) 'BuildELT_dbt' retrieved from /opt/airflow/dags/build_elt_with_dbt.py
[2025-05-03T20:05:57.796+0000] {logging_mixin.py:190} INFO - [2025-05-03T20:05:57.796+0000] {dag.py:3229} INFO - Sync 1 DAGs
[2025-05-03T20:05:57.808+0000] {logging_mixin.py:190} INFO - [2025-05-03T20:05:57.808+0000] {dag.py:4156} INFO - Setting next_dagrun for BuildELT_dbt to None, run_after=None
[2025-05-03T20:05:57.831+0000] {processor.py:208} INFO - Processing /opt/airflow/dags/build_elt_with_dbt.py took 0.091 seconds
[2025-05-03T20:06:28.260+0000] {processor.py:186} INFO - Started process (PID=1336) to work on /opt/airflow/dags/build_elt_with_dbt.py
[2025-05-03T20:06:28.262+0000] {processor.py:914} INFO - Processing file /opt/airflow/dags/build_elt_with_dbt.py for tasks to queue
[2025-05-03T20:06:28.266+0000] {logging_mixin.py:190} INFO - [2025-05-03T20:06:28.265+0000] {dagbag.py:587} INFO - Filling up the DagBag from /opt/airflow/dags/build_elt_with_dbt.py
[2025-05-03T20:06:28.301+0000] {logging_mixin.py:190} INFO - [2025-05-03T20:06:28.301+0000] {base.py:84} INFO - Retrieving connection 'snowflake_conn'
[2025-05-03T20:06:28.309+0000] {processor.py:925} INFO - DAG(s) 'BuildELT_dbt' retrieved from /opt/airflow/dags/build_elt_with_dbt.py
[2025-05-03T20:06:28.330+0000] {logging_mixin.py:190} INFO - [2025-05-03T20:06:28.330+0000] {dag.py:3229} INFO - Sync 1 DAGs
[2025-05-03T20:06:28.345+0000] {logging_mixin.py:190} INFO - [2025-05-03T20:06:28.344+0000] {dag.py:4156} INFO - Setting next_dagrun for BuildELT_dbt to None, run_after=None
[2025-05-03T20:06:28.367+0000] {processor.py:208} INFO - Processing /opt/airflow/dags/build_elt_with_dbt.py took 0.116 seconds
[2025-05-03T20:06:58.804+0000] {processor.py:186} INFO - Started process (PID=1352) to work on /opt/airflow/dags/build_elt_with_dbt.py
[2025-05-03T20:06:58.805+0000] {processor.py:914} INFO - Processing file /opt/airflow/dags/build_elt_with_dbt.py for tasks to queue
[2025-05-03T20:06:58.808+0000] {logging_mixin.py:190} INFO - [2025-05-03T20:06:58.807+0000] {dagbag.py:587} INFO - Filling up the DagBag from /opt/airflow/dags/build_elt_with_dbt.py
[2025-05-03T20:06:58.832+0000] {logging_mixin.py:190} INFO - [2025-05-03T20:06:58.832+0000] {base.py:84} INFO - Retrieving connection 'snowflake_conn'
[2025-05-03T20:06:58.838+0000] {processor.py:925} INFO - DAG(s) 'BuildELT_dbt' retrieved from /opt/airflow/dags/build_elt_with_dbt.py
[2025-05-03T20:06:58.856+0000] {logging_mixin.py:190} INFO - [2025-05-03T20:06:58.856+0000] {dag.py:3229} INFO - Sync 1 DAGs
[2025-05-03T20:06:58.868+0000] {logging_mixin.py:190} INFO - [2025-05-03T20:06:58.868+0000] {dag.py:4156} INFO - Setting next_dagrun for BuildELT_dbt to None, run_after=None
[2025-05-03T20:06:58.888+0000] {processor.py:208} INFO - Processing /opt/airflow/dags/build_elt_with_dbt.py took 0.089 seconds
[2025-05-03T20:07:29.391+0000] {processor.py:186} INFO - Started process (PID=1368) to work on /opt/airflow/dags/build_elt_with_dbt.py
[2025-05-03T20:07:29.392+0000] {processor.py:914} INFO - Processing file /opt/airflow/dags/build_elt_with_dbt.py for tasks to queue
[2025-05-03T20:07:29.395+0000] {logging_mixin.py:190} INFO - [2025-05-03T20:07:29.394+0000] {dagbag.py:587} INFO - Filling up the DagBag from /opt/airflow/dags/build_elt_with_dbt.py
[2025-05-03T20:07:29.416+0000] {logging_mixin.py:190} INFO - [2025-05-03T20:07:29.416+0000] {base.py:84} INFO - Retrieving connection 'snowflake_conn'
[2025-05-03T20:07:29.422+0000] {processor.py:925} INFO - DAG(s) 'BuildELT_dbt' retrieved from /opt/airflow/dags/build_elt_with_dbt.py
[2025-05-03T20:07:29.438+0000] {logging_mixin.py:190} INFO - [2025-05-03T20:07:29.437+0000] {dag.py:3229} INFO - Sync 1 DAGs
[2025-05-03T20:07:29.450+0000] {logging_mixin.py:190} INFO - [2025-05-03T20:07:29.449+0000] {dag.py:4156} INFO - Setting next_dagrun for BuildELT_dbt to None, run_after=None
[2025-05-03T20:07:29.471+0000] {processor.py:208} INFO - Processing /opt/airflow/dags/build_elt_with_dbt.py took 0.086 seconds
[2025-05-03T20:07:59.863+0000] {processor.py:186} INFO - Started process (PID=1384) to work on /opt/airflow/dags/build_elt_with_dbt.py
[2025-05-03T20:07:59.864+0000] {processor.py:914} INFO - Processing file /opt/airflow/dags/build_elt_with_dbt.py for tasks to queue
[2025-05-03T20:07:59.866+0000] {logging_mixin.py:190} INFO - [2025-05-03T20:07:59.866+0000] {dagbag.py:587} INFO - Filling up the DagBag from /opt/airflow/dags/build_elt_with_dbt.py
[2025-05-03T20:07:59.890+0000] {logging_mixin.py:190} INFO - [2025-05-03T20:07:59.889+0000] {base.py:84} INFO - Retrieving connection 'snowflake_conn'
[2025-05-03T20:07:59.895+0000] {processor.py:925} INFO - DAG(s) 'BuildELT_dbt' retrieved from /opt/airflow/dags/build_elt_with_dbt.py
[2025-05-03T20:07:59.911+0000] {logging_mixin.py:190} INFO - [2025-05-03T20:07:59.911+0000] {dag.py:3229} INFO - Sync 1 DAGs
[2025-05-03T20:07:59.924+0000] {logging_mixin.py:190} INFO - [2025-05-03T20:07:59.923+0000] {dag.py:4156} INFO - Setting next_dagrun for BuildELT_dbt to None, run_after=None
[2025-05-03T20:07:59.944+0000] {processor.py:208} INFO - Processing /opt/airflow/dags/build_elt_with_dbt.py took 0.086 seconds
[2025-05-03T20:08:30.347+0000] {processor.py:186} INFO - Started process (PID=1400) to work on /opt/airflow/dags/build_elt_with_dbt.py
[2025-05-03T20:08:30.349+0000] {processor.py:914} INFO - Processing file /opt/airflow/dags/build_elt_with_dbt.py for tasks to queue
[2025-05-03T20:08:30.352+0000] {logging_mixin.py:190} INFO - [2025-05-03T20:08:30.351+0000] {dagbag.py:587} INFO - Filling up the DagBag from /opt/airflow/dags/build_elt_with_dbt.py
[2025-05-03T20:08:30.378+0000] {logging_mixin.py:190} INFO - [2025-05-03T20:08:30.378+0000] {base.py:84} INFO - Retrieving connection 'snowflake_conn'
[2025-05-03T20:08:30.385+0000] {processor.py:925} INFO - DAG(s) 'BuildELT_dbt' retrieved from /opt/airflow/dags/build_elt_with_dbt.py
[2025-05-03T20:08:30.402+0000] {logging_mixin.py:190} INFO - [2025-05-03T20:08:30.402+0000] {dag.py:3229} INFO - Sync 1 DAGs
[2025-05-03T20:08:30.415+0000] {logging_mixin.py:190} INFO - [2025-05-03T20:08:30.415+0000] {dag.py:4156} INFO - Setting next_dagrun for BuildELT_dbt to None, run_after=None
[2025-05-03T20:08:30.437+0000] {processor.py:208} INFO - Processing /opt/airflow/dags/build_elt_with_dbt.py took 0.095 seconds
[2025-05-03T20:09:00.809+0000] {processor.py:186} INFO - Started process (PID=1416) to work on /opt/airflow/dags/build_elt_with_dbt.py
[2025-05-03T20:09:00.810+0000] {processor.py:914} INFO - Processing file /opt/airflow/dags/build_elt_with_dbt.py for tasks to queue
[2025-05-03T20:09:00.813+0000] {logging_mixin.py:190} INFO - [2025-05-03T20:09:00.812+0000] {dagbag.py:587} INFO - Filling up the DagBag from /opt/airflow/dags/build_elt_with_dbt.py
[2025-05-03T20:09:00.835+0000] {logging_mixin.py:190} INFO - [2025-05-03T20:09:00.835+0000] {base.py:84} INFO - Retrieving connection 'snowflake_conn'
[2025-05-03T20:09:00.841+0000] {processor.py:925} INFO - DAG(s) 'BuildELT_dbt' retrieved from /opt/airflow/dags/build_elt_with_dbt.py
[2025-05-03T20:09:00.857+0000] {logging_mixin.py:190} INFO - [2025-05-03T20:09:00.857+0000] {dag.py:3229} INFO - Sync 1 DAGs
[2025-05-03T20:09:00.869+0000] {logging_mixin.py:190} INFO - [2025-05-03T20:09:00.869+0000] {dag.py:4156} INFO - Setting next_dagrun for BuildELT_dbt to None, run_after=None
[2025-05-03T20:09:00.888+0000] {processor.py:208} INFO - Processing /opt/airflow/dags/build_elt_with_dbt.py took 0.086 seconds
[2025-05-03T23:59:15.585+0000] {processor.py:186} INFO - Started process (PID=599) to work on /opt/airflow/dags/build_elt_with_dbt.py
[2025-05-03T23:59:15.596+0000] {processor.py:914} INFO - Processing file /opt/airflow/dags/build_elt_with_dbt.py for tasks to queue
[2025-05-03T23:59:15.619+0000] {logging_mixin.py:190} INFO - [2025-05-03T23:59:15.614+0000] {dagbag.py:587} INFO - Filling up the DagBag from /opt/airflow/dags/build_elt_with_dbt.py
[2025-05-03T23:59:16.094+0000] {logging_mixin.py:190} INFO - [2025-05-03T23:59:16.093+0000] {base.py:84} INFO - Retrieving connection 'snowflake_conn'
[2025-05-03T23:59:16.233+0000] {processor.py:925} INFO - DAG(s) 'BuildELT_dbt' retrieved from /opt/airflow/dags/build_elt_with_dbt.py
[2025-05-03T23:59:16.458+0000] {logging_mixin.py:190} INFO - [2025-05-03T23:59:16.457+0000] {dag.py:3229} INFO - Sync 1 DAGs
[2025-05-03T23:59:16.607+0000] {logging_mixin.py:190} INFO - [2025-05-03T23:59:16.606+0000] {dag.py:4156} INFO - Setting next_dagrun for BuildELT_dbt to None, run_after=None
[2025-05-03T23:59:16.658+0000] {processor.py:208} INFO - Processing /opt/airflow/dags/build_elt_with_dbt.py took 1.221 seconds
[2025-05-03T23:59:47.081+0000] {processor.py:186} INFO - Started process (PID=627) to work on /opt/airflow/dags/build_elt_with_dbt.py
[2025-05-03T23:59:47.083+0000] {processor.py:914} INFO - Processing file /opt/airflow/dags/build_elt_with_dbt.py for tasks to queue
[2025-05-03T23:59:47.085+0000] {logging_mixin.py:190} INFO - [2025-05-03T23:59:47.085+0000] {dagbag.py:587} INFO - Filling up the DagBag from /opt/airflow/dags/build_elt_with_dbt.py
[2025-05-03T23:59:47.110+0000] {logging_mixin.py:190} INFO - [2025-05-03T23:59:47.110+0000] {base.py:84} INFO - Retrieving connection 'snowflake_conn'
[2025-05-03T23:59:47.115+0000] {processor.py:925} INFO - DAG(s) 'BuildELT_dbt' retrieved from /opt/airflow/dags/build_elt_with_dbt.py
[2025-05-03T23:59:47.132+0000] {logging_mixin.py:190} INFO - [2025-05-03T23:59:47.132+0000] {dag.py:3229} INFO - Sync 1 DAGs
[2025-05-03T23:59:47.198+0000] {logging_mixin.py:190} INFO - [2025-05-03T23:59:47.198+0000] {dag.py:4156} INFO - Setting next_dagrun for BuildELT_dbt to None, run_after=None
[2025-05-03T23:59:47.285+0000] {processor.py:208} INFO - Processing /opt/airflow/dags/build_elt_with_dbt.py took 0.210 seconds
