[2025-05-03T19:19:57.410+0000] {processor.py:186} INFO - Started process (PID=250) to work on /opt/airflow/dags/tesla_stock_etl.py
[2025-05-03T19:19:57.412+0000] {processor.py:914} INFO - Processing file /opt/airflow/dags/tesla_stock_etl.py for tasks to queue
[2025-05-03T19:19:57.416+0000] {logging_mixin.py:190} INFO - [2025-05-03T19:19:57.416+0000] {dagbag.py:587} INFO - Filling up the DagBag from /opt/airflow/dags/tesla_stock_etl.py
[2025-05-03T19:19:58.477+0000] {processor.py:925} INFO - DAG(s) 'tesla_stock_sentiment_final_etl' retrieved from /opt/airflow/dags/tesla_stock_etl.py
[2025-05-03T19:19:58.546+0000] {logging_mixin.py:190} INFO - [2025-05-03T19:19:58.545+0000] {dag.py:3229} INFO - Sync 1 DAGs
[2025-05-03T19:19:58.596+0000] {logging_mixin.py:190} INFO - [2025-05-03T19:19:58.596+0000] {dag.py:4156} INFO - Setting next_dagrun for tesla_stock_sentiment_final_etl to 2025-05-03 02:30:00+00:00, run_after=2025-05-04 02:30:00+00:00
[2025-05-03T19:19:59.123+0000] {processor.py:208} INFO - Processing /opt/airflow/dags/tesla_stock_etl.py took 1.721 seconds
[2025-05-03T19:20:29.787+0000] {processor.py:186} INFO - Started process (PID=300) to work on /opt/airflow/dags/tesla_stock_etl.py
[2025-05-03T19:20:29.788+0000] {processor.py:914} INFO - Processing file /opt/airflow/dags/tesla_stock_etl.py for tasks to queue
[2025-05-03T19:20:29.791+0000] {logging_mixin.py:190} INFO - [2025-05-03T19:20:29.790+0000] {dagbag.py:587} INFO - Filling up the DagBag from /opt/airflow/dags/tesla_stock_etl.py
[2025-05-03T19:20:30.391+0000] {processor.py:925} INFO - DAG(s) 'tesla_stock_sentiment_final_etl' retrieved from /opt/airflow/dags/tesla_stock_etl.py
[2025-05-03T19:20:30.418+0000] {logging_mixin.py:190} INFO - [2025-05-03T19:20:30.417+0000] {dag.py:3229} INFO - Sync 1 DAGs
[2025-05-03T19:20:30.448+0000] {logging_mixin.py:190} INFO - [2025-05-03T19:20:30.448+0000] {dag.py:4156} INFO - Setting next_dagrun for tesla_stock_sentiment_final_etl to 2025-05-03 02:30:00+00:00, run_after=2025-05-04 02:30:00+00:00
[2025-05-03T19:20:30.472+0000] {processor.py:208} INFO - Processing /opt/airflow/dags/tesla_stock_etl.py took 0.690 seconds
[2025-05-03T19:21:00.650+0000] {processor.py:186} INFO - Started process (PID=316) to work on /opt/airflow/dags/tesla_stock_etl.py
[2025-05-03T19:21:00.651+0000] {processor.py:914} INFO - Processing file /opt/airflow/dags/tesla_stock_etl.py for tasks to queue
[2025-05-03T19:21:00.654+0000] {logging_mixin.py:190} INFO - [2025-05-03T19:21:00.654+0000] {dagbag.py:587} INFO - Filling up the DagBag from /opt/airflow/dags/tesla_stock_etl.py
[2025-05-03T19:21:01.009+0000] {processor.py:925} INFO - DAG(s) 'tesla_stock_sentiment_final_etl' retrieved from /opt/airflow/dags/tesla_stock_etl.py
[2025-05-03T19:21:01.036+0000] {logging_mixin.py:190} INFO - [2025-05-03T19:21:01.036+0000] {dag.py:3229} INFO - Sync 1 DAGs
[2025-05-03T19:21:01.060+0000] {logging_mixin.py:190} INFO - [2025-05-03T19:21:01.060+0000] {dag.py:4156} INFO - Setting next_dagrun for tesla_stock_sentiment_final_etl to 2025-05-03 02:30:00+00:00, run_after=2025-05-04 02:30:00+00:00
[2025-05-03T19:21:01.082+0000] {processor.py:208} INFO - Processing /opt/airflow/dags/tesla_stock_etl.py took 0.436 seconds
[2025-05-03T19:21:31.203+0000] {processor.py:186} INFO - Started process (PID=332) to work on /opt/airflow/dags/tesla_stock_etl.py
[2025-05-03T19:21:31.204+0000] {processor.py:914} INFO - Processing file /opt/airflow/dags/tesla_stock_etl.py for tasks to queue
[2025-05-03T19:21:31.206+0000] {logging_mixin.py:190} INFO - [2025-05-03T19:21:31.206+0000] {dagbag.py:587} INFO - Filling up the DagBag from /opt/airflow/dags/tesla_stock_etl.py
[2025-05-03T19:21:31.535+0000] {processor.py:925} INFO - DAG(s) 'tesla_stock_sentiment_final_etl' retrieved from /opt/airflow/dags/tesla_stock_etl.py
[2025-05-03T19:21:31.561+0000] {logging_mixin.py:190} INFO - [2025-05-03T19:21:31.560+0000] {dag.py:3229} INFO - Sync 1 DAGs
[2025-05-03T19:21:31.583+0000] {logging_mixin.py:190} INFO - [2025-05-03T19:21:31.583+0000] {dag.py:4156} INFO - Setting next_dagrun for tesla_stock_sentiment_final_etl to 2025-05-03 02:30:00+00:00, run_after=2025-05-04 02:30:00+00:00
[2025-05-03T19:21:31.603+0000] {processor.py:208} INFO - Processing /opt/airflow/dags/tesla_stock_etl.py took 0.405 seconds
[2025-05-03T19:22:01.716+0000] {processor.py:186} INFO - Started process (PID=348) to work on /opt/airflow/dags/tesla_stock_etl.py
[2025-05-03T19:22:01.717+0000] {processor.py:914} INFO - Processing file /opt/airflow/dags/tesla_stock_etl.py for tasks to queue
[2025-05-03T19:22:01.720+0000] {logging_mixin.py:190} INFO - [2025-05-03T19:22:01.720+0000] {dagbag.py:587} INFO - Filling up the DagBag from /opt/airflow/dags/tesla_stock_etl.py
[2025-05-03T19:22:02.144+0000] {processor.py:925} INFO - DAG(s) 'tesla_stock_sentiment_final_etl' retrieved from /opt/airflow/dags/tesla_stock_etl.py
[2025-05-03T19:22:02.172+0000] {logging_mixin.py:190} INFO - [2025-05-03T19:22:02.171+0000] {dag.py:3229} INFO - Sync 1 DAGs
[2025-05-03T19:22:02.202+0000] {logging_mixin.py:190} INFO - [2025-05-03T19:22:02.201+0000] {dag.py:4156} INFO - Setting next_dagrun for tesla_stock_sentiment_final_etl to 2025-05-03 02:30:00+00:00, run_after=2025-05-04 02:30:00+00:00
[2025-05-03T19:22:02.944+0000] {processor.py:208} INFO - Processing /opt/airflow/dags/tesla_stock_etl.py took 1.234 seconds
[2025-05-03T19:22:33.119+0000] {processor.py:186} INFO - Started process (PID=364) to work on /opt/airflow/dags/tesla_stock_etl.py
[2025-05-03T19:22:33.121+0000] {processor.py:914} INFO - Processing file /opt/airflow/dags/tesla_stock_etl.py for tasks to queue
[2025-05-03T19:22:33.124+0000] {logging_mixin.py:190} INFO - [2025-05-03T19:22:33.123+0000] {dagbag.py:587} INFO - Filling up the DagBag from /opt/airflow/dags/tesla_stock_etl.py
[2025-05-03T19:22:33.453+0000] {processor.py:925} INFO - DAG(s) 'tesla_stock_sentiment_final_etl' retrieved from /opt/airflow/dags/tesla_stock_etl.py
[2025-05-03T19:22:33.475+0000] {logging_mixin.py:190} INFO - [2025-05-03T19:22:33.475+0000] {dag.py:3229} INFO - Sync 1 DAGs
[2025-05-03T19:22:33.496+0000] {logging_mixin.py:190} INFO - [2025-05-03T19:22:33.495+0000] {dag.py:4156} INFO - Setting next_dagrun for tesla_stock_sentiment_final_etl to 2025-05-03 02:30:00+00:00, run_after=2025-05-04 02:30:00+00:00
[2025-05-03T19:22:33.515+0000] {processor.py:208} INFO - Processing /opt/airflow/dags/tesla_stock_etl.py took 0.401 seconds
[2025-05-03T19:23:03.597+0000] {processor.py:186} INFO - Started process (PID=380) to work on /opt/airflow/dags/tesla_stock_etl.py
[2025-05-03T19:23:03.598+0000] {processor.py:914} INFO - Processing file /opt/airflow/dags/tesla_stock_etl.py for tasks to queue
[2025-05-03T19:23:03.600+0000] {logging_mixin.py:190} INFO - [2025-05-03T19:23:03.600+0000] {dagbag.py:587} INFO - Filling up the DagBag from /opt/airflow/dags/tesla_stock_etl.py
[2025-05-03T19:23:03.954+0000] {processor.py:925} INFO - DAG(s) 'tesla_stock_sentiment_final_etl' retrieved from /opt/airflow/dags/tesla_stock_etl.py
[2025-05-03T19:23:04.159+0000] {logging_mixin.py:190} INFO - [2025-05-03T19:23:04.158+0000] {dag.py:3229} INFO - Sync 1 DAGs
[2025-05-03T19:23:04.182+0000] {logging_mixin.py:190} INFO - [2025-05-03T19:23:04.182+0000] {dag.py:4156} INFO - Setting next_dagrun for tesla_stock_sentiment_final_etl to 2025-05-03 02:30:00+00:00, run_after=2025-05-04 02:30:00+00:00
[2025-05-03T19:23:04.202+0000] {processor.py:208} INFO - Processing /opt/airflow/dags/tesla_stock_etl.py took 0.610 seconds
[2025-05-03T19:23:35.022+0000] {processor.py:186} INFO - Started process (PID=403) to work on /opt/airflow/dags/tesla_stock_etl.py
[2025-05-03T19:23:35.030+0000] {processor.py:914} INFO - Processing file /opt/airflow/dags/tesla_stock_etl.py for tasks to queue
[2025-05-03T19:23:35.032+0000] {logging_mixin.py:190} INFO - [2025-05-03T19:23:35.032+0000] {dagbag.py:587} INFO - Filling up the DagBag from /opt/airflow/dags/tesla_stock_etl.py
[2025-05-03T19:23:35.406+0000] {processor.py:925} INFO - DAG(s) 'tesla_stock_sentiment_final_etl' retrieved from /opt/airflow/dags/tesla_stock_etl.py
[2025-05-03T19:23:35.431+0000] {logging_mixin.py:190} INFO - [2025-05-03T19:23:35.430+0000] {dag.py:3229} INFO - Sync 1 DAGs
[2025-05-03T19:23:35.453+0000] {logging_mixin.py:190} INFO - [2025-05-03T19:23:35.453+0000] {dag.py:4156} INFO - Setting next_dagrun for tesla_stock_sentiment_final_etl to 2025-05-03 02:30:00+00:00, run_after=2025-05-04 02:30:00+00:00
[2025-05-03T19:23:35.477+0000] {processor.py:208} INFO - Processing /opt/airflow/dags/tesla_stock_etl.py took 0.463 seconds
[2025-05-03T19:42:35.782+0000] {processor.py:186} INFO - Started process (PID=541) to work on /opt/airflow/dags/tesla_stock_etl.py
[2025-05-03T19:42:35.786+0000] {processor.py:914} INFO - Processing file /opt/airflow/dags/tesla_stock_etl.py for tasks to queue
[2025-05-03T19:42:35.803+0000] {logging_mixin.py:190} INFO - [2025-05-03T19:42:35.798+0000] {dagbag.py:587} INFO - Filling up the DagBag from /opt/airflow/dags/tesla_stock_etl.py
[2025-05-03T19:42:40.081+0000] {processor.py:925} INFO - DAG(s) 'tesla_stock_sentiment_final_etl' retrieved from /opt/airflow/dags/tesla_stock_etl.py
[2025-05-03T19:42:40.200+0000] {logging_mixin.py:190} INFO - [2025-05-03T19:42:40.200+0000] {dag.py:3229} INFO - Sync 1 DAGs
[2025-05-03T19:42:40.426+0000] {logging_mixin.py:190} INFO - [2025-05-03T19:42:40.425+0000] {dag.py:4156} INFO - Setting next_dagrun for tesla_stock_sentiment_final_etl to 2025-05-03 02:30:00+00:00, run_after=2025-05-04 02:30:00+00:00
[2025-05-03T19:42:40.555+0000] {processor.py:208} INFO - Processing /opt/airflow/dags/tesla_stock_etl.py took 4.944 seconds
[2025-05-03T19:43:10.895+0000] {processor.py:186} INFO - Started process (PID=588) to work on /opt/airflow/dags/tesla_stock_etl.py
[2025-05-03T19:43:10.896+0000] {processor.py:914} INFO - Processing file /opt/airflow/dags/tesla_stock_etl.py for tasks to queue
[2025-05-03T19:43:10.898+0000] {logging_mixin.py:190} INFO - [2025-05-03T19:43:10.898+0000] {dagbag.py:587} INFO - Filling up the DagBag from /opt/airflow/dags/tesla_stock_etl.py
[2025-05-03T19:43:11.489+0000] {processor.py:925} INFO - DAG(s) 'tesla_stock_sentiment_final_etl' retrieved from /opt/airflow/dags/tesla_stock_etl.py
[2025-05-03T19:43:11.544+0000] {logging_mixin.py:190} INFO - [2025-05-03T19:43:11.544+0000] {dag.py:3229} INFO - Sync 1 DAGs
[2025-05-03T19:43:11.569+0000] {logging_mixin.py:190} INFO - [2025-05-03T19:43:11.568+0000] {dag.py:4156} INFO - Setting next_dagrun for tesla_stock_sentiment_final_etl to 2025-05-03 02:30:00+00:00, run_after=2025-05-04 02:30:00+00:00
[2025-05-03T19:43:11.809+0000] {processor.py:208} INFO - Processing /opt/airflow/dags/tesla_stock_etl.py took 0.919 seconds
[2025-05-03T19:43:42.650+0000] {processor.py:186} INFO - Started process (PID=604) to work on /opt/airflow/dags/tesla_stock_etl.py
[2025-05-03T19:43:42.652+0000] {processor.py:914} INFO - Processing file /opt/airflow/dags/tesla_stock_etl.py for tasks to queue
[2025-05-03T19:43:42.654+0000] {logging_mixin.py:190} INFO - [2025-05-03T19:43:42.654+0000] {dagbag.py:587} INFO - Filling up the DagBag from /opt/airflow/dags/tesla_stock_etl.py
[2025-05-03T19:43:42.993+0000] {processor.py:925} INFO - DAG(s) 'tesla_stock_sentiment_final_etl' retrieved from /opt/airflow/dags/tesla_stock_etl.py
[2025-05-03T19:43:43.021+0000] {logging_mixin.py:190} INFO - [2025-05-03T19:43:43.021+0000] {dag.py:3229} INFO - Sync 1 DAGs
[2025-05-03T19:43:43.268+0000] {logging_mixin.py:190} INFO - [2025-05-03T19:43:43.268+0000] {dag.py:4156} INFO - Setting next_dagrun for tesla_stock_sentiment_final_etl to 2025-05-03 02:30:00+00:00, run_after=2025-05-04 02:30:00+00:00
[2025-05-03T19:43:43.292+0000] {processor.py:208} INFO - Processing /opt/airflow/dags/tesla_stock_etl.py took 0.647 seconds
[2025-05-03T19:44:14.166+0000] {processor.py:186} INFO - Started process (PID=620) to work on /opt/airflow/dags/tesla_stock_etl.py
[2025-05-03T19:44:14.167+0000] {processor.py:914} INFO - Processing file /opt/airflow/dags/tesla_stock_etl.py for tasks to queue
[2025-05-03T19:44:14.169+0000] {logging_mixin.py:190} INFO - [2025-05-03T19:44:14.169+0000] {dagbag.py:587} INFO - Filling up the DagBag from /opt/airflow/dags/tesla_stock_etl.py
[2025-05-03T19:44:14.563+0000] {processor.py:925} INFO - DAG(s) 'tesla_stock_sentiment_final_etl' retrieved from /opt/airflow/dags/tesla_stock_etl.py
[2025-05-03T19:44:14.799+0000] {logging_mixin.py:190} INFO - [2025-05-03T19:44:14.798+0000] {dag.py:3229} INFO - Sync 1 DAGs
[2025-05-03T19:44:14.823+0000] {logging_mixin.py:190} INFO - [2025-05-03T19:44:14.823+0000] {dag.py:4156} INFO - Setting next_dagrun for tesla_stock_sentiment_final_etl to 2025-05-03 02:30:00+00:00, run_after=2025-05-04 02:30:00+00:00
[2025-05-03T19:44:14.846+0000] {processor.py:208} INFO - Processing /opt/airflow/dags/tesla_stock_etl.py took 0.685 seconds
[2025-05-03T19:44:45.644+0000] {processor.py:186} INFO - Started process (PID=636) to work on /opt/airflow/dags/tesla_stock_etl.py
[2025-05-03T19:44:45.645+0000] {processor.py:914} INFO - Processing file /opt/airflow/dags/tesla_stock_etl.py for tasks to queue
[2025-05-03T19:44:45.648+0000] {logging_mixin.py:190} INFO - [2025-05-03T19:44:45.647+0000] {dagbag.py:587} INFO - Filling up the DagBag from /opt/airflow/dags/tesla_stock_etl.py
[2025-05-03T19:44:46.293+0000] {processor.py:925} INFO - DAG(s) 'tesla_stock_sentiment_final_etl' retrieved from /opt/airflow/dags/tesla_stock_etl.py
[2025-05-03T19:44:46.316+0000] {logging_mixin.py:190} INFO - [2025-05-03T19:44:46.315+0000] {dag.py:3229} INFO - Sync 1 DAGs
[2025-05-03T19:44:46.337+0000] {logging_mixin.py:190} INFO - [2025-05-03T19:44:46.336+0000] {dag.py:4156} INFO - Setting next_dagrun for tesla_stock_sentiment_final_etl to 2025-05-03 02:30:00+00:00, run_after=2025-05-04 02:30:00+00:00
[2025-05-03T19:44:46.359+0000] {processor.py:208} INFO - Processing /opt/airflow/dags/tesla_stock_etl.py took 0.720 seconds
[2025-05-03T19:45:17.134+0000] {processor.py:186} INFO - Started process (PID=652) to work on /opt/airflow/dags/tesla_stock_etl.py
[2025-05-03T19:45:17.137+0000] {processor.py:914} INFO - Processing file /opt/airflow/dags/tesla_stock_etl.py for tasks to queue
[2025-05-03T19:45:17.145+0000] {logging_mixin.py:190} INFO - [2025-05-03T19:45:17.144+0000] {dagbag.py:587} INFO - Filling up the DagBag from /opt/airflow/dags/tesla_stock_etl.py
[2025-05-03T19:45:17.535+0000] {processor.py:925} INFO - DAG(s) 'tesla_stock_sentiment_final_etl' retrieved from /opt/airflow/dags/tesla_stock_etl.py
[2025-05-03T19:45:17.562+0000] {logging_mixin.py:190} INFO - [2025-05-03T19:45:17.561+0000] {dag.py:3229} INFO - Sync 1 DAGs
[2025-05-03T19:45:17.592+0000] {logging_mixin.py:190} INFO - [2025-05-03T19:45:17.592+0000] {dag.py:4156} INFO - Setting next_dagrun for tesla_stock_sentiment_final_etl to 2025-05-03 02:30:00+00:00, run_after=2025-05-04 02:30:00+00:00
[2025-05-03T19:45:17.885+0000] {processor.py:208} INFO - Processing /opt/airflow/dags/tesla_stock_etl.py took 0.761 seconds
[2025-05-03T19:45:48.526+0000] {processor.py:186} INFO - Started process (PID=668) to work on /opt/airflow/dags/tesla_stock_etl.py
[2025-05-03T19:45:48.527+0000] {processor.py:914} INFO - Processing file /opt/airflow/dags/tesla_stock_etl.py for tasks to queue
[2025-05-03T19:45:48.530+0000] {logging_mixin.py:190} INFO - [2025-05-03T19:45:48.530+0000] {dagbag.py:587} INFO - Filling up the DagBag from /opt/airflow/dags/tesla_stock_etl.py
[2025-05-03T19:45:48.899+0000] {processor.py:925} INFO - DAG(s) 'tesla_stock_sentiment_final_etl' retrieved from /opt/airflow/dags/tesla_stock_etl.py
[2025-05-03T19:45:48.924+0000] {logging_mixin.py:190} INFO - [2025-05-03T19:45:48.924+0000] {dag.py:3229} INFO - Sync 1 DAGs
[2025-05-03T19:45:49.133+0000] {logging_mixin.py:190} INFO - [2025-05-03T19:45:49.133+0000] {dag.py:4156} INFO - Setting next_dagrun for tesla_stock_sentiment_final_etl to 2025-05-03 02:30:00+00:00, run_after=2025-05-04 02:30:00+00:00
[2025-05-03T19:45:49.150+0000] {processor.py:208} INFO - Processing /opt/airflow/dags/tesla_stock_etl.py took 0.631 seconds
[2025-05-03T19:46:20.022+0000] {processor.py:186} INFO - Started process (PID=684) to work on /opt/airflow/dags/tesla_stock_etl.py
[2025-05-03T19:46:20.024+0000] {processor.py:914} INFO - Processing file /opt/airflow/dags/tesla_stock_etl.py for tasks to queue
[2025-05-03T19:46:20.026+0000] {logging_mixin.py:190} INFO - [2025-05-03T19:46:20.026+0000] {dagbag.py:587} INFO - Filling up the DagBag from /opt/airflow/dags/tesla_stock_etl.py
[2025-05-03T19:46:20.413+0000] {processor.py:925} INFO - DAG(s) 'tesla_stock_sentiment_final_etl' retrieved from /opt/airflow/dags/tesla_stock_etl.py
[2025-05-03T19:46:20.594+0000] {logging_mixin.py:190} INFO - [2025-05-03T19:46:20.593+0000] {dag.py:3229} INFO - Sync 1 DAGs
[2025-05-03T19:46:20.615+0000] {logging_mixin.py:190} INFO - [2025-05-03T19:46:20.615+0000] {dag.py:4156} INFO - Setting next_dagrun for tesla_stock_sentiment_final_etl to 2025-05-03 02:30:00+00:00, run_after=2025-05-04 02:30:00+00:00
[2025-05-03T19:46:20.636+0000] {processor.py:208} INFO - Processing /opt/airflow/dags/tesla_stock_etl.py took 0.620 seconds
[2025-05-03T19:46:50.739+0000] {processor.py:186} INFO - Started process (PID=700) to work on /opt/airflow/dags/tesla_stock_etl.py
[2025-05-03T19:46:50.740+0000] {processor.py:914} INFO - Processing file /opt/airflow/dags/tesla_stock_etl.py for tasks to queue
[2025-05-03T19:46:50.742+0000] {logging_mixin.py:190} INFO - [2025-05-03T19:46:50.742+0000] {dagbag.py:587} INFO - Filling up the DagBag from /opt/airflow/dags/tesla_stock_etl.py
[2025-05-03T19:46:51.259+0000] {processor.py:925} INFO - DAG(s) 'tesla_stock_sentiment_final_etl' retrieved from /opt/airflow/dags/tesla_stock_etl.py
[2025-05-03T19:46:51.289+0000] {logging_mixin.py:190} INFO - [2025-05-03T19:46:51.288+0000] {dag.py:3229} INFO - Sync 1 DAGs
[2025-05-03T19:46:51.313+0000] {logging_mixin.py:190} INFO - [2025-05-03T19:46:51.312+0000] {dag.py:4156} INFO - Setting next_dagrun for tesla_stock_sentiment_final_etl to 2025-05-03 02:30:00+00:00, run_after=2025-05-04 02:30:00+00:00
[2025-05-03T19:46:51.333+0000] {processor.py:208} INFO - Processing /opt/airflow/dags/tesla_stock_etl.py took 0.600 seconds
[2025-05-03T19:47:22.121+0000] {processor.py:186} INFO - Started process (PID=716) to work on /opt/airflow/dags/tesla_stock_etl.py
[2025-05-03T19:47:22.122+0000] {processor.py:914} INFO - Processing file /opt/airflow/dags/tesla_stock_etl.py for tasks to queue
[2025-05-03T19:47:22.124+0000] {logging_mixin.py:190} INFO - [2025-05-03T19:47:22.124+0000] {dagbag.py:587} INFO - Filling up the DagBag from /opt/airflow/dags/tesla_stock_etl.py
[2025-05-03T19:47:22.479+0000] {processor.py:925} INFO - DAG(s) 'tesla_stock_sentiment_final_etl' retrieved from /opt/airflow/dags/tesla_stock_etl.py
[2025-05-03T19:47:22.504+0000] {logging_mixin.py:190} INFO - [2025-05-03T19:47:22.504+0000] {dag.py:3229} INFO - Sync 1 DAGs
[2025-05-03T19:47:22.528+0000] {logging_mixin.py:190} INFO - [2025-05-03T19:47:22.528+0000] {dag.py:4156} INFO - Setting next_dagrun for tesla_stock_sentiment_final_etl to 2025-05-03 02:30:00+00:00, run_after=2025-05-04 02:30:00+00:00
[2025-05-03T19:47:22.703+0000] {processor.py:208} INFO - Processing /opt/airflow/dags/tesla_stock_etl.py took 0.596 seconds
[2025-05-03T19:47:53.686+0000] {processor.py:186} INFO - Started process (PID=732) to work on /opt/airflow/dags/tesla_stock_etl.py
[2025-05-03T19:47:53.687+0000] {processor.py:914} INFO - Processing file /opt/airflow/dags/tesla_stock_etl.py for tasks to queue
[2025-05-03T19:47:53.690+0000] {logging_mixin.py:190} INFO - [2025-05-03T19:47:53.690+0000] {dagbag.py:587} INFO - Filling up the DagBag from /opt/airflow/dags/tesla_stock_etl.py
[2025-05-03T19:47:54.038+0000] {processor.py:925} INFO - DAG(s) 'tesla_stock_sentiment_final_etl' retrieved from /opt/airflow/dags/tesla_stock_etl.py
[2025-05-03T19:47:54.061+0000] {logging_mixin.py:190} INFO - [2025-05-03T19:47:54.061+0000] {dag.py:3229} INFO - Sync 1 DAGs
[2025-05-03T19:47:54.226+0000] {logging_mixin.py:190} INFO - [2025-05-03T19:47:54.226+0000] {dag.py:4156} INFO - Setting next_dagrun for tesla_stock_sentiment_final_etl to 2025-05-03 02:30:00+00:00, run_after=2025-05-04 02:30:00+00:00
[2025-05-03T19:47:54.246+0000] {processor.py:208} INFO - Processing /opt/airflow/dags/tesla_stock_etl.py took 0.565 seconds
[2025-05-03T19:48:25.149+0000] {processor.py:186} INFO - Started process (PID=748) to work on /opt/airflow/dags/tesla_stock_etl.py
[2025-05-03T19:48:25.150+0000] {processor.py:914} INFO - Processing file /opt/airflow/dags/tesla_stock_etl.py for tasks to queue
[2025-05-03T19:48:25.153+0000] {logging_mixin.py:190} INFO - [2025-05-03T19:48:25.152+0000] {dagbag.py:587} INFO - Filling up the DagBag from /opt/airflow/dags/tesla_stock_etl.py
[2025-05-03T19:48:25.674+0000] {processor.py:925} INFO - DAG(s) 'tesla_stock_sentiment_final_etl' retrieved from /opt/airflow/dags/tesla_stock_etl.py
[2025-05-03T19:48:25.698+0000] {logging_mixin.py:190} INFO - [2025-05-03T19:48:25.697+0000] {dag.py:3229} INFO - Sync 1 DAGs
[2025-05-03T19:48:25.720+0000] {logging_mixin.py:190} INFO - [2025-05-03T19:48:25.719+0000] {dag.py:4156} INFO - Setting next_dagrun for tesla_stock_sentiment_final_etl to 2025-05-03 02:30:00+00:00, run_after=2025-05-04 02:30:00+00:00
[2025-05-03T19:48:25.738+0000] {processor.py:208} INFO - Processing /opt/airflow/dags/tesla_stock_etl.py took 0.594 seconds
[2025-05-03T19:48:56.623+0000] {processor.py:186} INFO - Started process (PID=764) to work on /opt/airflow/dags/tesla_stock_etl.py
[2025-05-03T19:48:56.624+0000] {processor.py:914} INFO - Processing file /opt/airflow/dags/tesla_stock_etl.py for tasks to queue
[2025-05-03T19:48:56.627+0000] {logging_mixin.py:190} INFO - [2025-05-03T19:48:56.626+0000] {dagbag.py:587} INFO - Filling up the DagBag from /opt/airflow/dags/tesla_stock_etl.py
[2025-05-03T19:48:57.132+0000] {processor.py:925} INFO - DAG(s) 'tesla_stock_sentiment_final_etl' retrieved from /opt/airflow/dags/tesla_stock_etl.py
[2025-05-03T19:48:57.153+0000] {logging_mixin.py:190} INFO - [2025-05-03T19:48:57.153+0000] {dag.py:3229} INFO - Sync 1 DAGs
[2025-05-03T19:48:57.172+0000] {logging_mixin.py:190} INFO - [2025-05-03T19:48:57.171+0000] {dag.py:4156} INFO - Setting next_dagrun for tesla_stock_sentiment_final_etl to 2025-05-03 02:30:00+00:00, run_after=2025-05-04 02:30:00+00:00
[2025-05-03T19:48:57.191+0000] {processor.py:208} INFO - Processing /opt/airflow/dags/tesla_stock_etl.py took 0.574 seconds
[2025-05-03T19:49:28.087+0000] {processor.py:186} INFO - Started process (PID=781) to work on /opt/airflow/dags/tesla_stock_etl.py
[2025-05-03T19:49:28.088+0000] {processor.py:914} INFO - Processing file /opt/airflow/dags/tesla_stock_etl.py for tasks to queue
[2025-05-03T19:49:28.092+0000] {logging_mixin.py:190} INFO - [2025-05-03T19:49:28.091+0000] {dagbag.py:587} INFO - Filling up the DagBag from /opt/airflow/dags/tesla_stock_etl.py
[2025-05-03T19:49:28.503+0000] {processor.py:925} INFO - DAG(s) 'tesla_stock_sentiment_final_etl' retrieved from /opt/airflow/dags/tesla_stock_etl.py
[2025-05-03T19:49:28.529+0000] {logging_mixin.py:190} INFO - [2025-05-03T19:49:28.528+0000] {dag.py:3229} INFO - Sync 1 DAGs
[2025-05-03T19:49:28.556+0000] {logging_mixin.py:190} INFO - [2025-05-03T19:49:28.555+0000] {dag.py:4156} INFO - Setting next_dagrun for tesla_stock_sentiment_final_etl to 2025-05-03 02:30:00+00:00, run_after=2025-05-04 02:30:00+00:00
[2025-05-03T19:49:28.747+0000] {processor.py:208} INFO - Processing /opt/airflow/dags/tesla_stock_etl.py took 0.671 seconds
[2025-05-03T19:49:59.532+0000] {processor.py:186} INFO - Started process (PID=797) to work on /opt/airflow/dags/tesla_stock_etl.py
[2025-05-03T19:49:59.533+0000] {processor.py:914} INFO - Processing file /opt/airflow/dags/tesla_stock_etl.py for tasks to queue
[2025-05-03T19:49:59.535+0000] {logging_mixin.py:190} INFO - [2025-05-03T19:49:59.535+0000] {dagbag.py:587} INFO - Filling up the DagBag from /opt/airflow/dags/tesla_stock_etl.py
[2025-05-03T19:49:59.871+0000] {processor.py:925} INFO - DAG(s) 'tesla_stock_sentiment_final_etl' retrieved from /opt/airflow/dags/tesla_stock_etl.py
[2025-05-03T19:49:59.895+0000] {logging_mixin.py:190} INFO - [2025-05-03T19:49:59.895+0000] {dag.py:3229} INFO - Sync 1 DAGs
[2025-05-03T19:50:00.095+0000] {logging_mixin.py:190} INFO - [2025-05-03T19:50:00.094+0000] {dag.py:4156} INFO - Setting next_dagrun for tesla_stock_sentiment_final_etl to 2025-05-03 02:30:00+00:00, run_after=2025-05-04 02:30:00+00:00
[2025-05-03T19:50:00.119+0000] {processor.py:208} INFO - Processing /opt/airflow/dags/tesla_stock_etl.py took 0.592 seconds
[2025-05-03T19:50:30.195+0000] {processor.py:186} INFO - Started process (PID=814) to work on /opt/airflow/dags/tesla_stock_etl.py
[2025-05-03T19:50:30.196+0000] {processor.py:914} INFO - Processing file /opt/airflow/dags/tesla_stock_etl.py for tasks to queue
[2025-05-03T19:50:30.199+0000] {logging_mixin.py:190} INFO - [2025-05-03T19:50:30.198+0000] {dagbag.py:587} INFO - Filling up the DagBag from /opt/airflow/dags/tesla_stock_etl.py
[2025-05-03T19:50:30.553+0000] {processor.py:925} INFO - DAG(s) 'tesla_stock_sentiment_final_etl' retrieved from /opt/airflow/dags/tesla_stock_etl.py
[2025-05-03T19:50:30.735+0000] {logging_mixin.py:190} INFO - [2025-05-03T19:50:30.735+0000] {dag.py:3229} INFO - Sync 1 DAGs
[2025-05-03T19:50:30.755+0000] {logging_mixin.py:190} INFO - [2025-05-03T19:50:30.755+0000] {dag.py:4156} INFO - Setting next_dagrun for tesla_stock_sentiment_final_etl to 2025-05-03 02:30:00+00:00, run_after=2025-05-04 02:30:00+00:00
[2025-05-03T19:50:30.775+0000] {processor.py:208} INFO - Processing /opt/airflow/dags/tesla_stock_etl.py took 0.585 seconds
[2025-05-03T19:51:01.619+0000] {processor.py:186} INFO - Started process (PID=830) to work on /opt/airflow/dags/tesla_stock_etl.py
[2025-05-03T19:51:01.620+0000] {processor.py:914} INFO - Processing file /opt/airflow/dags/tesla_stock_etl.py for tasks to queue
[2025-05-03T19:51:01.623+0000] {logging_mixin.py:190} INFO - [2025-05-03T19:51:01.622+0000] {dagbag.py:587} INFO - Filling up the DagBag from /opt/airflow/dags/tesla_stock_etl.py
[2025-05-03T19:51:02.101+0000] {processor.py:925} INFO - DAG(s) 'tesla_stock_sentiment_final_etl' retrieved from /opt/airflow/dags/tesla_stock_etl.py
[2025-05-03T19:51:02.123+0000] {logging_mixin.py:190} INFO - [2025-05-03T19:51:02.123+0000] {dag.py:3229} INFO - Sync 1 DAGs
[2025-05-03T19:51:02.142+0000] {logging_mixin.py:190} INFO - [2025-05-03T19:51:02.142+0000] {dag.py:4156} INFO - Setting next_dagrun for tesla_stock_sentiment_final_etl to 2025-05-03 02:30:00+00:00, run_after=2025-05-04 02:30:00+00:00
[2025-05-03T19:51:02.164+0000] {processor.py:208} INFO - Processing /opt/airflow/dags/tesla_stock_etl.py took 0.550 seconds
[2025-05-03T19:51:33.106+0000] {processor.py:186} INFO - Started process (PID=846) to work on /opt/airflow/dags/tesla_stock_etl.py
[2025-05-03T19:51:33.107+0000] {processor.py:914} INFO - Processing file /opt/airflow/dags/tesla_stock_etl.py for tasks to queue
[2025-05-03T19:51:33.110+0000] {logging_mixin.py:190} INFO - [2025-05-03T19:51:33.110+0000] {dagbag.py:587} INFO - Filling up the DagBag from /opt/airflow/dags/tesla_stock_etl.py
[2025-05-03T19:51:33.634+0000] {processor.py:925} INFO - DAG(s) 'tesla_stock_sentiment_final_etl' retrieved from /opt/airflow/dags/tesla_stock_etl.py
[2025-05-03T19:51:33.657+0000] {logging_mixin.py:190} INFO - [2025-05-03T19:51:33.656+0000] {dag.py:3229} INFO - Sync 1 DAGs
[2025-05-03T19:51:33.679+0000] {logging_mixin.py:190} INFO - [2025-05-03T19:51:33.679+0000] {dag.py:4156} INFO - Setting next_dagrun for tesla_stock_sentiment_final_etl to 2025-05-03 02:30:00+00:00, run_after=2025-05-04 02:30:00+00:00
[2025-05-03T19:51:33.699+0000] {processor.py:208} INFO - Processing /opt/airflow/dags/tesla_stock_etl.py took 0.599 seconds
[2025-05-03T19:52:04.631+0000] {processor.py:186} INFO - Started process (PID=862) to work on /opt/airflow/dags/tesla_stock_etl.py
[2025-05-03T19:52:04.632+0000] {processor.py:914} INFO - Processing file /opt/airflow/dags/tesla_stock_etl.py for tasks to queue
[2025-05-03T19:52:04.635+0000] {logging_mixin.py:190} INFO - [2025-05-03T19:52:04.635+0000] {dagbag.py:587} INFO - Filling up the DagBag from /opt/airflow/dags/tesla_stock_etl.py
[2025-05-03T19:52:05.086+0000] {processor.py:925} INFO - DAG(s) 'tesla_stock_sentiment_final_etl' retrieved from /opt/airflow/dags/tesla_stock_etl.py
[2025-05-03T19:52:05.110+0000] {logging_mixin.py:190} INFO - [2025-05-03T19:52:05.110+0000] {dag.py:3229} INFO - Sync 1 DAGs
[2025-05-03T19:52:05.333+0000] {logging_mixin.py:190} INFO - [2025-05-03T19:52:05.333+0000] {dag.py:4156} INFO - Setting next_dagrun for tesla_stock_sentiment_final_etl to 2025-05-03 02:30:00+00:00, run_after=2025-05-04 02:30:00+00:00
[2025-05-03T19:52:05.355+0000] {processor.py:208} INFO - Processing /opt/airflow/dags/tesla_stock_etl.py took 0.732 seconds
[2025-05-03T19:52:35.946+0000] {processor.py:186} INFO - Started process (PID=878) to work on /opt/airflow/dags/tesla_stock_etl.py
[2025-05-03T19:52:35.967+0000] {processor.py:914} INFO - Processing file /opt/airflow/dags/tesla_stock_etl.py for tasks to queue
[2025-05-03T19:52:36.038+0000] {logging_mixin.py:190} INFO - [2025-05-03T19:52:36.029+0000] {dagbag.py:587} INFO - Filling up the DagBag from /opt/airflow/dags/tesla_stock_etl.py
[2025-05-03T19:52:37.746+0000] {processor.py:925} INFO - DAG(s) 'tesla_stock_sentiment_final_etl' retrieved from /opt/airflow/dags/tesla_stock_etl.py
[2025-05-03T19:52:39.360+0000] {logging_mixin.py:190} INFO - [2025-05-03T19:52:39.360+0000] {dag.py:3229} INFO - Sync 1 DAGs
[2025-05-03T19:52:39.391+0000] {logging_mixin.py:190} INFO - [2025-05-03T19:52:39.391+0000] {dag.py:4156} INFO - Setting next_dagrun for tesla_stock_sentiment_final_etl to 2025-05-03 02:30:00+00:00, run_after=2025-05-04 02:30:00+00:00
[2025-05-03T19:52:39.417+0000] {processor.py:208} INFO - Processing /opt/airflow/dags/tesla_stock_etl.py took 3.561 seconds
[2025-05-03T19:53:10.366+0000] {processor.py:186} INFO - Started process (PID=900) to work on /opt/airflow/dags/tesla_stock_etl.py
[2025-05-03T19:53:10.367+0000] {processor.py:914} INFO - Processing file /opt/airflow/dags/tesla_stock_etl.py for tasks to queue
[2025-05-03T19:53:10.371+0000] {logging_mixin.py:190} INFO - [2025-05-03T19:53:10.370+0000] {dagbag.py:587} INFO - Filling up the DagBag from /opt/airflow/dags/tesla_stock_etl.py
[2025-05-03T19:53:11.119+0000] {processor.py:925} INFO - DAG(s) 'tesla_stock_sentiment_final_etl' retrieved from /opt/airflow/dags/tesla_stock_etl.py
[2025-05-03T19:53:11.171+0000] {logging_mixin.py:190} INFO - [2025-05-03T19:53:11.170+0000] {dag.py:3229} INFO - Sync 1 DAGs
[2025-05-03T19:53:11.209+0000] {logging_mixin.py:190} INFO - [2025-05-03T19:53:11.208+0000] {dag.py:4156} INFO - Setting next_dagrun for tesla_stock_sentiment_final_etl to 2025-05-03 02:30:00+00:00, run_after=2025-05-04 02:30:00+00:00
[2025-05-03T19:53:11.237+0000] {processor.py:208} INFO - Processing /opt/airflow/dags/tesla_stock_etl.py took 0.878 seconds
[2025-05-03T19:53:41.692+0000] {processor.py:186} INFO - Started process (PID=916) to work on /opt/airflow/dags/tesla_stock_etl.py
[2025-05-03T19:53:41.694+0000] {processor.py:914} INFO - Processing file /opt/airflow/dags/tesla_stock_etl.py for tasks to queue
[2025-05-03T19:53:41.696+0000] {logging_mixin.py:190} INFO - [2025-05-03T19:53:41.696+0000] {dagbag.py:587} INFO - Filling up the DagBag from /opt/airflow/dags/tesla_stock_etl.py
[2025-05-03T19:53:42.174+0000] {processor.py:925} INFO - DAG(s) 'tesla_stock_sentiment_final_etl' retrieved from /opt/airflow/dags/tesla_stock_etl.py
[2025-05-03T19:53:42.196+0000] {logging_mixin.py:190} INFO - [2025-05-03T19:53:42.196+0000] {dag.py:3229} INFO - Sync 1 DAGs
[2025-05-03T19:53:42.217+0000] {logging_mixin.py:190} INFO - [2025-05-03T19:53:42.216+0000] {dag.py:4156} INFO - Setting next_dagrun for tesla_stock_sentiment_final_etl to 2025-05-03 02:30:00+00:00, run_after=2025-05-04 02:30:00+00:00
[2025-05-03T19:53:42.236+0000] {processor.py:208} INFO - Processing /opt/airflow/dags/tesla_stock_etl.py took 0.549 seconds
[2025-05-03T19:54:13.142+0000] {processor.py:186} INFO - Started process (PID=933) to work on /opt/airflow/dags/tesla_stock_etl.py
[2025-05-03T19:54:13.143+0000] {processor.py:914} INFO - Processing file /opt/airflow/dags/tesla_stock_etl.py for tasks to queue
[2025-05-03T19:54:13.146+0000] {logging_mixin.py:190} INFO - [2025-05-03T19:54:13.145+0000] {dagbag.py:587} INFO - Filling up the DagBag from /opt/airflow/dags/tesla_stock_etl.py
[2025-05-03T19:54:13.476+0000] {processor.py:925} INFO - DAG(s) 'tesla_stock_sentiment_final_etl' retrieved from /opt/airflow/dags/tesla_stock_etl.py
[2025-05-03T19:54:13.498+0000] {logging_mixin.py:190} INFO - [2025-05-03T19:54:13.498+0000] {dag.py:3229} INFO - Sync 1 DAGs
[2025-05-03T19:54:13.714+0000] {logging_mixin.py:190} INFO - [2025-05-03T19:54:13.714+0000] {dag.py:4156} INFO - Setting next_dagrun for tesla_stock_sentiment_final_etl to 2025-05-03 02:30:00+00:00, run_after=2025-05-04 02:30:00+00:00
[2025-05-03T19:54:13.749+0000] {processor.py:208} INFO - Processing /opt/airflow/dags/tesla_stock_etl.py took 0.612 seconds
[2025-05-03T19:54:44.655+0000] {processor.py:186} INFO - Started process (PID=955) to work on /opt/airflow/dags/tesla_stock_etl.py
[2025-05-03T19:54:44.657+0000] {processor.py:914} INFO - Processing file /opt/airflow/dags/tesla_stock_etl.py for tasks to queue
[2025-05-03T19:54:44.660+0000] {logging_mixin.py:190} INFO - [2025-05-03T19:54:44.659+0000] {dagbag.py:587} INFO - Filling up the DagBag from /opt/airflow/dags/tesla_stock_etl.py
[2025-05-03T19:54:45.020+0000] {processor.py:925} INFO - DAG(s) 'tesla_stock_sentiment_final_etl' retrieved from /opt/airflow/dags/tesla_stock_etl.py
[2025-05-03T19:54:45.207+0000] {logging_mixin.py:190} INFO - [2025-05-03T19:54:45.207+0000] {dag.py:3229} INFO - Sync 1 DAGs
[2025-05-03T19:54:45.232+0000] {logging_mixin.py:190} INFO - [2025-05-03T19:54:45.232+0000] {dag.py:4156} INFO - Setting next_dagrun for tesla_stock_sentiment_final_etl to 2025-05-03 02:30:00+00:00, run_after=2025-05-04 02:30:00+00:00
[2025-05-03T19:54:45.266+0000] {processor.py:208} INFO - Processing /opt/airflow/dags/tesla_stock_etl.py took 0.616 seconds
[2025-05-03T19:55:16.084+0000] {processor.py:186} INFO - Started process (PID=971) to work on /opt/airflow/dags/tesla_stock_etl.py
[2025-05-03T19:55:16.085+0000] {processor.py:914} INFO - Processing file /opt/airflow/dags/tesla_stock_etl.py for tasks to queue
[2025-05-03T19:55:16.088+0000] {logging_mixin.py:190} INFO - [2025-05-03T19:55:16.088+0000] {dagbag.py:587} INFO - Filling up the DagBag from /opt/airflow/dags/tesla_stock_etl.py
[2025-05-03T19:55:16.638+0000] {processor.py:925} INFO - DAG(s) 'tesla_stock_sentiment_final_etl' retrieved from /opt/airflow/dags/tesla_stock_etl.py
[2025-05-03T19:55:16.661+0000] {logging_mixin.py:190} INFO - [2025-05-03T19:55:16.660+0000] {dag.py:3229} INFO - Sync 1 DAGs
[2025-05-03T19:55:16.682+0000] {logging_mixin.py:190} INFO - [2025-05-03T19:55:16.681+0000] {dag.py:4156} INFO - Setting next_dagrun for tesla_stock_sentiment_final_etl to 2025-05-03 02:30:00+00:00, run_after=2025-05-04 02:30:00+00:00
[2025-05-03T19:55:16.708+0000] {processor.py:208} INFO - Processing /opt/airflow/dags/tesla_stock_etl.py took 0.630 seconds
[2025-05-03T19:55:47.559+0000] {processor.py:186} INFO - Started process (PID=997) to work on /opt/airflow/dags/tesla_stock_etl.py
[2025-05-03T19:55:47.560+0000] {processor.py:914} INFO - Processing file /opt/airflow/dags/tesla_stock_etl.py for tasks to queue
[2025-05-03T19:55:47.563+0000] {logging_mixin.py:190} INFO - [2025-05-03T19:55:47.562+0000] {dagbag.py:587} INFO - Filling up the DagBag from /opt/airflow/dags/tesla_stock_etl.py
[2025-05-03T19:55:48.835+0000] {processor.py:925} INFO - DAG(s) 'tesla_stock_sentiment_final_etl' retrieved from /opt/airflow/dags/tesla_stock_etl.py
[2025-05-03T19:55:48.868+0000] {logging_mixin.py:190} INFO - [2025-05-03T19:55:48.868+0000] {dag.py:3229} INFO - Sync 1 DAGs
[2025-05-03T19:55:48.899+0000] {logging_mixin.py:190} INFO - [2025-05-03T19:55:48.898+0000] {dag.py:4156} INFO - Setting next_dagrun for tesla_stock_sentiment_final_etl to 2025-05-03 02:30:00+00:00, run_after=2025-05-04 02:30:00+00:00
[2025-05-03T19:55:48.927+0000] {processor.py:208} INFO - Processing /opt/airflow/dags/tesla_stock_etl.py took 1.375 seconds
[2025-05-03T19:56:19.138+0000] {processor.py:186} INFO - Started process (PID=1015) to work on /opt/airflow/dags/tesla_stock_etl.py
[2025-05-03T19:56:19.139+0000] {processor.py:914} INFO - Processing file /opt/airflow/dags/tesla_stock_etl.py for tasks to queue
[2025-05-03T19:56:19.142+0000] {logging_mixin.py:190} INFO - [2025-05-03T19:56:19.141+0000] {dagbag.py:587} INFO - Filling up the DagBag from /opt/airflow/dags/tesla_stock_etl.py
[2025-05-03T19:56:19.477+0000] {processor.py:925} INFO - DAG(s) 'tesla_stock_sentiment_final_etl' retrieved from /opt/airflow/dags/tesla_stock_etl.py
[2025-05-03T19:56:19.500+0000] {logging_mixin.py:190} INFO - [2025-05-03T19:56:19.500+0000] {dag.py:3229} INFO - Sync 1 DAGs
[2025-05-03T19:56:19.691+0000] {logging_mixin.py:190} INFO - [2025-05-03T19:56:19.691+0000] {dag.py:4156} INFO - Setting next_dagrun for tesla_stock_sentiment_final_etl to 2025-05-03 02:30:00+00:00, run_after=2025-05-04 02:30:00+00:00
[2025-05-03T19:56:19.715+0000] {processor.py:208} INFO - Processing /opt/airflow/dags/tesla_stock_etl.py took 0.583 seconds
[2025-05-03T19:56:49.812+0000] {processor.py:186} INFO - Started process (PID=1037) to work on /opt/airflow/dags/tesla_stock_etl.py
[2025-05-03T19:56:49.814+0000] {processor.py:914} INFO - Processing file /opt/airflow/dags/tesla_stock_etl.py for tasks to queue
[2025-05-03T19:56:49.816+0000] {logging_mixin.py:190} INFO - [2025-05-03T19:56:49.815+0000] {dagbag.py:587} INFO - Filling up the DagBag from /opt/airflow/dags/tesla_stock_etl.py
[2025-05-03T19:56:50.183+0000] {processor.py:925} INFO - DAG(s) 'tesla_stock_sentiment_final_etl' retrieved from /opt/airflow/dags/tesla_stock_etl.py
[2025-05-03T19:56:50.378+0000] {logging_mixin.py:190} INFO - [2025-05-03T19:56:50.378+0000] {dag.py:3229} INFO - Sync 1 DAGs
[2025-05-03T19:56:50.398+0000] {logging_mixin.py:190} INFO - [2025-05-03T19:56:50.398+0000] {dag.py:4156} INFO - Setting next_dagrun for tesla_stock_sentiment_final_etl to 2025-05-03 02:30:00+00:00, run_after=2025-05-04 02:30:00+00:00
[2025-05-03T19:56:50.417+0000] {processor.py:208} INFO - Processing /opt/airflow/dags/tesla_stock_etl.py took 0.611 seconds
[2025-05-03T19:57:21.219+0000] {processor.py:186} INFO - Started process (PID=1053) to work on /opt/airflow/dags/tesla_stock_etl.py
[2025-05-03T19:57:21.220+0000] {processor.py:914} INFO - Processing file /opt/airflow/dags/tesla_stock_etl.py for tasks to queue
[2025-05-03T19:57:21.223+0000] {logging_mixin.py:190} INFO - [2025-05-03T19:57:21.223+0000] {dagbag.py:587} INFO - Filling up the DagBag from /opt/airflow/dags/tesla_stock_etl.py
[2025-05-03T19:57:21.713+0000] {processor.py:925} INFO - DAG(s) 'tesla_stock_sentiment_final_etl' retrieved from /opt/airflow/dags/tesla_stock_etl.py
[2025-05-03T19:57:21.735+0000] {logging_mixin.py:190} INFO - [2025-05-03T19:57:21.734+0000] {dag.py:3229} INFO - Sync 1 DAGs
[2025-05-03T19:57:21.754+0000] {logging_mixin.py:190} INFO - [2025-05-03T19:57:21.754+0000] {dag.py:4156} INFO - Setting next_dagrun for tesla_stock_sentiment_final_etl to 2025-05-03 02:30:00+00:00, run_after=2025-05-04 02:30:00+00:00
[2025-05-03T19:57:21.774+0000] {processor.py:208} INFO - Processing /opt/airflow/dags/tesla_stock_etl.py took 0.560 seconds
[2025-05-03T19:57:51.886+0000] {processor.py:186} INFO - Started process (PID=1069) to work on /opt/airflow/dags/tesla_stock_etl.py
[2025-05-03T19:57:51.887+0000] {processor.py:914} INFO - Processing file /opt/airflow/dags/tesla_stock_etl.py for tasks to queue
[2025-05-03T19:57:51.890+0000] {logging_mixin.py:190} INFO - [2025-05-03T19:57:51.889+0000] {dagbag.py:587} INFO - Filling up the DagBag from /opt/airflow/dags/tesla_stock_etl.py
[2025-05-03T19:57:52.376+0000] {processor.py:925} INFO - DAG(s) 'tesla_stock_sentiment_final_etl' retrieved from /opt/airflow/dags/tesla_stock_etl.py
[2025-05-03T19:57:52.400+0000] {logging_mixin.py:190} INFO - [2025-05-03T19:57:52.399+0000] {dag.py:3229} INFO - Sync 1 DAGs
[2025-05-03T19:57:52.419+0000] {logging_mixin.py:190} INFO - [2025-05-03T19:57:52.419+0000] {dag.py:4156} INFO - Setting next_dagrun for tesla_stock_sentiment_final_etl to 2025-05-03 02:30:00+00:00, run_after=2025-05-04 02:30:00+00:00
[2025-05-03T19:57:52.440+0000] {processor.py:208} INFO - Processing /opt/airflow/dags/tesla_stock_etl.py took 0.559 seconds
[2025-05-03T19:58:23.302+0000] {processor.py:186} INFO - Started process (PID=1086) to work on /opt/airflow/dags/tesla_stock_etl.py
[2025-05-03T19:58:23.303+0000] {processor.py:914} INFO - Processing file /opt/airflow/dags/tesla_stock_etl.py for tasks to queue
[2025-05-03T19:58:23.305+0000] {logging_mixin.py:190} INFO - [2025-05-03T19:58:23.305+0000] {dagbag.py:587} INFO - Filling up the DagBag from /opt/airflow/dags/tesla_stock_etl.py
[2025-05-03T19:58:23.779+0000] {processor.py:925} INFO - DAG(s) 'tesla_stock_sentiment_final_etl' retrieved from /opt/airflow/dags/tesla_stock_etl.py
[2025-05-03T19:58:23.801+0000] {logging_mixin.py:190} INFO - [2025-05-03T19:58:23.801+0000] {dag.py:3229} INFO - Sync 1 DAGs
[2025-05-03T19:58:23.821+0000] {logging_mixin.py:190} INFO - [2025-05-03T19:58:23.821+0000] {dag.py:4156} INFO - Setting next_dagrun for tesla_stock_sentiment_final_etl to 2025-05-03 02:30:00+00:00, run_after=2025-05-04 02:30:00+00:00
[2025-05-03T19:58:23.840+0000] {processor.py:208} INFO - Processing /opt/airflow/dags/tesla_stock_etl.py took 0.544 seconds
[2025-05-03T19:58:54.789+0000] {processor.py:186} INFO - Started process (PID=1102) to work on /opt/airflow/dags/tesla_stock_etl.py
[2025-05-03T19:58:54.790+0000] {processor.py:914} INFO - Processing file /opt/airflow/dags/tesla_stock_etl.py for tasks to queue
[2025-05-03T19:58:54.793+0000] {logging_mixin.py:190} INFO - [2025-05-03T19:58:54.793+0000] {dagbag.py:587} INFO - Filling up the DagBag from /opt/airflow/dags/tesla_stock_etl.py
[2025-05-03T19:58:55.180+0000] {processor.py:925} INFO - DAG(s) 'tesla_stock_sentiment_final_etl' retrieved from /opt/airflow/dags/tesla_stock_etl.py
[2025-05-03T19:58:55.206+0000] {logging_mixin.py:190} INFO - [2025-05-03T19:58:55.206+0000] {dag.py:3229} INFO - Sync 1 DAGs
[2025-05-03T19:58:55.401+0000] {logging_mixin.py:190} INFO - [2025-05-03T19:58:55.401+0000] {dag.py:4156} INFO - Setting next_dagrun for tesla_stock_sentiment_final_etl to 2025-05-03 02:30:00+00:00, run_after=2025-05-04 02:30:00+00:00
[2025-05-03T19:58:55.421+0000] {processor.py:208} INFO - Processing /opt/airflow/dags/tesla_stock_etl.py took 0.637 seconds
[2025-05-03T19:59:26.330+0000] {processor.py:186} INFO - Started process (PID=1118) to work on /opt/airflow/dags/tesla_stock_etl.py
[2025-05-03T19:59:26.331+0000] {processor.py:914} INFO - Processing file /opt/airflow/dags/tesla_stock_etl.py for tasks to queue
[2025-05-03T19:59:26.334+0000] {logging_mixin.py:190} INFO - [2025-05-03T19:59:26.333+0000] {dagbag.py:587} INFO - Filling up the DagBag from /opt/airflow/dags/tesla_stock_etl.py
[2025-05-03T19:59:26.842+0000] {processor.py:925} INFO - DAG(s) 'tesla_stock_sentiment_final_etl' retrieved from /opt/airflow/dags/tesla_stock_etl.py
[2025-05-03T19:59:26.866+0000] {logging_mixin.py:190} INFO - [2025-05-03T19:59:26.866+0000] {dag.py:3229} INFO - Sync 1 DAGs
[2025-05-03T19:59:26.887+0000] {logging_mixin.py:190} INFO - [2025-05-03T19:59:26.887+0000] {dag.py:4156} INFO - Setting next_dagrun for tesla_stock_sentiment_final_etl to 2025-05-03 02:30:00+00:00, run_after=2025-05-04 02:30:00+00:00
[2025-05-03T19:59:26.910+0000] {processor.py:208} INFO - Processing /opt/airflow/dags/tesla_stock_etl.py took 0.585 seconds
[2025-05-03T19:59:57.858+0000] {processor.py:186} INFO - Started process (PID=1133) to work on /opt/airflow/dags/tesla_stock_etl.py
[2025-05-03T19:59:57.859+0000] {processor.py:914} INFO - Processing file /opt/airflow/dags/tesla_stock_etl.py for tasks to queue
[2025-05-03T19:59:57.861+0000] {logging_mixin.py:190} INFO - [2025-05-03T19:59:57.861+0000] {dagbag.py:587} INFO - Filling up the DagBag from /opt/airflow/dags/tesla_stock_etl.py
[2025-05-03T19:59:58.325+0000] {processor.py:925} INFO - DAG(s) 'tesla_stock_sentiment_final_etl' retrieved from /opt/airflow/dags/tesla_stock_etl.py
[2025-05-03T19:59:58.347+0000] {logging_mixin.py:190} INFO - [2025-05-03T19:59:58.347+0000] {dag.py:3229} INFO - Sync 1 DAGs
[2025-05-03T19:59:58.365+0000] {logging_mixin.py:190} INFO - [2025-05-03T19:59:58.365+0000] {dag.py:4156} INFO - Setting next_dagrun for tesla_stock_sentiment_final_etl to 2025-05-03 02:30:00+00:00, run_after=2025-05-04 02:30:00+00:00
[2025-05-03T19:59:58.386+0000] {processor.py:208} INFO - Processing /opt/airflow/dags/tesla_stock_etl.py took 0.534 seconds
[2025-05-03T20:00:28.517+0000] {processor.py:186} INFO - Started process (PID=1149) to work on /opt/airflow/dags/tesla_stock_etl.py
[2025-05-03T20:00:28.518+0000] {processor.py:914} INFO - Processing file /opt/airflow/dags/tesla_stock_etl.py for tasks to queue
[2025-05-03T20:00:28.521+0000] {logging_mixin.py:190} INFO - [2025-05-03T20:00:28.520+0000] {dagbag.py:587} INFO - Filling up the DagBag from /opt/airflow/dags/tesla_stock_etl.py
[2025-05-03T20:00:29.056+0000] {processor.py:925} INFO - DAG(s) 'tesla_stock_sentiment_final_etl' retrieved from /opt/airflow/dags/tesla_stock_etl.py
[2025-05-03T20:00:29.079+0000] {logging_mixin.py:190} INFO - [2025-05-03T20:00:29.078+0000] {dag.py:3229} INFO - Sync 1 DAGs
[2025-05-03T20:00:29.098+0000] {logging_mixin.py:190} INFO - [2025-05-03T20:00:29.098+0000] {dag.py:4156} INFO - Setting next_dagrun for tesla_stock_sentiment_final_etl to 2025-05-03 02:30:00+00:00, run_after=2025-05-04 02:30:00+00:00
[2025-05-03T20:00:29.117+0000] {processor.py:208} INFO - Processing /opt/airflow/dags/tesla_stock_etl.py took 0.606 seconds
[2025-05-03T20:00:59.575+0000] {processor.py:186} INFO - Started process (PID=1165) to work on /opt/airflow/dags/tesla_stock_etl.py
[2025-05-03T20:00:59.576+0000] {processor.py:914} INFO - Processing file /opt/airflow/dags/tesla_stock_etl.py for tasks to queue
[2025-05-03T20:00:59.578+0000] {logging_mixin.py:190} INFO - [2025-05-03T20:00:59.578+0000] {dagbag.py:587} INFO - Filling up the DagBag from /opt/airflow/dags/tesla_stock_etl.py
[2025-05-03T20:00:59.911+0000] {processor.py:925} INFO - DAG(s) 'tesla_stock_sentiment_final_etl' retrieved from /opt/airflow/dags/tesla_stock_etl.py
[2025-05-03T20:00:59.934+0000] {logging_mixin.py:190} INFO - [2025-05-03T20:00:59.934+0000] {dag.py:3229} INFO - Sync 1 DAGs
[2025-05-03T20:01:00.097+0000] {logging_mixin.py:190} INFO - [2025-05-03T20:01:00.096+0000] {dag.py:4156} INFO - Setting next_dagrun for tesla_stock_sentiment_final_etl to 2025-05-03 02:30:00+00:00, run_after=2025-05-04 02:30:00+00:00
[2025-05-03T20:01:00.116+0000] {processor.py:208} INFO - Processing /opt/airflow/dags/tesla_stock_etl.py took 0.547 seconds
[2025-05-03T20:01:30.636+0000] {processor.py:186} INFO - Started process (PID=1181) to work on /opt/airflow/dags/tesla_stock_etl.py
[2025-05-03T20:01:30.642+0000] {processor.py:914} INFO - Processing file /opt/airflow/dags/tesla_stock_etl.py for tasks to queue
[2025-05-03T20:01:30.656+0000] {logging_mixin.py:190} INFO - [2025-05-03T20:01:30.655+0000] {dagbag.py:587} INFO - Filling up the DagBag from /opt/airflow/dags/tesla_stock_etl.py
[2025-05-03T20:01:32.505+0000] {processor.py:925} INFO - DAG(s) 'tesla_stock_sentiment_final_etl' retrieved from /opt/airflow/dags/tesla_stock_etl.py
[2025-05-03T20:01:32.525+0000] {logging_mixin.py:190} INFO - [2025-05-03T20:01:32.524+0000] {dag.py:3229} INFO - Sync 1 DAGs
[2025-05-03T20:01:32.552+0000] {logging_mixin.py:190} INFO - [2025-05-03T20:01:32.551+0000] {dag.py:4156} INFO - Setting next_dagrun for tesla_stock_sentiment_final_etl to 2025-05-03 02:30:00+00:00, run_after=2025-05-04 02:30:00+00:00
[2025-05-03T20:01:32.580+0000] {processor.py:208} INFO - Processing /opt/airflow/dags/tesla_stock_etl.py took 1.962 seconds
[2025-05-03T20:02:03.101+0000] {processor.py:186} INFO - Started process (PID=1197) to work on /opt/airflow/dags/tesla_stock_etl.py
[2025-05-03T20:02:03.103+0000] {processor.py:914} INFO - Processing file /opt/airflow/dags/tesla_stock_etl.py for tasks to queue
[2025-05-03T20:02:03.108+0000] {logging_mixin.py:190} INFO - [2025-05-03T20:02:03.108+0000] {dagbag.py:587} INFO - Filling up the DagBag from /opt/airflow/dags/tesla_stock_etl.py
[2025-05-03T20:02:03.764+0000] {processor.py:925} INFO - DAG(s) 'tesla_stock_sentiment_final_etl' retrieved from /opt/airflow/dags/tesla_stock_etl.py
[2025-05-03T20:02:03.791+0000] {logging_mixin.py:190} INFO - [2025-05-03T20:02:03.790+0000] {dag.py:3229} INFO - Sync 1 DAGs
[2025-05-03T20:02:03.815+0000] {logging_mixin.py:190} INFO - [2025-05-03T20:02:03.815+0000] {dag.py:4156} INFO - Setting next_dagrun for tesla_stock_sentiment_final_etl to 2025-05-03 02:30:00+00:00, run_after=2025-05-04 02:30:00+00:00
[2025-05-03T20:02:03.837+0000] {processor.py:208} INFO - Processing /opt/airflow/dags/tesla_stock_etl.py took 0.749 seconds
[2025-05-03T20:02:34.354+0000] {processor.py:186} INFO - Started process (PID=1214) to work on /opt/airflow/dags/tesla_stock_etl.py
[2025-05-03T20:02:34.356+0000] {processor.py:914} INFO - Processing file /opt/airflow/dags/tesla_stock_etl.py for tasks to queue
[2025-05-03T20:02:34.358+0000] {logging_mixin.py:190} INFO - [2025-05-03T20:02:34.358+0000] {dagbag.py:587} INFO - Filling up the DagBag from /opt/airflow/dags/tesla_stock_etl.py
[2025-05-03T20:02:34.846+0000] {processor.py:925} INFO - DAG(s) 'tesla_stock_sentiment_final_etl' retrieved from /opt/airflow/dags/tesla_stock_etl.py
[2025-05-03T20:02:34.867+0000] {logging_mixin.py:190} INFO - [2025-05-03T20:02:34.867+0000] {dag.py:3229} INFO - Sync 1 DAGs
[2025-05-03T20:02:34.886+0000] {logging_mixin.py:190} INFO - [2025-05-03T20:02:34.886+0000] {dag.py:4156} INFO - Setting next_dagrun for tesla_stock_sentiment_final_etl to 2025-05-03 02:30:00+00:00, run_after=2025-05-04 02:30:00+00:00
[2025-05-03T20:02:34.907+0000] {processor.py:208} INFO - Processing /opt/airflow/dags/tesla_stock_etl.py took 0.558 seconds
[2025-05-03T20:03:05.824+0000] {processor.py:186} INFO - Started process (PID=1230) to work on /opt/airflow/dags/tesla_stock_etl.py
[2025-05-03T20:03:05.825+0000] {processor.py:914} INFO - Processing file /opt/airflow/dags/tesla_stock_etl.py for tasks to queue
[2025-05-03T20:03:05.828+0000] {logging_mixin.py:190} INFO - [2025-05-03T20:03:05.827+0000] {dagbag.py:587} INFO - Filling up the DagBag from /opt/airflow/dags/tesla_stock_etl.py
[2025-05-03T20:03:06.446+0000] {processor.py:925} INFO - DAG(s) 'tesla_stock_sentiment_final_etl' retrieved from /opt/airflow/dags/tesla_stock_etl.py
[2025-05-03T20:03:06.474+0000] {logging_mixin.py:190} INFO - [2025-05-03T20:03:06.473+0000] {dag.py:3229} INFO - Sync 1 DAGs
[2025-05-03T20:03:06.500+0000] {logging_mixin.py:190} INFO - [2025-05-03T20:03:06.500+0000] {dag.py:4156} INFO - Setting next_dagrun for tesla_stock_sentiment_final_etl to 2025-05-03 02:30:00+00:00, run_after=2025-05-04 02:30:00+00:00
[2025-05-03T20:03:06.525+0000] {processor.py:208} INFO - Processing /opt/airflow/dags/tesla_stock_etl.py took 0.708 seconds
[2025-05-03T20:03:37.327+0000] {processor.py:186} INFO - Started process (PID=1246) to work on /opt/airflow/dags/tesla_stock_etl.py
[2025-05-03T20:03:37.329+0000] {processor.py:914} INFO - Processing file /opt/airflow/dags/tesla_stock_etl.py for tasks to queue
[2025-05-03T20:03:37.332+0000] {logging_mixin.py:190} INFO - [2025-05-03T20:03:37.331+0000] {dagbag.py:587} INFO - Filling up the DagBag from /opt/airflow/dags/tesla_stock_etl.py
[2025-05-03T20:03:37.893+0000] {processor.py:925} INFO - DAG(s) 'tesla_stock_sentiment_final_etl' retrieved from /opt/airflow/dags/tesla_stock_etl.py
[2025-05-03T20:03:37.916+0000] {logging_mixin.py:190} INFO - [2025-05-03T20:03:37.916+0000] {dag.py:3229} INFO - Sync 1 DAGs
[2025-05-03T20:03:37.937+0000] {logging_mixin.py:190} INFO - [2025-05-03T20:03:37.936+0000] {dag.py:4156} INFO - Setting next_dagrun for tesla_stock_sentiment_final_etl to 2025-05-03 02:30:00+00:00, run_after=2025-05-04 02:30:00+00:00
[2025-05-03T20:03:37.958+0000] {processor.py:208} INFO - Processing /opt/airflow/dags/tesla_stock_etl.py took 0.638 seconds
[2025-05-03T20:04:08.850+0000] {processor.py:186} INFO - Started process (PID=1262) to work on /opt/airflow/dags/tesla_stock_etl.py
[2025-05-03T20:04:08.851+0000] {processor.py:914} INFO - Processing file /opt/airflow/dags/tesla_stock_etl.py for tasks to queue
[2025-05-03T20:04:08.853+0000] {logging_mixin.py:190} INFO - [2025-05-03T20:04:08.853+0000] {dagbag.py:587} INFO - Filling up the DagBag from /opt/airflow/dags/tesla_stock_etl.py
[2025-05-03T20:04:09.406+0000] {processor.py:925} INFO - DAG(s) 'tesla_stock_sentiment_final_etl' retrieved from /opt/airflow/dags/tesla_stock_etl.py
[2025-05-03T20:04:09.427+0000] {logging_mixin.py:190} INFO - [2025-05-03T20:04:09.427+0000] {dag.py:3229} INFO - Sync 1 DAGs
[2025-05-03T20:04:09.448+0000] {logging_mixin.py:190} INFO - [2025-05-03T20:04:09.447+0000] {dag.py:4156} INFO - Setting next_dagrun for tesla_stock_sentiment_final_etl to 2025-05-03 02:30:00+00:00, run_after=2025-05-04 02:30:00+00:00
[2025-05-03T20:04:09.469+0000] {processor.py:208} INFO - Processing /opt/airflow/dags/tesla_stock_etl.py took 0.625 seconds
[2025-05-03T20:04:40.395+0000] {processor.py:186} INFO - Started process (PID=1283) to work on /opt/airflow/dags/tesla_stock_etl.py
[2025-05-03T20:04:40.397+0000] {processor.py:914} INFO - Processing file /opt/airflow/dags/tesla_stock_etl.py for tasks to queue
[2025-05-03T20:04:40.400+0000] {logging_mixin.py:190} INFO - [2025-05-03T20:04:40.400+0000] {dagbag.py:587} INFO - Filling up the DagBag from /opt/airflow/dags/tesla_stock_etl.py
[2025-05-03T20:04:40.922+0000] {processor.py:925} INFO - DAG(s) 'tesla_stock_sentiment_final_etl' retrieved from /opt/airflow/dags/tesla_stock_etl.py
[2025-05-03T20:04:40.946+0000] {logging_mixin.py:190} INFO - [2025-05-03T20:04:40.946+0000] {dag.py:3229} INFO - Sync 1 DAGs
[2025-05-03T20:04:40.968+0000] {logging_mixin.py:190} INFO - [2025-05-03T20:04:40.968+0000] {dag.py:4156} INFO - Setting next_dagrun for tesla_stock_sentiment_final_etl to 2025-05-03 02:30:00+00:00, run_after=2025-05-04 02:30:00+00:00
[2025-05-03T20:04:40.988+0000] {processor.py:208} INFO - Processing /opt/airflow/dags/tesla_stock_etl.py took 0.602 seconds
[2025-05-03T20:05:11.923+0000] {processor.py:186} INFO - Started process (PID=1299) to work on /opt/airflow/dags/tesla_stock_etl.py
[2025-05-03T20:05:11.924+0000] {processor.py:914} INFO - Processing file /opt/airflow/dags/tesla_stock_etl.py for tasks to queue
[2025-05-03T20:05:11.927+0000] {logging_mixin.py:190} INFO - [2025-05-03T20:05:11.926+0000] {dagbag.py:587} INFO - Filling up the DagBag from /opt/airflow/dags/tesla_stock_etl.py
[2025-05-03T20:05:12.433+0000] {processor.py:925} INFO - DAG(s) 'tesla_stock_sentiment_final_etl' retrieved from /opt/airflow/dags/tesla_stock_etl.py
[2025-05-03T20:05:12.456+0000] {logging_mixin.py:190} INFO - [2025-05-03T20:05:12.456+0000] {dag.py:3229} INFO - Sync 1 DAGs
[2025-05-03T20:05:12.476+0000] {logging_mixin.py:190} INFO - [2025-05-03T20:05:12.476+0000] {dag.py:4156} INFO - Setting next_dagrun for tesla_stock_sentiment_final_etl to 2025-05-03 02:30:00+00:00, run_after=2025-05-04 02:30:00+00:00
[2025-05-03T20:05:12.498+0000] {processor.py:208} INFO - Processing /opt/airflow/dags/tesla_stock_etl.py took 0.582 seconds
[2025-05-03T20:05:43.382+0000] {processor.py:186} INFO - Started process (PID=1315) to work on /opt/airflow/dags/tesla_stock_etl.py
[2025-05-03T20:05:43.383+0000] {processor.py:914} INFO - Processing file /opt/airflow/dags/tesla_stock_etl.py for tasks to queue
[2025-05-03T20:05:43.385+0000] {logging_mixin.py:190} INFO - [2025-05-03T20:05:43.385+0000] {dagbag.py:587} INFO - Filling up the DagBag from /opt/airflow/dags/tesla_stock_etl.py
[2025-05-03T20:05:43.864+0000] {processor.py:925} INFO - DAG(s) 'tesla_stock_sentiment_final_etl' retrieved from /opt/airflow/dags/tesla_stock_etl.py
[2025-05-03T20:05:43.885+0000] {logging_mixin.py:190} INFO - [2025-05-03T20:05:43.885+0000] {dag.py:3229} INFO - Sync 1 DAGs
[2025-05-03T20:05:43.903+0000] {logging_mixin.py:190} INFO - [2025-05-03T20:05:43.903+0000] {dag.py:4156} INFO - Setting next_dagrun for tesla_stock_sentiment_final_etl to 2025-05-03 02:30:00+00:00, run_after=2025-05-04 02:30:00+00:00
[2025-05-03T20:05:43.923+0000] {processor.py:208} INFO - Processing /opt/airflow/dags/tesla_stock_etl.py took 0.546 seconds
[2025-05-03T20:06:14.078+0000] {processor.py:186} INFO - Started process (PID=1331) to work on /opt/airflow/dags/tesla_stock_etl.py
[2025-05-03T20:06:14.079+0000] {processor.py:914} INFO - Processing file /opt/airflow/dags/tesla_stock_etl.py for tasks to queue
[2025-05-03T20:06:14.081+0000] {logging_mixin.py:190} INFO - [2025-05-03T20:06:14.081+0000] {dagbag.py:587} INFO - Filling up the DagBag from /opt/airflow/dags/tesla_stock_etl.py
[2025-05-03T20:06:14.590+0000] {processor.py:925} INFO - DAG(s) 'tesla_stock_sentiment_final_etl' retrieved from /opt/airflow/dags/tesla_stock_etl.py
[2025-05-03T20:06:14.612+0000] {logging_mixin.py:190} INFO - [2025-05-03T20:06:14.612+0000] {dag.py:3229} INFO - Sync 1 DAGs
[2025-05-03T20:06:14.631+0000] {logging_mixin.py:190} INFO - [2025-05-03T20:06:14.630+0000] {dag.py:4156} INFO - Setting next_dagrun for tesla_stock_sentiment_final_etl to 2025-05-03 02:30:00+00:00, run_after=2025-05-04 02:30:00+00:00
[2025-05-03T20:06:14.651+0000] {processor.py:208} INFO - Processing /opt/airflow/dags/tesla_stock_etl.py took 0.579 seconds
[2025-05-03T20:06:45.504+0000] {processor.py:186} INFO - Started process (PID=1347) to work on /opt/airflow/dags/tesla_stock_etl.py
[2025-05-03T20:06:45.506+0000] {processor.py:914} INFO - Processing file /opt/airflow/dags/tesla_stock_etl.py for tasks to queue
[2025-05-03T20:06:45.508+0000] {logging_mixin.py:190} INFO - [2025-05-03T20:06:45.508+0000] {dagbag.py:587} INFO - Filling up the DagBag from /opt/airflow/dags/tesla_stock_etl.py
[2025-05-03T20:06:45.977+0000] {processor.py:925} INFO - DAG(s) 'tesla_stock_sentiment_final_etl' retrieved from /opt/airflow/dags/tesla_stock_etl.py
[2025-05-03T20:06:45.997+0000] {logging_mixin.py:190} INFO - [2025-05-03T20:06:45.997+0000] {dag.py:3229} INFO - Sync 1 DAGs
[2025-05-03T20:06:46.017+0000] {logging_mixin.py:190} INFO - [2025-05-03T20:06:46.017+0000] {dag.py:4156} INFO - Setting next_dagrun for tesla_stock_sentiment_final_etl to 2025-05-03 02:30:00+00:00, run_after=2025-05-04 02:30:00+00:00
[2025-05-03T20:06:46.036+0000] {processor.py:208} INFO - Processing /opt/airflow/dags/tesla_stock_etl.py took 0.539 seconds
[2025-05-03T20:07:16.161+0000] {processor.py:186} INFO - Started process (PID=1363) to work on /opt/airflow/dags/tesla_stock_etl.py
[2025-05-03T20:07:16.162+0000] {processor.py:914} INFO - Processing file /opt/airflow/dags/tesla_stock_etl.py for tasks to queue
[2025-05-03T20:07:16.164+0000] {logging_mixin.py:190} INFO - [2025-05-03T20:07:16.164+0000] {dagbag.py:587} INFO - Filling up the DagBag from /opt/airflow/dags/tesla_stock_etl.py
[2025-05-03T20:07:16.655+0000] {processor.py:925} INFO - DAG(s) 'tesla_stock_sentiment_final_etl' retrieved from /opt/airflow/dags/tesla_stock_etl.py
[2025-05-03T20:07:16.681+0000] {logging_mixin.py:190} INFO - [2025-05-03T20:07:16.680+0000] {dag.py:3229} INFO - Sync 1 DAGs
[2025-05-03T20:07:16.703+0000] {logging_mixin.py:190} INFO - [2025-05-03T20:07:16.702+0000] {dag.py:4156} INFO - Setting next_dagrun for tesla_stock_sentiment_final_etl to 2025-05-03 02:30:00+00:00, run_after=2025-05-04 02:30:00+00:00
[2025-05-03T20:07:16.727+0000] {processor.py:208} INFO - Processing /opt/airflow/dags/tesla_stock_etl.py took 0.572 seconds
[2025-05-03T20:07:47.637+0000] {processor.py:186} INFO - Started process (PID=1379) to work on /opt/airflow/dags/tesla_stock_etl.py
[2025-05-03T20:07:47.638+0000] {processor.py:914} INFO - Processing file /opt/airflow/dags/tesla_stock_etl.py for tasks to queue
[2025-05-03T20:07:47.641+0000] {logging_mixin.py:190} INFO - [2025-05-03T20:07:47.641+0000] {dagbag.py:587} INFO - Filling up the DagBag from /opt/airflow/dags/tesla_stock_etl.py
[2025-05-03T20:07:48.184+0000] {processor.py:925} INFO - DAG(s) 'tesla_stock_sentiment_final_etl' retrieved from /opt/airflow/dags/tesla_stock_etl.py
[2025-05-03T20:07:48.207+0000] {logging_mixin.py:190} INFO - [2025-05-03T20:07:48.207+0000] {dag.py:3229} INFO - Sync 1 DAGs
[2025-05-03T20:07:48.227+0000] {logging_mixin.py:190} INFO - [2025-05-03T20:07:48.227+0000] {dag.py:4156} INFO - Setting next_dagrun for tesla_stock_sentiment_final_etl to 2025-05-03 02:30:00+00:00, run_after=2025-05-04 02:30:00+00:00
[2025-05-03T20:07:48.250+0000] {processor.py:208} INFO - Processing /opt/airflow/dags/tesla_stock_etl.py took 0.619 seconds
[2025-05-03T20:08:19.128+0000] {processor.py:186} INFO - Started process (PID=1395) to work on /opt/airflow/dags/tesla_stock_etl.py
[2025-05-03T20:08:19.129+0000] {processor.py:914} INFO - Processing file /opt/airflow/dags/tesla_stock_etl.py for tasks to queue
[2025-05-03T20:08:19.139+0000] {logging_mixin.py:190} INFO - [2025-05-03T20:08:19.139+0000] {dagbag.py:587} INFO - Filling up the DagBag from /opt/airflow/dags/tesla_stock_etl.py
[2025-05-03T20:08:19.658+0000] {processor.py:925} INFO - DAG(s) 'tesla_stock_sentiment_final_etl' retrieved from /opt/airflow/dags/tesla_stock_etl.py
[2025-05-03T20:08:19.681+0000] {logging_mixin.py:190} INFO - [2025-05-03T20:08:19.681+0000] {dag.py:3229} INFO - Sync 1 DAGs
[2025-05-03T20:08:19.702+0000] {logging_mixin.py:190} INFO - [2025-05-03T20:08:19.701+0000] {dag.py:4156} INFO - Setting next_dagrun for tesla_stock_sentiment_final_etl to 2025-05-03 02:30:00+00:00, run_after=2025-05-04 02:30:00+00:00
[2025-05-03T20:08:19.723+0000] {processor.py:208} INFO - Processing /opt/airflow/dags/tesla_stock_etl.py took 0.601 seconds
[2025-05-03T20:08:50.609+0000] {processor.py:186} INFO - Started process (PID=1411) to work on /opt/airflow/dags/tesla_stock_etl.py
[2025-05-03T20:08:50.610+0000] {processor.py:914} INFO - Processing file /opt/airflow/dags/tesla_stock_etl.py for tasks to queue
[2025-05-03T20:08:50.612+0000] {logging_mixin.py:190} INFO - [2025-05-03T20:08:50.612+0000] {dagbag.py:587} INFO - Filling up the DagBag from /opt/airflow/dags/tesla_stock_etl.py
[2025-05-03T20:08:51.109+0000] {processor.py:925} INFO - DAG(s) 'tesla_stock_sentiment_final_etl' retrieved from /opt/airflow/dags/tesla_stock_etl.py
[2025-05-03T20:08:51.130+0000] {logging_mixin.py:190} INFO - [2025-05-03T20:08:51.129+0000] {dag.py:3229} INFO - Sync 1 DAGs
[2025-05-03T20:08:51.149+0000] {logging_mixin.py:190} INFO - [2025-05-03T20:08:51.149+0000] {dag.py:4156} INFO - Setting next_dagrun for tesla_stock_sentiment_final_etl to 2025-05-03 02:30:00+00:00, run_after=2025-05-04 02:30:00+00:00
[2025-05-03T20:08:51.170+0000] {processor.py:208} INFO - Processing /opt/airflow/dags/tesla_stock_etl.py took 0.568 seconds
[2025-05-03T23:59:15.228+0000] {processor.py:186} INFO - Started process (PID=596) to work on /opt/airflow/dags/tesla_stock_etl.py
[2025-05-03T23:59:15.241+0000] {processor.py:914} INFO - Processing file /opt/airflow/dags/tesla_stock_etl.py for tasks to queue
[2025-05-03T23:59:15.279+0000] {logging_mixin.py:190} INFO - [2025-05-03T23:59:15.276+0000] {dagbag.py:587} INFO - Filling up the DagBag from /opt/airflow/dags/tesla_stock_etl.py
[2025-05-03T23:59:17.890+0000] {processor.py:925} INFO - DAG(s) 'tesla_stock_sentiment_final_etl' retrieved from /opt/airflow/dags/tesla_stock_etl.py
[2025-05-03T23:59:19.579+0000] {logging_mixin.py:190} INFO - [2025-05-03T23:59:19.578+0000] {dag.py:3229} INFO - Sync 1 DAGs
[2025-05-03T23:59:19.628+0000] {logging_mixin.py:190} INFO - [2025-05-03T23:59:19.627+0000] {dag.py:4156} INFO - Setting next_dagrun for tesla_stock_sentiment_final_etl to 2025-05-03 02:30:00+00:00, run_after=2025-05-04 02:30:00+00:00
[2025-05-03T23:59:19.675+0000] {processor.py:208} INFO - Processing /opt/airflow/dags/tesla_stock_etl.py took 4.551 seconds
[2025-05-03T23:59:50.141+0000] {processor.py:186} INFO - Started process (PID=638) to work on /opt/airflow/dags/tesla_stock_etl.py
[2025-05-03T23:59:50.142+0000] {processor.py:914} INFO - Processing file /opt/airflow/dags/tesla_stock_etl.py for tasks to queue
[2025-05-03T23:59:50.145+0000] {logging_mixin.py:190} INFO - [2025-05-03T23:59:50.144+0000] {dagbag.py:587} INFO - Filling up the DagBag from /opt/airflow/dags/tesla_stock_etl.py
[2025-05-03T23:59:51.705+0000] {processor.py:925} INFO - DAG(s) 'tesla_stock_sentiment_final_etl' retrieved from /opt/airflow/dags/tesla_stock_etl.py
[2025-05-03T23:59:51.818+0000] {logging_mixin.py:190} INFO - [2025-05-03T23:59:51.817+0000] {dag.py:3229} INFO - Sync 1 DAGs
[2025-05-03T23:59:51.916+0000] {logging_mixin.py:190} INFO - [2025-05-03T23:59:51.916+0000] {dag.py:4156} INFO - Setting next_dagrun for tesla_stock_sentiment_final_etl to 2025-05-03 02:30:00+00:00, run_after=2025-05-04 02:30:00+00:00
[2025-05-03T23:59:51.990+0000] {processor.py:208} INFO - Processing /opt/airflow/dags/tesla_stock_etl.py took 1.855 seconds
