[2025-05-07T02:06:17.292+0000] {local_task_job_runner.py:123} INFO - ::group::Pre task execution logs
[2025-05-07T02:06:17.340+0000] {taskinstance.py:2612} INFO - Dependencies all met for dep_context=non-requeueable deps ti=<TaskInstance: BuildELT_dbt.dbt_run manual__2025-05-07T02:06:13.955079+00:00 [queued]>
[2025-05-07T02:06:17.363+0000] {taskinstance.py:2612} INFO - Dependencies all met for dep_context=requeueable deps ti=<TaskInstance: BuildELT_dbt.dbt_run manual__2025-05-07T02:06:13.955079+00:00 [queued]>
[2025-05-07T02:06:17.364+0000] {taskinstance.py:2865} INFO - Starting attempt 1 of 1
[2025-05-07T02:06:17.405+0000] {taskinstance.py:2888} INFO - Executing <Task(BashOperator): dbt_run> on 2025-05-07 02:06:13.955079+00:00
[2025-05-07T02:06:17.415+0000] {standard_task_runner.py:72} INFO - Started process 3701 to run task
[2025-05-07T02:06:17.419+0000] {standard_task_runner.py:104} INFO - Running: ['***', 'tasks', 'run', 'BuildELT_dbt', 'dbt_run', 'manual__2025-05-07T02:06:13.955079+00:00', '--job-id', '50', '--raw', '--subdir', 'DAGS_FOLDER/build_elt_with_dbt.py', '--cfg-path', '/tmp/tmpw96nfv55']
[2025-05-07T02:06:17.425+0000] {standard_task_runner.py:105} INFO - Job 50: Subtask dbt_run
[2025-05-07T02:06:17.500+0000] {task_command.py:467} INFO - Running <TaskInstance: BuildELT_dbt.dbt_run manual__2025-05-07T02:06:13.955079+00:00 [running]> on host 55fd2231a72d
[2025-05-07T02:06:17.705+0000] {taskinstance.py:3131} INFO - Exporting env vars: AIRFLOW_CTX_DAG_OWNER='***' AIRFLOW_CTX_DAG_ID='BuildELT_dbt' AIRFLOW_CTX_TASK_ID='dbt_run' AIRFLOW_CTX_EXECUTION_DATE='2025-05-07T02:06:13.955079+00:00' AIRFLOW_CTX_TRY_NUMBER='1' AIRFLOW_CTX_DAG_RUN_ID='manual__2025-05-07T02:06:13.955079+00:00'
[2025-05-07T02:06:17.711+0000] {taskinstance.py:731} INFO - ::endgroup::
[2025-05-07T02:06:17.807+0000] {subprocess.py:63} INFO - Tmp dir root location: /tmp
[2025-05-07T02:06:17.823+0000] {subprocess.py:75} INFO - Running command: ['/usr/bin/bash', '-c', '/home/***/.local/bin/dbt run --profiles-dir /opt/***/tesla_project --project-dir /opt/***/tesla_project']
[2025-05-07T02:06:17.857+0000] {subprocess.py:86} INFO - Output:
[2025-05-07T02:06:22.466+0000] {subprocess.py:93} INFO - [0m02:06:22  Running with dbt=1.8.7
[2025-05-07T02:06:26.405+0000] {subprocess.py:93} INFO - [0m02:06:26  Registered adapter: snowflake=1.8.1
[2025-05-07T02:06:27.819+0000] {subprocess.py:93} INFO - [0m02:06:27  [[33mWARNING[0m]: Configuration paths exist in your dbt_project.yml file which do not apply to any resources.
[2025-05-07T02:06:27.821+0000] {subprocess.py:93} INFO - There are 1 unused configuration paths:
[2025-05-07T02:06:27.822+0000] {subprocess.py:93} INFO - - models.tesla_project.example
[2025-05-07T02:06:28.119+0000] {subprocess.py:93} INFO - [0m02:06:28  Found 3 models, 1 snapshot, 1 seed, 1 source, 459 macros
[2025-05-07T02:06:28.126+0000] {subprocess.py:93} INFO - [0m02:06:28
[2025-05-07T02:06:34.969+0000] {subprocess.py:93} INFO - [0m02:06:34  Concurrency: 1 threads (target='dev')
[2025-05-07T02:06:34.970+0000] {subprocess.py:93} INFO - [0m02:06:34
[2025-05-07T02:06:34.984+0000] {subprocess.py:93} INFO - [0m02:06:34  1 of 3 START sql table model analytics.input ................................... [RUN]
[2025-05-07T02:06:36.918+0000] {subprocess.py:93} INFO - [0m02:06:36  1 of 3 OK created sql table model analytics.input .............................. [[32mSUCCESS 1[0m in 1.93s]
[2025-05-07T02:06:36.923+0000] {subprocess.py:93} INFO - [0m02:06:36  2 of 3 START sql table model analytics.sentiment_features_final ................ [RUN]
[2025-05-07T02:06:39.076+0000] {subprocess.py:93} INFO - [0m02:06:39  2 of 3 OK created sql table model analytics.sentiment_features_final ........... [[32mSUCCESS 1[0m in 2.15s]
[2025-05-07T02:06:39.090+0000] {subprocess.py:93} INFO - [0m02:06:39  3 of 3 START sql table model analytics.output .................................. [RUN]
[2025-05-07T02:06:41.226+0000] {subprocess.py:93} INFO - [0m02:06:41  3 of 3 OK created sql table model analytics.output ............................. [[32mSUCCESS 1[0m in 2.13s]
[2025-05-07T02:06:41.241+0000] {subprocess.py:93} INFO - [0m02:06:41
[2025-05-07T02:06:41.245+0000] {subprocess.py:93} INFO - [0m02:06:41  Finished running 3 table models in 0 hours 0 minutes and 13.11 seconds (13.11s).
[2025-05-07T02:06:41.389+0000] {subprocess.py:93} INFO - [0m02:06:41
[2025-05-07T02:06:41.392+0000] {subprocess.py:93} INFO - [0m02:06:41  [32mCompleted successfully[0m
[2025-05-07T02:06:41.394+0000] {subprocess.py:93} INFO - [0m02:06:41
[2025-05-07T02:06:41.396+0000] {subprocess.py:93} INFO - [0m02:06:41  Done. PASS=3 WARN=0 ERROR=0 SKIP=0 TOTAL=3
[2025-05-07T02:06:42.792+0000] {subprocess.py:97} INFO - Command exited with return code 0
[2025-05-07T02:06:42.913+0000] {taskinstance.py:340} INFO - ::group::Post task execution logs
[2025-05-07T02:06:42.916+0000] {taskinstance.py:352} INFO - Marking task as SUCCESS. dag_id=BuildELT_dbt, task_id=dbt_run, run_id=manual__2025-05-07T02:06:13.955079+00:00, execution_date=20250507T020613, start_date=20250507T020617, end_date=20250507T020642
[2025-05-07T02:06:42.994+0000] {local_task_job_runner.py:266} INFO - Task exited with return code 0
[2025-05-07T02:06:43.060+0000] {taskinstance.py:3900} INFO - 1 downstream tasks scheduled from follow-on schedule check
[2025-05-07T02:06:43.064+0000] {local_task_job_runner.py:245} INFO - ::endgroup::
