[2025-05-06T00:52:23.356+0000] {local_task_job_runner.py:123} INFO - ::group::Pre task execution logs
[2025-05-06T00:52:23.373+0000] {taskinstance.py:2612} INFO - Dependencies all met for dep_context=non-requeueable deps ti=<TaskInstance: tesla_stock_sentiment_final_etl.load_stock_data_to_snowflake manual__2025-05-06T00:52:18.886341+00:00 [queued]>
[2025-05-06T00:52:23.383+0000] {taskinstance.py:2612} INFO - Dependencies all met for dep_context=requeueable deps ti=<TaskInstance: tesla_stock_sentiment_final_etl.load_stock_data_to_snowflake manual__2025-05-06T00:52:18.886341+00:00 [queued]>
[2025-05-06T00:52:23.384+0000] {taskinstance.py:2865} INFO - Starting attempt 1 of 1
[2025-05-06T00:52:23.399+0000] {taskinstance.py:2888} INFO - Executing <Task(_PythonDecoratedOperator): load_stock_data_to_snowflake> on 2025-05-06 00:52:18.886341+00:00
[2025-05-06T00:52:23.406+0000] {standard_task_runner.py:72} INFO - Started process 899 to run task
[2025-05-06T00:52:23.410+0000] {standard_task_runner.py:104} INFO - Running: ['***', 'tasks', 'run', 'tesla_stock_sentiment_final_etl', 'load_stock_data_to_snowflake', 'manual__2025-05-06T00:52:18.886341+00:00', '--job-id', '7', '--raw', '--subdir', 'DAGS_FOLDER/tesla_stock_etl.py', '--cfg-path', '/tmp/tmpwt62pmws']
[2025-05-06T00:52:23.414+0000] {standard_task_runner.py:105} INFO - Job 7: Subtask load_stock_data_to_snowflake
[2025-05-06T00:52:23.467+0000] {task_command.py:467} INFO - Running <TaskInstance: tesla_stock_sentiment_final_etl.load_stock_data_to_snowflake manual__2025-05-06T00:52:18.886341+00:00 [running]> on host ccc68f7ecbda
[2025-05-06T00:52:23.549+0000] {taskinstance.py:3131} INFO - Exporting env vars: AIRFLOW_CTX_DAG_OWNER='***' AIRFLOW_CTX_DAG_ID='tesla_stock_sentiment_final_etl' AIRFLOW_CTX_TASK_ID='load_stock_data_to_snowflake' AIRFLOW_CTX_EXECUTION_DATE='2025-05-06T00:52:18.886341+00:00' AIRFLOW_CTX_TRY_NUMBER='1' AIRFLOW_CTX_DAG_RUN_ID='manual__2025-05-06T00:52:18.886341+00:00'
[2025-05-06T00:52:23.551+0000] {taskinstance.py:731} INFO - ::endgroup::
[2025-05-06T00:52:23.568+0000] {base.py:84} INFO - Retrieving connection 'snowflake_conn'
[2025-05-06T00:52:23.571+0000] {connection.py:413} INFO - Snowflake Connector for Python Version: 3.12.1, Python Version: 3.9.19, Platform: Linux-5.15.167.4-microsoft-standard-WSL2-x86_64-with-glibc2.36
[2025-05-06T00:52:23.573+0000] {connection.py:1196} INFO - Connecting to GLOBAL Snowflake domain
[2025-05-06T00:52:23.575+0000] {connection.py:1277} INFO - This connection is in OCSP Fail Open Mode. TLS Certificates would be checked for validity and revocation status. Any other Certificate Revocation related exceptions or OCSP Responder failures would be disregarded in favor of connectivity.
[2025-05-06T00:52:28.869+0000] {cursor.py:1156} INFO - Number of results in first chunk: 1
[2025-05-06T00:52:29.283+0000] {cursor.py:1156} INFO - Number of results in first chunk: 1
[2025-05-06T00:57:54.442+0000] {cursor.py:1156} INFO - Number of results in first chunk: 1
[2025-05-06T00:57:54.454+0000] {logging_mixin.py:190} INFO - Stock data (via Ticker.history) loaded into dev.raw.tesla_stock_data.
[2025-05-06T00:57:54.463+0000] {python.py:240} INFO - Done. Returned value was: None
[2025-05-06T00:57:54.538+0000] {taskinstance.py:340} INFO - ::group::Post task execution logs
[2025-05-06T00:57:54.542+0000] {taskinstance.py:352} INFO - Marking task as SUCCESS. dag_id=tesla_stock_sentiment_final_etl, task_id=load_stock_data_to_snowflake, run_id=manual__2025-05-06T00:52:18.886341+00:00, execution_date=20250506T005218, start_date=20250506T005223, end_date=20250506T005754
[2025-05-06T00:57:54.602+0000] {local_task_job_runner.py:266} INFO - Task exited with return code 0
[2025-05-06T00:57:54.662+0000] {taskinstance.py:3900} INFO - 0 downstream tasks scheduled from follow-on schedule check
[2025-05-06T00:57:54.666+0000] {local_task_job_runner.py:245} INFO - ::endgroup::
