[2025-05-07T02:37:05.189+0000] {local_task_job_runner.py:123} INFO - ::group::Pre task execution logs
[2025-05-07T02:37:05.213+0000] {taskinstance.py:2612} INFO - Dependencies all met for dep_context=non-requeueable deps ti=<TaskInstance: BuildELT_dbt.dbt_seed manual__2025-05-07T02:37:03.636571+00:00 [queued]>
[2025-05-07T02:37:05.229+0000] {taskinstance.py:2612} INFO - Dependencies all met for dep_context=requeueable deps ti=<TaskInstance: BuildELT_dbt.dbt_seed manual__2025-05-07T02:37:03.636571+00:00 [queued]>
[2025-05-07T02:37:05.231+0000] {taskinstance.py:2865} INFO - Starting attempt 1 of 1
[2025-05-07T02:37:05.252+0000] {taskinstance.py:2888} INFO - Executing <Task(BashOperator): dbt_seed> on 2025-05-07 02:37:03.636571+00:00
[2025-05-07T02:37:05.260+0000] {standard_task_runner.py:72} INFO - Started process 4859 to run task
[2025-05-07T02:37:05.266+0000] {standard_task_runner.py:104} INFO - Running: ['***', 'tasks', 'run', 'BuildELT_dbt', 'dbt_seed', 'manual__2025-05-07T02:37:03.636571+00:00', '--job-id', '60', '--raw', '--subdir', 'DAGS_FOLDER/build_elt_with_dbt.py', '--cfg-path', '/tmp/tmpd6vn7lnt']
[2025-05-07T02:37:05.270+0000] {standard_task_runner.py:105} INFO - Job 60: Subtask dbt_seed
[2025-05-07T02:37:05.324+0000] {task_command.py:467} INFO - Running <TaskInstance: BuildELT_dbt.dbt_seed manual__2025-05-07T02:37:03.636571+00:00 [running]> on host 55fd2231a72d
[2025-05-07T02:37:05.470+0000] {taskinstance.py:3131} INFO - Exporting env vars: AIRFLOW_CTX_DAG_OWNER='***' AIRFLOW_CTX_DAG_ID='BuildELT_dbt' AIRFLOW_CTX_TASK_ID='dbt_seed' AIRFLOW_CTX_EXECUTION_DATE='2025-05-07T02:37:03.636571+00:00' AIRFLOW_CTX_TRY_NUMBER='1' AIRFLOW_CTX_DAG_RUN_ID='manual__2025-05-07T02:37:03.636571+00:00'
[2025-05-07T02:37:05.472+0000] {taskinstance.py:731} INFO - ::endgroup::
[2025-05-07T02:37:05.508+0000] {subprocess.py:63} INFO - Tmp dir root location: /tmp
[2025-05-07T02:37:05.513+0000] {subprocess.py:75} INFO - Running command: ['/usr/bin/bash', '-c', '/home/***/.local/bin/dbt run --profiles-dir /opt/***/tesla_project --project-dir /opt/***/tesla_project']
[2025-05-07T02:37:05.531+0000] {subprocess.py:86} INFO - Output:
[2025-05-07T02:37:08.334+0000] {subprocess.py:93} INFO - [0m02:37:08  Running with dbt=1.8.7
[2025-05-07T02:37:10.003+0000] {subprocess.py:93} INFO - [0m02:37:10  Registered adapter: snowflake=1.8.1
[2025-05-07T02:37:11.385+0000] {subprocess.py:93} INFO - [0m02:37:11  [[33mWARNING[0m]: Configuration paths exist in your dbt_project.yml file which do not apply to any resources.
[2025-05-07T02:37:11.387+0000] {subprocess.py:93} INFO - There are 1 unused configuration paths:
[2025-05-07T02:37:11.388+0000] {subprocess.py:93} INFO - - models.tesla_project.example
[2025-05-07T02:37:11.637+0000] {subprocess.py:93} INFO - [0m02:37:11  Found 3 models, 1 snapshot, 1 seed, 1 source, 459 macros
[2025-05-07T02:37:11.641+0000] {subprocess.py:93} INFO - [0m02:37:11
[2025-05-07T02:37:13.976+0000] {subprocess.py:93} INFO - [0m02:37:13  Concurrency: 1 threads (target='dev')
[2025-05-07T02:37:13.978+0000] {subprocess.py:93} INFO - [0m02:37:13
[2025-05-07T02:37:13.992+0000] {subprocess.py:93} INFO - [0m02:37:13  1 of 3 START sql table model analytics.input ................................... [RUN]
[2025-05-07T02:37:15.482+0000] {subprocess.py:93} INFO - [0m02:37:15  1 of 3 OK created sql table model analytics.input .............................. [[32mSUCCESS 1[0m in 1.48s]
[2025-05-07T02:37:15.493+0000] {subprocess.py:93} INFO - [0m02:37:15  2 of 3 START sql table model analytics.sentiment_features_final ................ [RUN]
[2025-05-07T02:37:16.825+0000] {subprocess.py:93} INFO - [0m02:37:16  2 of 3 OK created sql table model analytics.sentiment_features_final ........... [[32mSUCCESS 1[0m in 1.33s]
[2025-05-07T02:37:16.830+0000] {subprocess.py:93} INFO - [0m02:37:16  3 of 3 START sql table model analytics.output .................................. [RUN]
[2025-05-07T02:37:18.225+0000] {subprocess.py:93} INFO - [0m02:37:18  3 of 3 OK created sql table model analytics.output ............................. [[32mSUCCESS 1[0m in 1.39s]
[2025-05-07T02:37:18.236+0000] {subprocess.py:93} INFO - [0m02:37:18
[2025-05-07T02:37:18.237+0000] {subprocess.py:93} INFO - [0m02:37:18  Finished running 3 table models in 0 hours 0 minutes and 6.59 seconds (6.59s).
[2025-05-07T02:37:18.366+0000] {subprocess.py:93} INFO - [0m02:37:18
[2025-05-07T02:37:18.368+0000] {subprocess.py:93} INFO - [0m02:37:18  [32mCompleted successfully[0m
[2025-05-07T02:37:18.370+0000] {subprocess.py:93} INFO - [0m02:37:18
[2025-05-07T02:37:18.372+0000] {subprocess.py:93} INFO - [0m02:37:18  Done. PASS=3 WARN=0 ERROR=0 SKIP=0 TOTAL=3
[2025-05-07T02:37:19.208+0000] {subprocess.py:97} INFO - Command exited with return code 0
[2025-05-07T02:37:19.245+0000] {taskinstance.py:340} INFO - ::group::Post task execution logs
[2025-05-07T02:37:19.247+0000] {taskinstance.py:352} INFO - Marking task as SUCCESS. dag_id=BuildELT_dbt, task_id=dbt_seed, run_id=manual__2025-05-07T02:37:03.636571+00:00, execution_date=20250507T023703, start_date=20250507T023705, end_date=20250507T023719
[2025-05-07T02:37:19.299+0000] {local_task_job_runner.py:266} INFO - Task exited with return code 0
[2025-05-07T02:37:19.321+0000] {taskinstance.py:3900} INFO - 0 downstream tasks scheduled from follow-on schedule check
[2025-05-07T02:37:19.325+0000] {local_task_job_runner.py:245} INFO - ::endgroup::
